Trial 31 finished with value: 0.004950911272317171 and parameters: {'latent_dimension': 48, 'k': 23}. Best is trial 1 with value: 0.004420261364430189.
#################### CREATING Inner DATASET #######################
Processing...
Taking Data at Re n.:  40 in  train  mode.
Taking Data at Re n.:  50 in  train  mode.
Taking Data at Re n.:  60 in  train  mode.
Taking Data at Re n.:  70 in  train  mode.
Taking Data at Re n.:  80 in  train  mode.
Taking Data at Re n.:  90 in  train  mode.
Taking Data at Re n.:  100 in  train  mode.
Taking Data at Re n.:  120 in  train  mode.
Taking Data at Re n.:  130 in  train  mode.
Taking Data at Re n.:  140 in  train  mode.
Taking Data at Re n.:  150 in  train  mode.
Done!
Processing...
Taking Data at Re n.:  110 in  val  mode.
Done!
#################### DSS NET parameter #######################
Latent space dim :  49
Number of updates :  13
Gamma (loss function) :  0.1
Alpha (reduction correction) : 0.01
LR (Learning rate): 0.003
PARAMETER SET: k:13, laten_dim:49, alpha:0.01, lr:0.003
#################### CREATING NETWORKS #######################
#################### TRAINING #######################
Epoch 1, 27% 	 train_loss: 4.73275e-03
Epoch 1, 54% 	 train_loss: 2.18380e-03
Epoch 1, 81% 	 train_loss: 1.35985e-03
Training loss = 9.44126e-03
Validation loss = 4.35280e-03
Training finished, took 2.38s, MODEL SAVED
Trial 32 finished with value: 0.0043528033420443535 and parameters: {'latent_dimension': 49, 'k': 13}. Best is trial 32 with value: 0.0043528033420443535.
#################### CREATING Inner DATASET #######################
Processing...
Taking Data at Re n.:  40 in  train  mode.
Taking Data at Re n.:  50 in  train  mode.
Taking Data at Re n.:  60 in  train  mode.
Taking Data at Re n.:  70 in  train  mode.
Taking Data at Re n.:  80 in  train  mode.
Taking Data at Re n.:  90 in  train  mode.
Taking Data at Re n.:  100 in  train  mode.
Taking Data at Re n.:  120 in  train  mode.
Taking Data at Re n.:  130 in  train  mode.
Taking Data at Re n.:  140 in  train  mode.
Taking Data at Re n.:  150 in  train  mode.
Done!
Processing...
Taking Data at Re n.:  110 in  val  mode.
Done!
#################### DSS NET parameter #######################
Latent space dim :  46
Number of updates :  34
Gamma (loss function) :  0.1
Alpha (reduction correction) : 0.01
LR (Learning rate): 0.003
PARAMETER SET: k:34, laten_dim:46, alpha:0.01, lr:0.003
#################### CREATING NETWORKS #######################
#################### TRAINING #######################
Epoch 1, 27% 	 train_loss: 4.92586e-03
Epoch 1, 54% 	 train_loss: 2.24382e-03
Epoch 1, 81% 	 train_loss: 1.45875e-03
Training loss = 9.76164e-03
Validation loss = 5.01295e-03
Training finished, took 5.86s, MODEL SAVED
Trial 33 finished with value: 0.005012948997318745 and parameters: {'latent_dimension': 46, 'k': 34}. Best is trial 32 with value: 0.0043528033420443535.
#################### CREATING Inner DATASET #######################
Processing...
Taking Data at Re n.:  40 in  train  mode.
Taking Data at Re n.:  50 in  train  mode.
Taking Data at Re n.:  60 in  train  mode.
Taking Data at Re n.:  70 in  train  mode.
Taking Data at Re n.:  80 in  train  mode.
Taking Data at Re n.:  90 in  train  mode.
Taking Data at Re n.:  100 in  train  mode.
Taking Data at Re n.:  120 in  train  mode.
Taking Data at Re n.:  130 in  train  mode.
Taking Data at Re n.:  140 in  train  mode.
Taking Data at Re n.:  150 in  train  mode.
Done!
Processing...
Taking Data at Re n.:  110 in  val  mode.
Done!
#################### DSS NET parameter #######################
Latent space dim :  19
Number of updates :  28
Gamma (loss function) :  0.1
Alpha (reduction correction) : 0.01
LR (Learning rate): 0.003
PARAMETER SET: k:28, laten_dim:19, alpha:0.01, lr:0.003
#################### CREATING NETWORKS #######################
#################### TRAINING #######################
Epoch 1, 27% 	 train_loss: 7.01887e-03
Epoch 1, 54% 	 train_loss: 3.46969e-03
Epoch 1, 81% 	 train_loss: 2.03538e-03
Training loss = 1.38177e-02
Validation loss = 6.80163e-03
Training finished, took 4.31s, MODEL SAVED
Trial 34 finished with value: 0.00680163037031889 and parameters: {'latent_dimension': 19, 'k': 28}. Best is trial 32 with value: 0.0043528033420443535.
#################### CREATING Inner DATASET #######################
Processing...
Taking Data at Re n.:  40 in  train  mode.
Taking Data at Re n.:  50 in  train  mode.
Taking Data at Re n.:  60 in  train  mode.
Taking Data at Re n.:  70 in  train  mode.
Taking Data at Re n.:  80 in  train  mode.
Taking Data at Re n.:  90 in  train  mode.
Taking Data at Re n.:  100 in  train  mode.
Taking Data at Re n.:  120 in  train  mode.
Taking Data at Re n.:  130 in  train  mode.
Taking Data at Re n.:  140 in  train  mode.
Taking Data at Re n.:  150 in  train  mode.
Done!
Processing...
Taking Data at Re n.:  110 in  val  mode.
Done!
#################### DSS NET parameter #######################
Latent space dim :  13
Number of updates :  16
Gamma (loss function) :  0.1
Alpha (reduction correction) : 0.01
LR (Learning rate): 0.003
PARAMETER SET: k:16, laten_dim:13, alpha:0.01, lr:0.003
#################### CREATING NETWORKS #######################
#################### TRAINING #######################
Epoch 1, 27% 	 train_loss: 9.21507e-03
Epoch 1, 54% 	 train_loss: 4.24779e-03
Epoch 1, 81% 	 train_loss: 2.96000e-03
Training loss = 1.82562e-02
Validation loss = 4.92710e-03
Training finished, took 2.25s, MODEL SAVED
Trial 35 finished with value: 0.004927103407680988 and parameters: {'latent_dimension': 13, 'k': 16}. Best is trial 32 with value: 0.0043528033420443535.
#################### CREATING Inner DATASET #######################
Processing...
Taking Data at Re n.:  40 in  train  mode.
Taking Data at Re n.:  50 in  train  mode.
Taking Data at Re n.:  60 in  train  mode.
Taking Data at Re n.:  70 in  train  mode.
Taking Data at Re n.:  80 in  train  mode.
Taking Data at Re n.:  90 in  train  mode.
Taking Data at Re n.:  100 in  train  mode.
Taking Data at Re n.:  120 in  train  mode.
Taking Data at Re n.:  130 in  train  mode.
Taking Data at Re n.:  140 in  train  mode.
Taking Data at Re n.:  150 in  train  mode.
Done!
Processing...
Taking Data at Re n.:  110 in  val  mode.
Done!
#################### DSS NET parameter #######################
Latent space dim :  40
Number of updates :  35
Gamma (loss function) :  0.1
Alpha (reduction correction) : 0.01
LR (Learning rate): 0.003
PARAMETER SET: k:35, laten_dim:40, alpha:0.01, lr:0.003
#################### CREATING NETWORKS #######################
#################### TRAINING #######################
Epoch 1, 27% 	 train_loss: 4.67103e-03
Epoch 1, 54% 	 train_loss: 2.14049e-03
Epoch 1, 81% 	 train_loss: 1.37561e-03
Training loss = 9.29527e-03
Validation loss = 4.68242e-03
Training finished, took 6.09s, MODEL SAVED
Trial 36 finished with value: 0.0046824198216199875 and parameters: {'latent_dimension': 40, 'k': 35}. Best is trial 32 with value: 0.0043528033420443535.
#################### CREATING Inner DATASET #######################
Processing...
Taking Data at Re n.:  40 in  train  mode.
Taking Data at Re n.:  50 in  train  mode.
Taking Data at Re n.:  60 in  train  mode.
Taking Data at Re n.:  70 in  train  mode.
Taking Data at Re n.:  80 in  train  mode.
Taking Data at Re n.:  90 in  train  mode.
Taking Data at Re n.:  100 in  train  mode.
Taking Data at Re n.:  120 in  train  mode.
Taking Data at Re n.:  130 in  train  mode.
Taking Data at Re n.:  140 in  train  mode.
Taking Data at Re n.:  150 in  train  mode.
Done!
Processing...
Taking Data at Re n.:  110 in  val  mode.
Done!
#################### DSS NET parameter #######################
Latent space dim :  35
Number of updates :  2
Gamma (loss function) :  0.1
Alpha (reduction correction) : 0.01
LR (Learning rate): 0.003
PARAMETER SET: k:2, laten_dim:35, alpha:0.01, lr:0.003
#################### CREATING NETWORKS #######################
#################### TRAINING #######################
Epoch 1, 27% 	 train_loss: 5.44452e-03
Epoch 1, 54% 	 train_loss: 2.32991e-03
Epoch 1, 81% 	 train_loss: 1.49599e-03
Training loss = 1.03384e-02
Validation loss = 4.31567e-03
Training finished, took 0.41s, MODEL SAVED
Trial 37 finished with value: 0.004315671510994434 and parameters: {'latent_dimension': 35, 'k': 2}. Best is trial 37 with value: 0.004315671510994434.
#################### CREATING Inner DATASET #######################
Processing...
Taking Data at Re n.:  40 in  train  mode.
Taking Data at Re n.:  50 in  train  mode.
Taking Data at Re n.:  60 in  train  mode.
Taking Data at Re n.:  70 in  train  mode.
Taking Data at Re n.:  80 in  train  mode.
Taking Data at Re n.:  90 in  train  mode.
Taking Data at Re n.:  100 in  train  mode.
Taking Data at Re n.:  120 in  train  mode.
Taking Data at Re n.:  130 in  train  mode.
Taking Data at Re n.:  140 in  train  mode.
Taking Data at Re n.:  150 in  train  mode.
Done!
Processing...
Taking Data at Re n.:  110 in  val  mode.
Done!
#################### DSS NET parameter #######################
Latent space dim :  36
Number of updates :  2
Gamma (loss function) :  0.1
Alpha (reduction correction) : 0.01
LR (Learning rate): 0.003
PARAMETER SET: k:2, laten_dim:36, alpha:0.01, lr:0.003
#################### CREATING NETWORKS #######################
#################### TRAINING #######################
Epoch 1, 27% 	 train_loss: 7.16618e-03
Epoch 1, 54% 	 train_loss: 2.99829e-03
Epoch 1, 81% 	 train_loss: 1.37272e-03
Training loss = 1.27249e-02
Validation loss = 4.44308e-03
Training finished, took 0.38s, MODEL SAVED
Trial 38 finished with value: 0.004443079698830843 and parameters: {'latent_dimension': 36, 'k': 2}. Best is trial 37 with value: 0.004315671510994434.
#################### CREATING Inner DATASET #######################
Processing...
Taking Data at Re n.:  40 in  train  mode.
Taking Data at Re n.:  50 in  train  mode.
Taking Data at Re n.:  60 in  train  mode.
Taking Data at Re n.:  70 in  train  mode.
Taking Data at Re n.:  80 in  train  mode.
Taking Data at Re n.:  90 in  train  mode.
Taking Data at Re n.:  100 in  train  mode.
Taking Data at Re n.:  120 in  train  mode.
Taking Data at Re n.:  130 in  train  mode.
Taking Data at Re n.:  140 in  train  mode.
Taking Data at Re n.:  150 in  train  mode.
Done!
Processing...
Taking Data at Re n.:  110 in  val  mode.
Done!
#################### DSS NET parameter #######################
Latent space dim :  44
Number of updates :  65
Gamma (loss function) :  0.1
Alpha (reduction correction) : 0.01
LR (Learning rate): 0.003
PARAMETER SET: k:65, laten_dim:44, alpha:0.01, lr:0.003
#################### CREATING NETWORKS #######################
#################### TRAINING #######################
Epoch 1, 27% 	 train_loss: 6.02843e-03
Epoch 1, 54% 	 train_loss: 2.42893e-03
Epoch 1, 81% 	 train_loss: 1.82553e-03
Training loss = 1.17128e-02
Validation loss = 1.03385e-02
Training finished, took 11.49s, MODEL SAVED
Trial 39 finished with value: 0.010338501073420048 and parameters: {'latent_dimension': 44, 'k': 65}. Best is trial 37 with value: 0.004315671510994434.
#################### CREATING Inner DATASET #######################
Processing...
Taking Data at Re n.:  40 in  train  mode.
Taking Data at Re n.:  50 in  train  mode.
Taking Data at Re n.:  60 in  train  mode.
Taking Data at Re n.:  70 in  train  mode.
Taking Data at Re n.:  80 in  train  mode.
Taking Data at Re n.:  90 in  train  mode.
Taking Data at Re n.:  100 in  train  mode.
Taking Data at Re n.:  120 in  train  mode.
Taking Data at Re n.:  130 in  train  mode.
Taking Data at Re n.:  140 in  train  mode.
Taking Data at Re n.:  150 in  train  mode.
Done!
Processing...
Taking Data at Re n.:  110 in  val  mode.
Done!
#################### DSS NET parameter #######################
Latent space dim :  14
Number of updates :  3
Gamma (loss function) :  0.1
Alpha (reduction correction) : 0.01
LR (Learning rate): 0.003
PARAMETER SET: k:3, laten_dim:14, alpha:0.01, lr:0.003
#################### CREATING NETWORKS #######################
#################### TRAINING #######################
Epoch 1, 27% 	 train_loss: 6.99072e-03
Epoch 1, 54% 	 train_loss: 3.84717e-03
Epoch 1, 81% 	 train_loss: 2.80470e-03
Training loss = 1.55226e-02
Validation loss = 8.22893e-03
Training finished, took 0.33s, MODEL SAVED
Trial 40 finished with value: 0.008228933438658714 and parameters: {'latent_dimension': 14, 'k': 3}. Best is trial 37 with value: 0.004315671510994434.
#################### CREATING Inner DATASET #######################
Processing...
Taking Data at Re n.:  40 in  train  mode.
Taking Data at Re n.:  50 in  train  mode.
Taking Data at Re n.:  60 in  train  mode.
Taking Data at Re n.:  70 in  train  mode.
Taking Data at Re n.:  80 in  train  mode.
Taking Data at Re n.:  90 in  train  mode.
Taking Data at Re n.:  100 in  train  mode.
Taking Data at Re n.:  120 in  train  mode.
Taking Data at Re n.:  130 in  train  mode.
Taking Data at Re n.:  140 in  train  mode.
Taking Data at Re n.:  150 in  train  mode.
Done!
Processing...
Taking Data at Re n.:  110 in  val  mode.
Done!
#################### DSS NET parameter #######################
Latent space dim :  36
Number of updates :  1
Gamma (loss function) :  0.1
Alpha (reduction correction) : 0.01
LR (Learning rate): 0.003
PARAMETER SET: k:1, laten_dim:36, alpha:0.01, lr:0.003
#################### CREATING NETWORKS #######################
#################### TRAINING #######################
Epoch 1, 27% 	 train_loss: 9.16641e-03
Epoch 1, 54% 	 train_loss: 3.45859e-03
Epoch 1, 81% 	 train_loss: 1.27601e-03
Training loss = 1.51302e-02
Validation loss = 4.22675e-03
Training finished, took 0.17s, MODEL SAVED
Trial 41 finished with value: 0.0042267488315701485 and parameters: {'latent_dimension': 36, 'k': 1}. Best is trial 41 with value: 0.0042267488315701485.
#################### CREATING Inner DATASET #######################
Processing...
Taking Data at Re n.:  40 in  train  mode.
Taking Data at Re n.:  50 in  train  mode.
Taking Data at Re n.:  60 in  train  mode.
Taking Data at Re n.:  70 in  train  mode.
Taking Data at Re n.:  80 in  train  mode.
Taking Data at Re n.:  90 in  train  mode.
Taking Data at Re n.:  100 in  train  mode.
Taking Data at Re n.:  120 in  train  mode.
Taking Data at Re n.:  130 in  train  mode.
Taking Data at Re n.:  140 in  train  mode.
Taking Data at Re n.:  150 in  train  mode.
Done!
Processing...
Taking Data at Re n.:  110 in  val  mode.
Done!
#################### DSS NET parameter #######################
Latent space dim :  35
Number of updates :  7
Gamma (loss function) :  0.1
Alpha (reduction correction) : 0.01
LR (Learning rate): 0.003
PARAMETER SET: k:7, laten_dim:35, alpha:0.01, lr:0.003
#################### CREATING NETWORKS #######################
#################### TRAINING #######################
Epoch 1, 27% 	 train_loss: 4.87173e-03
Epoch 1, 54% 	 train_loss: 2.23554e-03
Epoch 1, 81% 	 train_loss: 1.33034e-03
Training loss = 9.50545e-03
Validation loss = 4.44639e-03
Training finished, took 1.10s, MODEL SAVED
Trial 42 finished with value: 0.004446393344551325 and parameters: {'latent_dimension': 35, 'k': 7}. Best is trial 41 with value: 0.0042267488315701485.
#################### CREATING Inner DATASET #######################
Processing...
Taking Data at Re n.:  40 in  train  mode.
Taking Data at Re n.:  50 in  train  mode.
Taking Data at Re n.:  60 in  train  mode.
Taking Data at Re n.:  70 in  train  mode.
Taking Data at Re n.:  80 in  train  mode.
Taking Data at Re n.:  90 in  train  mode.
Taking Data at Re n.:  100 in  train  mode.
Taking Data at Re n.:  120 in  train  mode.
Taking Data at Re n.:  130 in  train  mode.
Taking Data at Re n.:  140 in  train  mode.
Taking Data at Re n.:  150 in  train  mode.
Done!
Processing...
Taking Data at Re n.:  110 in  val  mode.
Done!
#################### DSS NET parameter #######################
Latent space dim :  43
Number of updates :  1
Gamma (loss function) :  0.1
Alpha (reduction correction) : 0.01
LR (Learning rate): 0.003
PARAMETER SET: k:1, laten_dim:43, alpha:0.01, lr:0.003
#################### CREATING NETWORKS #######################
#################### TRAINING #######################
Epoch 1, 27% 	 train_loss: 3.99242e-03
Epoch 1, 54% 	 train_loss: 1.87210e-03
Epoch 1, 81% 	 train_loss: 1.16152e-03
Training loss = 7.97365e-03
Validation loss = 3.97857e-03
Training finished, took 0.18s, MODEL SAVED
Trial 43 finished with value: 0.0039785741828382015 and parameters: {'latent_dimension': 43, 'k': 1}. Best is trial 43 with value: 0.0039785741828382015.
#################### CREATING Inner DATASET #######################
Processing...
Taking Data at Re n.:  40 in  train  mode.
Taking Data at Re n.:  50 in  train  mode.
Taking Data at Re n.:  60 in  train  mode.
Taking Data at Re n.:  70 in  train  mode.
Taking Data at Re n.:  80 in  train  mode.
Taking Data at Re n.:  90 in  train  mode.
Taking Data at Re n.:  100 in  train  mode.
Taking Data at Re n.:  120 in  train  mode.
Taking Data at Re n.:  130 in  train  mode.
Taking Data at Re n.:  140 in  train  mode.
Taking Data at Re n.:  150 in  train  mode.
Done!
Processing...
Taking Data at Re n.:  110 in  val  mode.
Done!
#################### DSS NET parameter #######################
Latent space dim :  39
Number of updates :  1
Gamma (loss function) :  0.1
Alpha (reduction correction) : 0.01
LR (Learning rate): 0.003
PARAMETER SET: k:1, laten_dim:39, alpha:0.01, lr:0.003
#################### CREATING NETWORKS #######################
#################### TRAINING #######################
Epoch 1, 27% 	 train_loss: 5.66891e-03
Epoch 1, 54% 	 train_loss: 2.45082e-03
Epoch 1, 81% 	 train_loss: 1.24867e-03
Training loss = 1.05249e-02
Validation loss = 4.09573e-03
Training finished, took 0.17s, MODEL SAVED
Trial 44 finished with value: 0.0040957252494990826 and parameters: {'latent_dimension': 39, 'k': 1}. Best is trial 43 with value: 0.0039785741828382015.
#################### CREATING Inner DATASET #######################
Processing...
Taking Data at Re n.:  40 in  train  mode.
Taking Data at Re n.:  50 in  train  mode.
Taking Data at Re n.:  60 in  train  mode.
Taking Data at Re n.:  70 in  train  mode.
Taking Data at Re n.:  80 in  train  mode.
Taking Data at Re n.:  90 in  train  mode.
Taking Data at Re n.:  100 in  train  mode.
Taking Data at Re n.:  120 in  train  mode.
Taking Data at Re n.:  130 in  train  mode.
Taking Data at Re n.:  140 in  train  mode.
Taking Data at Re n.:  150 in  train  mode.
Done!
Processing...
Taking Data at Re n.:  110 in  val  mode.
Done!
#################### DSS NET parameter #######################
Latent space dim :  7
Number of updates :  37
Gamma (loss function) :  0.1
Alpha (reduction correction) : 0.01
LR (Learning rate): 0.003
PARAMETER SET: k:37, laten_dim:7, alpha:0.01, lr:0.003
#################### CREATING NETWORKS #######################
#################### TRAINING #######################
Epoch 1, 27% 	 train_loss: 6.61870e-03
Epoch 1, 54% 	 train_loss: 2.78324e-03
Epoch 1, 81% 	 train_loss: 1.99717e-03
Training loss = 1.26742e-02
Validation loss = 5.17303e-03
Training finished, took 4.19s, MODEL SAVED
Trial 45 finished with value: 0.005173033103346825 and parameters: {'latent_dimension': 7, 'k': 37}. Best is trial 43 with value: 0.0039785741828382015.
#################### CREATING Inner DATASET #######################
Processing...
Taking Data at Re n.:  40 in  train  mode.
Taking Data at Re n.:  50 in  train  mode.
Taking Data at Re n.:  60 in  train  mode.
Taking Data at Re n.:  70 in  train  mode.
Taking Data at Re n.:  80 in  train  mode.
Taking Data at Re n.:  90 in  train  mode.
Taking Data at Re n.:  100 in  train  mode.
Taking Data at Re n.:  120 in  train  mode.
Taking Data at Re n.:  130 in  train  mode.
Taking Data at Re n.:  140 in  train  mode.
Taking Data at Re n.:  150 in  train  mode.
Done!
Processing...
Taking Data at Re n.:  110 in  val  mode.
Done!
#################### DSS NET parameter #######################
Latent space dim :  43
Number of updates :  7
Gamma (loss function) :  0.1
Alpha (reduction correction) : 0.01
LR (Learning rate): 0.003
PARAMETER SET: k:7, laten_dim:43, alpha:0.01, lr:0.003
#################### CREATING NETWORKS #######################
#################### TRAINING #######################
Epoch 1, 27% 	 train_loss: 9.92996e-03
Epoch 1, 54% 	 train_loss: 3.40456e-03
Epoch 1, 81% 	 train_loss: 1.69742e-03
Training loss = 1.65894e-02
Validation loss = 4.83435e-03
Training finished, took 1.11s, MODEL SAVED
Trial 46 finished with value: 0.004834352992475033 and parameters: {'latent_dimension': 43, 'k': 7}. Best is trial 43 with value: 0.0039785741828382015.
#################### CREATING Inner DATASET #######################
Processing...
Taking Data at Re n.:  40 in  train  mode.
Taking Data at Re n.:  50 in  train  mode.
Taking Data at Re n.:  60 in  train  mode.
Taking Data at Re n.:  70 in  train  mode.
Taking Data at Re n.:  80 in  train  mode.
Taking Data at Re n.:  90 in  train  mode.
Taking Data at Re n.:  100 in  train  mode.
Taking Data at Re n.:  120 in  train  mode.
Taking Data at Re n.:  130 in  train  mode.
Taking Data at Re n.:  140 in  train  mode.
Taking Data at Re n.:  150 in  train  mode.
Done!
Processing...
Taking Data at Re n.:  110 in  val  mode.
Done!
#################### DSS NET parameter #######################
Latent space dim :  32
Number of updates :  53
Gamma (loss function) :  0.1
Alpha (reduction correction) : 0.01
LR (Learning rate): 0.003
PARAMETER SET: k:53, laten_dim:32, alpha:0.01, lr:0.003
#################### CREATING NETWORKS #######################
#################### TRAINING #######################
Epoch 1, 27% 	 train_loss: 5.55472e-03
Epoch 1, 54% 	 train_loss: 2.38758e-03
Epoch 1, 81% 	 train_loss: 1.48767e-03
Training loss = 1.06157e-02
Validation loss = 5.91481e-03
Training finished, took 8.47s, MODEL SAVED
