Trial 95 finished with value: 0.004702932201325893 and parameters: {'latent_dimension': 42, 'k': 7}. Best is trial 54 with value: 0.0038659090641885996.
#################### CREATING Inner DATASET #######################
Processing...
Taking Data at Re n.:  40 in  train  mode.
Taking Data at Re n.:  50 in  train  mode.
Taking Data at Re n.:  60 in  train  mode.
Taking Data at Re n.:  70 in  train  mode.
Taking Data at Re n.:  80 in  train  mode.
Taking Data at Re n.:  90 in  train  mode.
Taking Data at Re n.:  100 in  train  mode.
Taking Data at Re n.:  120 in  train  mode.
Taking Data at Re n.:  130 in  train  mode.
Taking Data at Re n.:  140 in  train  mode.
Taking Data at Re n.:  150 in  train  mode.
Done!
Processing...
Taking Data at Re n.:  110 in  val  mode.
Done!
#################### DSS NET parameter #######################
Latent space dim :  50
Number of updates :  4
Gamma (loss function) :  0.1
Alpha (reduction correction) : 0.01
LR (Learning rate): 0.003
PARAMETER SET: k:4, laten_dim:50, alpha:0.01, lr:0.003
#################### CREATING NETWORKS #######################
#################### TRAINING #######################
Epoch 1, 27% 	 train_loss: 6.47511e-03
Epoch 1, 54% 	 train_loss: 2.49397e-03
Epoch 1, 81% 	 train_loss: 1.99630e-03
Training loss = 1.21032e-02
Validation loss = 4.87072e-03
Training finished, took 0.74s, MODEL SAVED
Trial 96 finished with value: 0.004870722535997629 and parameters: {'latent_dimension': 50, 'k': 4}. Best is trial 54 with value: 0.0038659090641885996.
#################### CREATING Inner DATASET #######################
Processing...
Taking Data at Re n.:  40 in  train  mode.
Taking Data at Re n.:  50 in  train  mode.
Taking Data at Re n.:  60 in  train  mode.
Taking Data at Re n.:  70 in  train  mode.
Taking Data at Re n.:  80 in  train  mode.
Taking Data at Re n.:  90 in  train  mode.
Taking Data at Re n.:  100 in  train  mode.
Taking Data at Re n.:  120 in  train  mode.
Taking Data at Re n.:  130 in  train  mode.
Taking Data at Re n.:  140 in  train  mode.
Taking Data at Re n.:  150 in  train  mode.
Done!
Processing...
Taking Data at Re n.:  110 in  val  mode.
Done!
#################### DSS NET parameter #######################
Latent space dim :  37
Number of updates :  3
Gamma (loss function) :  0.1
Alpha (reduction correction) : 0.01
LR (Learning rate): 0.003
PARAMETER SET: k:3, laten_dim:37, alpha:0.01, lr:0.003
#################### CREATING NETWORKS #######################
#################### TRAINING #######################
Epoch 1, 27% 	 train_loss: 8.07891e-03
Epoch 1, 54% 	 train_loss: 3.19376e-03
Epoch 1, 81% 	 train_loss: 1.52897e-03
Training loss = 1.41251e-02
Validation loss = 5.01345e-03
Training finished, took 0.54s, MODEL SAVED
Trial 97 finished with value: 0.005013453774154186 and parameters: {'latent_dimension': 37, 'k': 3}. Best is trial 54 with value: 0.0038659090641885996.
#################### CREATING Inner DATASET #######################
Processing...
Taking Data at Re n.:  40 in  train  mode.
Taking Data at Re n.:  50 in  train  mode.
Taking Data at Re n.:  60 in  train  mode.
Taking Data at Re n.:  70 in  train  mode.
Taking Data at Re n.:  80 in  train  mode.
Taking Data at Re n.:  90 in  train  mode.
Taking Data at Re n.:  100 in  train  mode.
Taking Data at Re n.:  120 in  train  mode.
Taking Data at Re n.:  130 in  train  mode.
Taking Data at Re n.:  140 in  train  mode.
Taking Data at Re n.:  150 in  train  mode.
Done!
Processing...
Taking Data at Re n.:  110 in  val  mode.
Done!
#################### DSS NET parameter #######################
Latent space dim :  34
Number of updates :  12
Gamma (loss function) :  0.1
Alpha (reduction correction) : 0.01
LR (Learning rate): 0.003
PARAMETER SET: k:12, laten_dim:34, alpha:0.01, lr:0.003
#################### CREATING NETWORKS #######################
#################### TRAINING #######################
Epoch 1, 27% 	 train_loss: 4.69287e-03
Epoch 1, 54% 	 train_loss: 2.12361e-03
Epoch 1, 81% 	 train_loss: 1.29291e-03
Training loss = 9.17043e-03
Validation loss = 4.42933e-03
Training finished, took 1.92s, MODEL SAVED
Trial 98 finished with value: 0.004429332446306944 and parameters: {'latent_dimension': 34, 'k': 12}. Best is trial 54 with value: 0.0038659090641885996.
#################### CREATING Inner DATASET #######################
Processing...
Taking Data at Re n.:  40 in  train  mode.
Taking Data at Re n.:  50 in  train  mode.
Taking Data at Re n.:  60 in  train  mode.
Taking Data at Re n.:  70 in  train  mode.
Taking Data at Re n.:  80 in  train  mode.
Taking Data at Re n.:  90 in  train  mode.
Taking Data at Re n.:  100 in  train  mode.
Taking Data at Re n.:  120 in  train  mode.
Taking Data at Re n.:  130 in  train  mode.
Taking Data at Re n.:  140 in  train  mode.
Taking Data at Re n.:  150 in  train  mode.
Done!
Processing...
Taking Data at Re n.:  110 in  val  mode.
Done!
#################### DSS NET parameter #######################
Latent space dim :  41
Number of updates :  18
Gamma (loss function) :  0.1
Alpha (reduction correction) : 0.01
LR (Learning rate): 0.003
PARAMETER SET: k:18, laten_dim:41, alpha:0.01, lr:0.003
#################### CREATING NETWORKS #######################
#################### TRAINING #######################
Epoch 1, 27% 	 train_loss: 5.71657e-03
Epoch 1, 54% 	 train_loss: 2.22412e-03
Epoch 1, 81% 	 train_loss: 1.44179e-03
Training loss = 1.04955e-02
Validation loss = 4.84864e-03
Training finished, took 3.20s, MODEL SAVED
Trial 99 finished with value: 0.004848635755479336 and parameters: {'latent_dimension': 41, 'k': 18}. Best is trial 54 with value: 0.0038659090641885996.
Study statistics: 
  Number of finished trials:  100
  Number of pruned trials:  0
  Number of complete trials:  100
Best trial:
  Value:  0.0038659090641885996
  Params: 
    k: 1
    latent_dimension: 32
