Trial 79 finished with value: 0.004502778872847557 and parameters: {'latent_dimension': 38, 'k': 4}. Best is trial 54 with value: 0.0038659090641885996.
#################### CREATING Inner DATASET #######################
Processing...
Taking Data at Re n.:  40 in  train  mode.
Taking Data at Re n.:  50 in  train  mode.
Taking Data at Re n.:  60 in  train  mode.
Taking Data at Re n.:  70 in  train  mode.
Taking Data at Re n.:  80 in  train  mode.
Taking Data at Re n.:  90 in  train  mode.
Taking Data at Re n.:  100 in  train  mode.
Taking Data at Re n.:  120 in  train  mode.
Taking Data at Re n.:  130 in  train  mode.
Taking Data at Re n.:  140 in  train  mode.
Taking Data at Re n.:  150 in  train  mode.
Done!
Processing...
Taking Data at Re n.:  110 in  val  mode.
Done!
#################### DSS NET parameter #######################
Latent space dim :  46
Number of updates :  1
Gamma (loss function) :  0.1
Alpha (reduction correction) : 0.01
LR (Learning rate): 0.003
PARAMETER SET: k:1, laten_dim:46, alpha:0.01, lr:0.003
#################### CREATING NETWORKS #######################
#################### TRAINING #######################
Epoch 1, 27% 	 train_loss: 3.91845e-03
Epoch 1, 54% 	 train_loss: 1.84124e-03
Epoch 1, 81% 	 train_loss: 1.14465e-03
Training loss = 7.84789e-03
Validation loss = 3.87339e-03
Training finished, took 0.23s, MODEL SAVED
Trial 80 finished with value: 0.0038733938708901405 and parameters: {'latent_dimension': 46, 'k': 1}. Best is trial 54 with value: 0.0038659090641885996.
#################### CREATING Inner DATASET #######################
Processing...
Taking Data at Re n.:  40 in  train  mode.
Taking Data at Re n.:  50 in  train  mode.
Taking Data at Re n.:  60 in  train  mode.
Taking Data at Re n.:  70 in  train  mode.
Taking Data at Re n.:  80 in  train  mode.
Taking Data at Re n.:  90 in  train  mode.
Taking Data at Re n.:  100 in  train  mode.
Taking Data at Re n.:  120 in  train  mode.
Taking Data at Re n.:  130 in  train  mode.
Taking Data at Re n.:  140 in  train  mode.
Taking Data at Re n.:  150 in  train  mode.
Done!
Processing...
Taking Data at Re n.:  110 in  val  mode.
Done!
#################### DSS NET parameter #######################
Latent space dim :  46
Number of updates :  10
Gamma (loss function) :  0.1
Alpha (reduction correction) : 0.01
LR (Learning rate): 0.003
PARAMETER SET: k:10, laten_dim:46, alpha:0.01, lr:0.003
#################### CREATING NETWORKS #######################
#################### TRAINING #######################
Epoch 1, 27% 	 train_loss: 7.76730e-03
Epoch 1, 54% 	 train_loss: 2.29607e-03
Epoch 1, 81% 	 train_loss: 1.66982e-03
Training loss = 1.28209e-02
Validation loss = 5.47650e-03
Training finished, took 1.80s, MODEL SAVED
Trial 81 finished with value: 0.005476504098623991 and parameters: {'latent_dimension': 46, 'k': 10}. Best is trial 54 with value: 0.0038659090641885996.
#################### CREATING Inner DATASET #######################
Processing...
Taking Data at Re n.:  40 in  train  mode.
Taking Data at Re n.:  50 in  train  mode.
Taking Data at Re n.:  60 in  train  mode.
Taking Data at Re n.:  70 in  train  mode.
Taking Data at Re n.:  80 in  train  mode.
Taking Data at Re n.:  90 in  train  mode.
Taking Data at Re n.:  100 in  train  mode.
Taking Data at Re n.:  120 in  train  mode.
Taking Data at Re n.:  130 in  train  mode.
Taking Data at Re n.:  140 in  train  mode.
Taking Data at Re n.:  150 in  train  mode.
Done!
Processing...
Taking Data at Re n.:  110 in  val  mode.
Done!
#################### DSS NET parameter #######################
Latent space dim :  2
Number of updates :  8
Gamma (loss function) :  0.1
Alpha (reduction correction) : 0.01
LR (Learning rate): 0.003
PARAMETER SET: k:8, laten_dim:2, alpha:0.01, lr:0.003
#################### CREATING NETWORKS #######################
#################### TRAINING #######################
Epoch 1, 27% 	 train_loss: 1.06968e-01
Epoch 1, 54% 	 train_loss: 1.00538e-01
Epoch 1, 81% 	 train_loss: 8.09380e-02
Training loss = 3.29699e-01
Validation loss = 2.67138e-01
Training finished, took 0.89s
Trial 82 finished with value: 0.2671375870704651 and parameters: {'latent_dimension': 2, 'k': 8}. Best is trial 54 with value: 0.0038659090641885996.
#################### CREATING Inner DATASET #######################
Processing...
Taking Data at Re n.:  40 in  train  mode.
Taking Data at Re n.:  50 in  train  mode.
Taking Data at Re n.:  60 in  train  mode.
Taking Data at Re n.:  70 in  train  mode.
Taking Data at Re n.:  80 in  train  mode.
Taking Data at Re n.:  90 in  train  mode.
Taking Data at Re n.:  100 in  train  mode.
Taking Data at Re n.:  120 in  train  mode.
Taking Data at Re n.:  130 in  train  mode.
Taking Data at Re n.:  140 in  train  mode.
Taking Data at Re n.:  150 in  train  mode.
Done!
Processing...
Taking Data at Re n.:  110 in  val  mode.
Done!
#################### DSS NET parameter #######################
Latent space dim :  48
Number of updates :  14
Gamma (loss function) :  0.1
Alpha (reduction correction) : 0.01
LR (Learning rate): 0.003
PARAMETER SET: k:14, laten_dim:48, alpha:0.01, lr:0.003
#################### CREATING NETWORKS #######################
#################### TRAINING #######################
Epoch 1, 27% 	 train_loss: 7.82664e-03
Epoch 1, 54% 	 train_loss: 2.44795e-03
Epoch 1, 81% 	 train_loss: 1.62286e-03
Training loss = 1.30883e-02
Validation loss = 5.47652e-03
Training finished, took 2.54s, MODEL SAVED
Trial 83 finished with value: 0.005476521328091621 and parameters: {'latent_dimension': 48, 'k': 14}. Best is trial 54 with value: 0.0038659090641885996.
#################### CREATING Inner DATASET #######################
Processing...
Taking Data at Re n.:  40 in  train  mode.
Taking Data at Re n.:  50 in  train  mode.
Taking Data at Re n.:  60 in  train  mode.
Taking Data at Re n.:  70 in  train  mode.
Taking Data at Re n.:  80 in  train  mode.
Taking Data at Re n.:  90 in  train  mode.
Taking Data at Re n.:  100 in  train  mode.
Taking Data at Re n.:  120 in  train  mode.
Taking Data at Re n.:  130 in  train  mode.
Taking Data at Re n.:  140 in  train  mode.
Taking Data at Re n.:  150 in  train  mode.
Done!
Processing...
Taking Data at Re n.:  110 in  val  mode.
Done!
#################### DSS NET parameter #######################
Latent space dim :  27
Number of updates :  38
Gamma (loss function) :  0.1
Alpha (reduction correction) : 0.01
LR (Learning rate): 0.003
PARAMETER SET: k:38, laten_dim:27, alpha:0.01, lr:0.003
#################### CREATING NETWORKS #######################
#################### TRAINING #######################
Epoch 1, 27% 	 train_loss: 6.12429e-03
Epoch 1, 54% 	 train_loss: 2.64407e-03
Epoch 1, 81% 	 train_loss: 1.48383e-03
Training loss = 1.14529e-02
Validation loss = 4.39990e-03
Training finished, took 6.09s, MODEL SAVED
Trial 84 finished with value: 0.004399902652949095 and parameters: {'latent_dimension': 27, 'k': 38}. Best is trial 54 with value: 0.0038659090641885996.
#################### CREATING Inner DATASET #######################
Processing...
Taking Data at Re n.:  40 in  train  mode.
Taking Data at Re n.:  50 in  train  mode.
Taking Data at Re n.:  60 in  train  mode.
Taking Data at Re n.:  70 in  train  mode.
Taking Data at Re n.:  80 in  train  mode.
Taking Data at Re n.:  90 in  train  mode.
Taking Data at Re n.:  100 in  train  mode.
Taking Data at Re n.:  120 in  train  mode.
Taking Data at Re n.:  130 in  train  mode.
Taking Data at Re n.:  140 in  train  mode.
Taking Data at Re n.:  150 in  train  mode.
Done!
Processing...
Taking Data at Re n.:  110 in  val  mode.
Done!
#################### DSS NET parameter #######################
Latent space dim :  27
Number of updates :  40
Gamma (loss function) :  0.1
Alpha (reduction correction) : 0.01
LR (Learning rate): 0.003
PARAMETER SET: k:40, laten_dim:27, alpha:0.01, lr:0.003
#################### CREATING NETWORKS #######################
#################### TRAINING #######################
Epoch 1, 27% 	 train_loss: 6.28169e-03
Epoch 1, 54% 	 train_loss: 3.34127e-03
Epoch 1, 81% 	 train_loss: 1.78791e-03
Training loss = 1.31582e-02
Validation loss = 7.10233e-03
Training finished, took 6.47s, MODEL SAVED
Trial 85 finished with value: 0.007102331146597862 and parameters: {'latent_dimension': 27, 'k': 40}. Best is trial 54 with value: 0.0038659090641885996.
#################### CREATING Inner DATASET #######################
Processing...
Taking Data at Re n.:  40 in  train  mode.
Taking Data at Re n.:  50 in  train  mode.
Taking Data at Re n.:  60 in  train  mode.
Taking Data at Re n.:  70 in  train  mode.
Taking Data at Re n.:  80 in  train  mode.
Taking Data at Re n.:  90 in  train  mode.
Taking Data at Re n.:  100 in  train  mode.
Taking Data at Re n.:  120 in  train  mode.
Taking Data at Re n.:  130 in  train  mode.
Taking Data at Re n.:  140 in  train  mode.
Taking Data at Re n.:  150 in  train  mode.
Done!
Processing...
Taking Data at Re n.:  110 in  val  mode.
Done!
#################### DSS NET parameter #######################
Latent space dim :  23
Number of updates :  10
Gamma (loss function) :  0.1
Alpha (reduction correction) : 0.01
LR (Learning rate): 0.003
PARAMETER SET: k:10, laten_dim:23, alpha:0.01, lr:0.003
#################### CREATING NETWORKS #######################
#################### TRAINING #######################
Epoch 1, 27% 	 train_loss: 5.67927e-03
Epoch 1, 54% 	 train_loss: 2.26455e-03
Epoch 1, 81% 	 train_loss: 1.41697e-03
Training loss = 1.05586e-02
Validation loss = 4.63915e-03
Training finished, took 1.44s, MODEL SAVED
Trial 86 finished with value: 0.004639146383851767 and parameters: {'latent_dimension': 23, 'k': 10}. Best is trial 54 with value: 0.0038659090641885996.
#################### CREATING Inner DATASET #######################
Processing...
Taking Data at Re n.:  40 in  train  mode.
Taking Data at Re n.:  50 in  train  mode.
Taking Data at Re n.:  60 in  train  mode.
Taking Data at Re n.:  70 in  train  mode.
Taking Data at Re n.:  80 in  train  mode.
Taking Data at Re n.:  90 in  train  mode.
Taking Data at Re n.:  100 in  train  mode.
Taking Data at Re n.:  120 in  train  mode.
Taking Data at Re n.:  130 in  train  mode.
Taking Data at Re n.:  140 in  train  mode.
Taking Data at Re n.:  150 in  train  mode.
Done!
Processing...
Taking Data at Re n.:  110 in  val  mode.
Done!
#################### DSS NET parameter #######################
Latent space dim :  43
Number of updates :  64
Gamma (loss function) :  0.1
Alpha (reduction correction) : 0.01
LR (Learning rate): 0.003
PARAMETER SET: k:64, laten_dim:43, alpha:0.01, lr:0.003
#################### CREATING NETWORKS #######################
#################### TRAINING #######################
Epoch 1, 27% 	 train_loss: 6.03686e-03
Epoch 1, 54% 	 train_loss: 2.77033e-03
Epoch 1, 81% 	 train_loss: 1.77360e-03
Training loss = 1.18589e-02
Validation loss = 4.59526e-03
Training finished, took 10.25s, MODEL SAVED
Trial 87 finished with value: 0.004595261998474598 and parameters: {'latent_dimension': 43, 'k': 64}. Best is trial 54 with value: 0.0038659090641885996.
#################### CREATING Inner DATASET #######################
Processing...
Taking Data at Re n.:  40 in  train  mode.
Taking Data at Re n.:  50 in  train  mode.
Taking Data at Re n.:  60 in  train  mode.
Taking Data at Re n.:  70 in  train  mode.
Taking Data at Re n.:  80 in  train  mode.
Taking Data at Re n.:  90 in  train  mode.
Taking Data at Re n.:  100 in  train  mode.
Taking Data at Re n.:  120 in  train  mode.
Taking Data at Re n.:  130 in  train  mode.
Taking Data at Re n.:  140 in  train  mode.
Taking Data at Re n.:  150 in  train  mode.
Done!
Processing...
Taking Data at Re n.:  110 in  val  mode.
Done!
#################### DSS NET parameter #######################
Latent space dim :  35
Number of updates :  26
Gamma (loss function) :  0.1
Alpha (reduction correction) : 0.01
LR (Learning rate): 0.003
PARAMETER SET: k:26, laten_dim:35, alpha:0.01, lr:0.003
#################### CREATING NETWORKS #######################
#################### TRAINING #######################
Epoch 1, 27% 	 train_loss: 4.77594e-03
Epoch 1, 54% 	 train_loss: 2.15772e-03
Epoch 1, 81% 	 train_loss: 1.29730e-03
Training loss = 9.31862e-03
Validation loss = 5.18496e-03
Training finished, took 4.03s, MODEL SAVED
Trial 88 finished with value: 0.0051849596202373505 and parameters: {'latent_dimension': 35, 'k': 26}. Best is trial 54 with value: 0.0038659090641885996.
#################### CREATING Inner DATASET #######################
Processing...
Taking Data at Re n.:  40 in  train  mode.
Taking Data at Re n.:  50 in  train  mode.
Taking Data at Re n.:  60 in  train  mode.
Taking Data at Re n.:  70 in  train  mode.
Taking Data at Re n.:  80 in  train  mode.
Taking Data at Re n.:  90 in  train  mode.
Taking Data at Re n.:  100 in  train  mode.
Taking Data at Re n.:  120 in  train  mode.
Taking Data at Re n.:  130 in  train  mode.
Taking Data at Re n.:  140 in  train  mode.
Taking Data at Re n.:  150 in  train  mode.
Done!
Processing...
Taking Data at Re n.:  110 in  val  mode.
Done!
#################### DSS NET parameter #######################
Latent space dim :  44
Number of updates :  1
Gamma (loss function) :  0.1
Alpha (reduction correction) : 0.01
LR (Learning rate): 0.003
PARAMETER SET: k:1, laten_dim:44, alpha:0.01, lr:0.003
#################### CREATING NETWORKS #######################
#################### TRAINING #######################
Epoch 1, 27% 	 train_loss: 4.31425e-03
Epoch 1, 54% 	 train_loss: 1.86970e-03
Epoch 1, 81% 	 train_loss: 1.16280e-03
Training loss = 8.30291e-03
Validation loss = 4.05991e-03
Training finished, took 0.23s, MODEL SAVED
Trial 89 finished with value: 0.004059913568198681 and parameters: {'latent_dimension': 44, 'k': 1}. Best is trial 54 with value: 0.0038659090641885996.
#################### CREATING Inner DATASET #######################
Processing...
Taking Data at Re n.:  40 in  train  mode.
Taking Data at Re n.:  50 in  train  mode.
Taking Data at Re n.:  60 in  train  mode.
Taking Data at Re n.:  70 in  train  mode.
Taking Data at Re n.:  80 in  train  mode.
Taking Data at Re n.:  90 in  train  mode.
Taking Data at Re n.:  100 in  train  mode.
Taking Data at Re n.:  120 in  train  mode.
Taking Data at Re n.:  130 in  train  mode.
Taking Data at Re n.:  140 in  train  mode.
Taking Data at Re n.:  150 in  train  mode.
Done!
Processing...
Taking Data at Re n.:  110 in  val  mode.
Done!
#################### DSS NET parameter #######################
Latent space dim :  20
Number of updates :  44
Gamma (loss function) :  0.1
Alpha (reduction correction) : 0.01
LR (Learning rate): 0.003
PARAMETER SET: k:44, laten_dim:20, alpha:0.01, lr:0.003
#################### CREATING NETWORKS #######################
#################### TRAINING #######################
Epoch 1, 27% 	 train_loss: 7.40474e-03
Epoch 1, 54% 	 train_loss: 3.23739e-03
Epoch 1, 81% 	 train_loss: 1.92220e-03
Training loss = 1.38422e-02
Validation loss = 6.20994e-03
Training finished, took 6.08s, MODEL SAVED
Trial 90 finished with value: 0.006209937389940023 and parameters: {'latent_dimension': 20, 'k': 44}. Best is trial 54 with value: 0.0038659090641885996.
#################### CREATING Inner DATASET #######################
Processing...
Taking Data at Re n.:  40 in  train  mode.
Taking Data at Re n.:  50 in  train  mode.
Taking Data at Re n.:  60 in  train  mode.
Taking Data at Re n.:  70 in  train  mode.
Taking Data at Re n.:  80 in  train  mode.
Taking Data at Re n.:  90 in  train  mode.
Taking Data at Re n.:  100 in  train  mode.
Taking Data at Re n.:  120 in  train  mode.
Taking Data at Re n.:  130 in  train  mode.
Taking Data at Re n.:  140 in  train  mode.
Taking Data at Re n.:  150 in  train  mode.
Done!
Processing...
Taking Data at Re n.:  110 in  val  mode.
Done!
#################### DSS NET parameter #######################
Latent space dim :  29
Number of updates :  1
Gamma (loss function) :  0.1
Alpha (reduction correction) : 0.01
LR (Learning rate): 0.003
PARAMETER SET: k:1, laten_dim:29, alpha:0.01, lr:0.003
#################### CREATING NETWORKS #######################
#################### TRAINING #######################
Epoch 1, 27% 	 train_loss: 1.05715e-02
Epoch 1, 54% 	 train_loss: 6.41375e-03
Epoch 1, 81% 	 train_loss: 3.99031e-03
Training loss = 2.29806e-02
Validation loss = 8.40550e-03
Training finished, took 0.19s, MODEL SAVED
Trial 91 finished with value: 0.008405501022934914 and parameters: {'latent_dimension': 29, 'k': 1}. Best is trial 54 with value: 0.0038659090641885996.
#################### CREATING Inner DATASET #######################
Processing...
Taking Data at Re n.:  40 in  train  mode.
Taking Data at Re n.:  50 in  train  mode.
Taking Data at Re n.:  60 in  train  mode.
Taking Data at Re n.:  70 in  train  mode.
Taking Data at Re n.:  80 in  train  mode.
Taking Data at Re n.:  90 in  train  mode.
Taking Data at Re n.:  100 in  train  mode.
Taking Data at Re n.:  120 in  train  mode.
Taking Data at Re n.:  130 in  train  mode.
Taking Data at Re n.:  140 in  train  mode.
Taking Data at Re n.:  150 in  train  mode.
Done!
Processing...
Taking Data at Re n.:  110 in  val  mode.
Done!
#################### DSS NET parameter #######################
Latent space dim :  44
Number of updates :  4
Gamma (loss function) :  0.1
Alpha (reduction correction) : 0.01
LR (Learning rate): 0.003
PARAMETER SET: k:4, laten_dim:44, alpha:0.01, lr:0.003
#################### CREATING NETWORKS #######################
#################### TRAINING #######################
Epoch 1, 27% 	 train_loss: 4.76865e-03
Epoch 1, 54% 	 train_loss: 2.23832e-03
Epoch 1, 81% 	 train_loss: 1.33509e-03
Training loss = 9.41935e-03
Validation loss = 4.50103e-03
Training finished, took 0.74s, MODEL SAVED
Trial 92 finished with value: 0.004501033574342728 and parameters: {'latent_dimension': 44, 'k': 4}. Best is trial 54 with value: 0.0038659090641885996.
#################### CREATING Inner DATASET #######################
Processing...
Taking Data at Re n.:  40 in  train  mode.
Taking Data at Re n.:  50 in  train  mode.
Taking Data at Re n.:  60 in  train  mode.
Taking Data at Re n.:  70 in  train  mode.
Taking Data at Re n.:  80 in  train  mode.
Taking Data at Re n.:  90 in  train  mode.
Taking Data at Re n.:  100 in  train  mode.
Taking Data at Re n.:  120 in  train  mode.
Taking Data at Re n.:  130 in  train  mode.
Taking Data at Re n.:  140 in  train  mode.
Taking Data at Re n.:  150 in  train  mode.
Done!
Processing...
Taking Data at Re n.:  110 in  val  mode.
Done!
#################### DSS NET parameter #######################
Latent space dim :  41
Number of updates :  1
Gamma (loss function) :  0.1
Alpha (reduction correction) : 0.01
LR (Learning rate): 0.003
PARAMETER SET: k:1, laten_dim:41, alpha:0.01, lr:0.003
#################### CREATING NETWORKS #######################
#################### TRAINING #######################
Epoch 1, 27% 	 train_loss: 5.74632e-03
Epoch 1, 54% 	 train_loss: 2.15801e-03
Epoch 1, 81% 	 train_loss: 1.28147e-03
Training loss = 1.02761e-02
Validation loss = 3.94578e-03
Training finished, took 0.20s, MODEL SAVED
Trial 93 finished with value: 0.0039457762613892555 and parameters: {'latent_dimension': 41, 'k': 1}. Best is trial 54 with value: 0.0038659090641885996.
#################### CREATING Inner DATASET #######################
Processing...
Taking Data at Re n.:  40 in  train  mode.
Taking Data at Re n.:  50 in  train  mode.
Taking Data at Re n.:  60 in  train  mode.
Taking Data at Re n.:  70 in  train  mode.
Taking Data at Re n.:  80 in  train  mode.
Taking Data at Re n.:  90 in  train  mode.
Taking Data at Re n.:  100 in  train  mode.
Taking Data at Re n.:  120 in  train  mode.
Taking Data at Re n.:  130 in  train  mode.
Taking Data at Re n.:  140 in  train  mode.
Taking Data at Re n.:  150 in  train  mode.
Done!
Processing...
Taking Data at Re n.:  110 in  val  mode.
Done!
#################### DSS NET parameter #######################
Latent space dim :  47
Number of updates :  68
Gamma (loss function) :  0.1
Alpha (reduction correction) : 0.01
LR (Learning rate): 0.003
PARAMETER SET: k:68, laten_dim:47, alpha:0.01, lr:0.003
#################### CREATING NETWORKS #######################
#################### TRAINING #######################
Epoch 1, 27% 	 train_loss: 5.68338e-03
Epoch 1, 54% 	 train_loss: 2.30527e-03
Epoch 1, 81% 	 train_loss: 1.44732e-03
Training loss = 1.06609e-02
Validation loss = 5.11986e-03
Training finished, took 11.09s, MODEL SAVED
Trial 94 finished with value: 0.005119863897562027 and parameters: {'latent_dimension': 47, 'k': 68}. Best is trial 54 with value: 0.0038659090641885996.
#################### CREATING Inner DATASET #######################
Processing...
Taking Data at Re n.:  40 in  train  mode.
Taking Data at Re n.:  50 in  train  mode.
Taking Data at Re n.:  60 in  train  mode.
Taking Data at Re n.:  70 in  train  mode.
Taking Data at Re n.:  80 in  train  mode.
Taking Data at Re n.:  90 in  train  mode.
Taking Data at Re n.:  100 in  train  mode.
Taking Data at Re n.:  120 in  train  mode.
Taking Data at Re n.:  130 in  train  mode.
Taking Data at Re n.:  140 in  train  mode.
Taking Data at Re n.:  150 in  train  mode.
Done!
Processing...
Taking Data at Re n.:  110 in  val  mode.
Done!
#################### DSS NET parameter #######################
Latent space dim :  42
Number of updates :  7
Gamma (loss function) :  0.1
Alpha (reduction correction) : 0.01
LR (Learning rate): 0.003
PARAMETER SET: k:7, laten_dim:42, alpha:0.01, lr:0.003
#################### CREATING NETWORKS #######################
#################### TRAINING #######################
Epoch 1, 27% 	 train_loss: 6.45088e-03
Epoch 1, 54% 	 train_loss: 2.35563e-03
Epoch 1, 81% 	 train_loss: 1.63354e-03
Training loss = 1.15521e-02
Validation loss = 4.70293e-03
Training finished, took 1.20s, MODEL SAVED
