Trial 63 finished with value: 0.0047280453145504 and parameters: {'latent_dimension': 45, 'k': 44}. Best is trial 54 with value: 0.0038659090641885996.
#################### CREATING Inner DATASET #######################
Processing...
Taking Data at Re n.:  40 in  train  mode.
Taking Data at Re n.:  50 in  train  mode.
Taking Data at Re n.:  60 in  train  mode.
Taking Data at Re n.:  70 in  train  mode.
Taking Data at Re n.:  80 in  train  mode.
Taking Data at Re n.:  90 in  train  mode.
Taking Data at Re n.:  100 in  train  mode.
Taking Data at Re n.:  120 in  train  mode.
Taking Data at Re n.:  130 in  train  mode.
Taking Data at Re n.:  140 in  train  mode.
Taking Data at Re n.:  150 in  train  mode.
Done!
Processing...
Taking Data at Re n.:  110 in  val  mode.
Done!
#################### DSS NET parameter #######################
Latent space dim :  49
Number of updates :  59
Gamma (loss function) :  0.1
Alpha (reduction correction) : 0.01
LR (Learning rate): 0.003
PARAMETER SET: k:59, laten_dim:49, alpha:0.01, lr:0.003
#################### CREATING NETWORKS #######################
#################### TRAINING #######################
Epoch 1, 27% 	 train_loss: 6.24909e-03
Epoch 1, 54% 	 train_loss: 3.03426e-03
Epoch 1, 81% 	 train_loss: 2.30369e-03
Training loss = 1.29230e-02
Validation loss = 5.43952e-03
Training finished, took 10.53s, MODEL SAVED
Trial 64 finished with value: 0.005439522676169872 and parameters: {'latent_dimension': 49, 'k': 59}. Best is trial 54 with value: 0.0038659090641885996.
#################### CREATING Inner DATASET #######################
Processing...
Taking Data at Re n.:  40 in  train  mode.
Taking Data at Re n.:  50 in  train  mode.
Taking Data at Re n.:  60 in  train  mode.
Taking Data at Re n.:  70 in  train  mode.
Taking Data at Re n.:  80 in  train  mode.
Taking Data at Re n.:  90 in  train  mode.
Taking Data at Re n.:  100 in  train  mode.
Taking Data at Re n.:  120 in  train  mode.
Taking Data at Re n.:  130 in  train  mode.
Taking Data at Re n.:  140 in  train  mode.
Taking Data at Re n.:  150 in  train  mode.
Done!
Processing...
Taking Data at Re n.:  110 in  val  mode.
Done!
#################### DSS NET parameter #######################
Latent space dim :  11
Number of updates :  54
Gamma (loss function) :  0.1
Alpha (reduction correction) : 0.01
LR (Learning rate): 0.003
PARAMETER SET: k:54, laten_dim:11, alpha:0.01, lr:0.003
#################### CREATING NETWORKS #######################
#################### TRAINING #######################
Epoch 1, 27% 	 train_loss: 7.37358e-03
Epoch 1, 54% 	 train_loss: 2.57329e-03
Epoch 1, 81% 	 train_loss: 1.80154e-03
Training loss = 1.30801e-02
Validation loss = 4.55905e-03
Training finished, took 7.52s, MODEL SAVED
Trial 65 finished with value: 0.004559054970741272 and parameters: {'latent_dimension': 11, 'k': 54}. Best is trial 54 with value: 0.0038659090641885996.
#################### CREATING Inner DATASET #######################
Processing...
Taking Data at Re n.:  40 in  train  mode.
Taking Data at Re n.:  50 in  train  mode.
Taking Data at Re n.:  60 in  train  mode.
Taking Data at Re n.:  70 in  train  mode.
Taking Data at Re n.:  80 in  train  mode.
Taking Data at Re n.:  90 in  train  mode.
Taking Data at Re n.:  100 in  train  mode.
Taking Data at Re n.:  120 in  train  mode.
Taking Data at Re n.:  130 in  train  mode.
Taking Data at Re n.:  140 in  train  mode.
Taking Data at Re n.:  150 in  train  mode.
Done!
Processing...
Taking Data at Re n.:  110 in  val  mode.
Done!
#################### DSS NET parameter #######################
Latent space dim :  31
Number of updates :  10
Gamma (loss function) :  0.1
Alpha (reduction correction) : 0.01
LR (Learning rate): 0.003
PARAMETER SET: k:10, laten_dim:31, alpha:0.01, lr:0.003
#################### CREATING NETWORKS #######################
#################### TRAINING #######################
Epoch 1, 27% 	 train_loss: 6.79736e-03
Epoch 1, 54% 	 train_loss: 2.32570e-03
Epoch 1, 81% 	 train_loss: 1.43693e-03
Training loss = 1.16416e-02
Validation loss = 4.71452e-03
Training finished, took 1.59s, MODEL SAVED
Trial 66 finished with value: 0.004714519251137972 and parameters: {'latent_dimension': 31, 'k': 10}. Best is trial 54 with value: 0.0038659090641885996.
#################### CREATING Inner DATASET #######################
Processing...
Taking Data at Re n.:  40 in  train  mode.
Taking Data at Re n.:  50 in  train  mode.
Taking Data at Re n.:  60 in  train  mode.
Taking Data at Re n.:  70 in  train  mode.
Taking Data at Re n.:  80 in  train  mode.
Taking Data at Re n.:  90 in  train  mode.
Taking Data at Re n.:  100 in  train  mode.
Taking Data at Re n.:  120 in  train  mode.
Taking Data at Re n.:  130 in  train  mode.
Taking Data at Re n.:  140 in  train  mode.
Taking Data at Re n.:  150 in  train  mode.
Done!
Processing...
Taking Data at Re n.:  110 in  val  mode.
Done!
#################### DSS NET parameter #######################
Latent space dim :  46
Number of updates :  20
Gamma (loss function) :  0.1
Alpha (reduction correction) : 0.01
LR (Learning rate): 0.003
PARAMETER SET: k:20, laten_dim:46, alpha:0.01, lr:0.003
#################### CREATING NETWORKS #######################
#################### TRAINING #######################
Epoch 1, 27% 	 train_loss: 4.51784e-03
Epoch 1, 54% 	 train_loss: 2.08866e-03
Epoch 1, 81% 	 train_loss: 1.31135e-03
Training loss = 9.02071e-03
Validation loss = 4.37135e-03
Training finished, took 3.12s, MODEL SAVED
Trial 67 finished with value: 0.004371349699795246 and parameters: {'latent_dimension': 46, 'k': 20}. Best is trial 54 with value: 0.0038659090641885996.
#################### CREATING Inner DATASET #######################
Processing...
Taking Data at Re n.:  40 in  train  mode.
Taking Data at Re n.:  50 in  train  mode.
Taking Data at Re n.:  60 in  train  mode.
Taking Data at Re n.:  70 in  train  mode.
Taking Data at Re n.:  80 in  train  mode.
Taking Data at Re n.:  90 in  train  mode.
Taking Data at Re n.:  100 in  train  mode.
Taking Data at Re n.:  120 in  train  mode.
Taking Data at Re n.:  130 in  train  mode.
Taking Data at Re n.:  140 in  train  mode.
Taking Data at Re n.:  150 in  train  mode.
Done!
Processing...
Taking Data at Re n.:  110 in  val  mode.
Done!
#################### DSS NET parameter #######################
Latent space dim :  38
Number of updates :  1
Gamma (loss function) :  0.1
Alpha (reduction correction) : 0.01
LR (Learning rate): 0.003
PARAMETER SET: k:1, laten_dim:38, alpha:0.01, lr:0.003
#################### CREATING NETWORKS #######################
#################### TRAINING #######################
Epoch 1, 27% 	 train_loss: 3.89876e-03
Epoch 1, 54% 	 train_loss: 1.82663e-03
Epoch 1, 81% 	 train_loss: 1.14029e-03
Training loss = 7.80915e-03
Validation loss = 3.87931e-03
Training finished, took 0.20s, MODEL SAVED
Trial 68 finished with value: 0.003879313822835684 and parameters: {'latent_dimension': 38, 'k': 1}. Best is trial 54 with value: 0.0038659090641885996.
#################### CREATING Inner DATASET #######################
Processing...
Taking Data at Re n.:  40 in  train  mode.
Taking Data at Re n.:  50 in  train  mode.
Taking Data at Re n.:  60 in  train  mode.
Taking Data at Re n.:  70 in  train  mode.
Taking Data at Re n.:  80 in  train  mode.
Taking Data at Re n.:  90 in  train  mode.
Taking Data at Re n.:  100 in  train  mode.
Taking Data at Re n.:  120 in  train  mode.
Taking Data at Re n.:  130 in  train  mode.
Taking Data at Re n.:  140 in  train  mode.
Taking Data at Re n.:  150 in  train  mode.
Done!
Processing...
Taking Data at Re n.:  110 in  val  mode.
Done!
#################### DSS NET parameter #######################
Latent space dim :  39
Number of updates :  5
Gamma (loss function) :  0.1
Alpha (reduction correction) : 0.01
LR (Learning rate): 0.003
PARAMETER SET: k:5, laten_dim:39, alpha:0.01, lr:0.003
#################### CREATING NETWORKS #######################
#################### TRAINING #######################
Epoch 1, 27% 	 train_loss: 6.99223e-03
Epoch 1, 54% 	 train_loss: 2.45843e-03
Epoch 1, 81% 	 train_loss: 1.87271e-03
Training loss = 1.25198e-02
Validation loss = 4.42442e-03
Training finished, took 0.89s, MODEL SAVED
Trial 69 finished with value: 0.004424416925758123 and parameters: {'latent_dimension': 39, 'k': 5}. Best is trial 54 with value: 0.0038659090641885996.
#################### CREATING Inner DATASET #######################
Processing...
Taking Data at Re n.:  40 in  train  mode.
Taking Data at Re n.:  50 in  train  mode.
Taking Data at Re n.:  60 in  train  mode.
Taking Data at Re n.:  70 in  train  mode.
Taking Data at Re n.:  80 in  train  mode.
Taking Data at Re n.:  90 in  train  mode.
Taking Data at Re n.:  100 in  train  mode.
Taking Data at Re n.:  120 in  train  mode.
Taking Data at Re n.:  130 in  train  mode.
Taking Data at Re n.:  140 in  train  mode.
Taking Data at Re n.:  150 in  train  mode.
Done!
Processing...
Taking Data at Re n.:  110 in  val  mode.
Done!
#################### DSS NET parameter #######################
Latent space dim :  24
Number of updates :  2
Gamma (loss function) :  0.1
Alpha (reduction correction) : 0.01
LR (Learning rate): 0.003
PARAMETER SET: k:2, laten_dim:24, alpha:0.01, lr:0.003
#################### CREATING NETWORKS #######################
#################### TRAINING #######################
Epoch 1, 27% 	 train_loss: 7.52538e-03
Epoch 1, 54% 	 train_loss: 3.68503e-03
Epoch 1, 81% 	 train_loss: 1.59909e-03
Training loss = 1.38933e-02
Validation loss = 4.34715e-03
Training finished, took 0.35s, MODEL SAVED
Trial 70 finished with value: 0.004347147885710001 and parameters: {'latent_dimension': 24, 'k': 2}. Best is trial 54 with value: 0.0038659090641885996.
#################### CREATING Inner DATASET #######################
Processing...
Taking Data at Re n.:  40 in  train  mode.
Taking Data at Re n.:  50 in  train  mode.
Taking Data at Re n.:  60 in  train  mode.
Taking Data at Re n.:  70 in  train  mode.
Taking Data at Re n.:  80 in  train  mode.
Taking Data at Re n.:  90 in  train  mode.
Taking Data at Re n.:  100 in  train  mode.
Taking Data at Re n.:  120 in  train  mode.
Taking Data at Re n.:  130 in  train  mode.
Taking Data at Re n.:  140 in  train  mode.
Taking Data at Re n.:  150 in  train  mode.
Done!
Processing...
Taking Data at Re n.:  110 in  val  mode.
Done!
#################### DSS NET parameter #######################
Latent space dim :  49
Number of updates :  8
Gamma (loss function) :  0.1
Alpha (reduction correction) : 0.01
LR (Learning rate): 0.003
PARAMETER SET: k:8, laten_dim:49, alpha:0.01, lr:0.003
#################### CREATING NETWORKS #######################
#################### TRAINING #######################
Epoch 1, 27% 	 train_loss: 5.96064e-03
Epoch 1, 54% 	 train_loss: 2.25704e-03
Epoch 1, 81% 	 train_loss: 1.37923e-03
Training loss = 1.06792e-02
Validation loss = 4.34808e-03
Training finished, took 1.40s, MODEL SAVED
Trial 71 finished with value: 0.004348081536591053 and parameters: {'latent_dimension': 49, 'k': 8}. Best is trial 54 with value: 0.0038659090641885996.
#################### CREATING Inner DATASET #######################
Processing...
Taking Data at Re n.:  40 in  train  mode.
Taking Data at Re n.:  50 in  train  mode.
Taking Data at Re n.:  60 in  train  mode.
Taking Data at Re n.:  70 in  train  mode.
Taking Data at Re n.:  80 in  train  mode.
Taking Data at Re n.:  90 in  train  mode.
Taking Data at Re n.:  100 in  train  mode.
Taking Data at Re n.:  120 in  train  mode.
Taking Data at Re n.:  130 in  train  mode.
Taking Data at Re n.:  140 in  train  mode.
Taking Data at Re n.:  150 in  train  mode.
Done!
Processing...
Taking Data at Re n.:  110 in  val  mode.
Done!
#################### DSS NET parameter #######################
Latent space dim :  50
Number of updates :  43
Gamma (loss function) :  0.1
Alpha (reduction correction) : 0.01
LR (Learning rate): 0.003
PARAMETER SET: k:43, laten_dim:50, alpha:0.01, lr:0.003
#################### CREATING NETWORKS #######################
#################### TRAINING #######################
Epoch 1, 27% 	 train_loss: 7.16118e-03
Epoch 1, 54% 	 train_loss: 3.57346e-03
Epoch 1, 81% 	 train_loss: 1.66649e-03
Training loss = 1.35315e-02
Validation loss = 7.17917e-03
Training finished, took 7.31s, MODEL SAVED
Trial 72 finished with value: 0.0071791703812778 and parameters: {'latent_dimension': 50, 'k': 43}. Best is trial 54 with value: 0.0038659090641885996.
#################### CREATING Inner DATASET #######################
Processing...
Taking Data at Re n.:  40 in  train  mode.
Taking Data at Re n.:  50 in  train  mode.
Taking Data at Re n.:  60 in  train  mode.
Taking Data at Re n.:  70 in  train  mode.
Taking Data at Re n.:  80 in  train  mode.
Taking Data at Re n.:  90 in  train  mode.
Taking Data at Re n.:  100 in  train  mode.
Taking Data at Re n.:  120 in  train  mode.
Taking Data at Re n.:  130 in  train  mode.
Taking Data at Re n.:  140 in  train  mode.
Taking Data at Re n.:  150 in  train  mode.
Done!
Processing...
Taking Data at Re n.:  110 in  val  mode.
Done!
#################### DSS NET parameter #######################
Latent space dim :  1
Number of updates :  49
Gamma (loss function) :  0.1
Alpha (reduction correction) : 0.01
LR (Learning rate): 0.003
PARAMETER SET: k:49, laten_dim:1, alpha:0.01, lr:0.003
#################### CREATING NETWORKS #######################
#################### TRAINING #######################
Epoch 1, 27% 	 train_loss: 2.58058e-01
Epoch 1, 54% 	 train_loss: 2.56191e-01
Epoch 1, 81% 	 train_loss: 2.49573e-01
Training loss = 9.22521e-01
Validation loss = 7.91260e-01
Training finished, took 4.95s
Trial 73 finished with value: 0.791260302066803 and parameters: {'latent_dimension': 1, 'k': 49}. Best is trial 54 with value: 0.0038659090641885996.
#################### CREATING Inner DATASET #######################
Processing...
Taking Data at Re n.:  40 in  train  mode.
Taking Data at Re n.:  50 in  train  mode.
Taking Data at Re n.:  60 in  train  mode.
Taking Data at Re n.:  70 in  train  mode.
Taking Data at Re n.:  80 in  train  mode.
Taking Data at Re n.:  90 in  train  mode.
Taking Data at Re n.:  100 in  train  mode.
Taking Data at Re n.:  120 in  train  mode.
Taking Data at Re n.:  130 in  train  mode.
Taking Data at Re n.:  140 in  train  mode.
Taking Data at Re n.:  150 in  train  mode.
Done!
Processing...
Taking Data at Re n.:  110 in  val  mode.
Done!
#################### DSS NET parameter #######################
Latent space dim :  21
Number of updates :  26
Gamma (loss function) :  0.1
Alpha (reduction correction) : 0.01
LR (Learning rate): 0.003
PARAMETER SET: k:26, laten_dim:21, alpha:0.01, lr:0.003
#################### CREATING NETWORKS #######################
#################### TRAINING #######################
Epoch 1, 27% 	 train_loss: 7.90038e-03
Epoch 1, 54% 	 train_loss: 2.64649e-03
Epoch 1, 81% 	 train_loss: 2.00614e-03
Training loss = 1.39804e-02
Validation loss = 4.70773e-03
Training finished, took 4.20s, MODEL SAVED
Trial 74 finished with value: 0.004707728046923876 and parameters: {'latent_dimension': 21, 'k': 26}. Best is trial 54 with value: 0.0038659090641885996.
#################### CREATING Inner DATASET #######################
Processing...
Taking Data at Re n.:  40 in  train  mode.
Taking Data at Re n.:  50 in  train  mode.
Taking Data at Re n.:  60 in  train  mode.
Taking Data at Re n.:  70 in  train  mode.
Taking Data at Re n.:  80 in  train  mode.
Taking Data at Re n.:  90 in  train  mode.
Taking Data at Re n.:  100 in  train  mode.
Taking Data at Re n.:  120 in  train  mode.
Taking Data at Re n.:  130 in  train  mode.
Taking Data at Re n.:  140 in  train  mode.
Taking Data at Re n.:  150 in  train  mode.
Done!
Processing...
Taking Data at Re n.:  110 in  val  mode.
Done!
#################### DSS NET parameter #######################
Latent space dim :  18
Number of updates :  3
Gamma (loss function) :  0.1
Alpha (reduction correction) : 0.01
LR (Learning rate): 0.003
PARAMETER SET: k:3, laten_dim:18, alpha:0.01, lr:0.003
#################### CREATING NETWORKS #######################
#################### TRAINING #######################
Epoch 1, 27% 	 train_loss: 1.11369e-02
Epoch 1, 54% 	 train_loss: 5.66190e-03
Epoch 1, 81% 	 train_loss: 2.40093e-03
Training loss = 2.02994e-02
Validation loss = 4.35564e-03
Training finished, took 0.46s, MODEL SAVED
Trial 75 finished with value: 0.0043556406162679195 and parameters: {'latent_dimension': 18, 'k': 3}. Best is trial 54 with value: 0.0038659090641885996.
#################### CREATING Inner DATASET #######################
Processing...
Taking Data at Re n.:  40 in  train  mode.
Taking Data at Re n.:  50 in  train  mode.
Taking Data at Re n.:  60 in  train  mode.
Taking Data at Re n.:  70 in  train  mode.
Taking Data at Re n.:  80 in  train  mode.
Taking Data at Re n.:  90 in  train  mode.
Taking Data at Re n.:  100 in  train  mode.
Taking Data at Re n.:  120 in  train  mode.
Taking Data at Re n.:  130 in  train  mode.
Taking Data at Re n.:  140 in  train  mode.
Taking Data at Re n.:  150 in  train  mode.
Done!
Processing...
Taking Data at Re n.:  110 in  val  mode.
Done!
#################### DSS NET parameter #######################
Latent space dim :  41
Number of updates :  5
Gamma (loss function) :  0.1
Alpha (reduction correction) : 0.01
LR (Learning rate): 0.003
PARAMETER SET: k:5, laten_dim:41, alpha:0.01, lr:0.003
#################### CREATING NETWORKS #######################
#################### TRAINING #######################
Epoch 1, 27% 	 train_loss: 5.99855e-03
Epoch 1, 54% 	 train_loss: 2.30938e-03
Epoch 1, 81% 	 train_loss: 1.47880e-03
Training loss = 1.09667e-02
Validation loss = 4.36893e-03
Training finished, took 0.87s, MODEL SAVED
Trial 76 finished with value: 0.004368927795439959 and parameters: {'latent_dimension': 41, 'k': 5}. Best is trial 54 with value: 0.0038659090641885996.
#################### CREATING Inner DATASET #######################
Processing...
Taking Data at Re n.:  40 in  train  mode.
Taking Data at Re n.:  50 in  train  mode.
Taking Data at Re n.:  60 in  train  mode.
Taking Data at Re n.:  70 in  train  mode.
Taking Data at Re n.:  80 in  train  mode.
Taking Data at Re n.:  90 in  train  mode.
Taking Data at Re n.:  100 in  train  mode.
Taking Data at Re n.:  120 in  train  mode.
Taking Data at Re n.:  130 in  train  mode.
Taking Data at Re n.:  140 in  train  mode.
Taking Data at Re n.:  150 in  train  mode.
Done!
Processing...
Taking Data at Re n.:  110 in  val  mode.
Done!
#################### DSS NET parameter #######################
Latent space dim :  30
Number of updates :  13
Gamma (loss function) :  0.1
Alpha (reduction correction) : 0.01
LR (Learning rate): 0.003
PARAMETER SET: k:13, laten_dim:30, alpha:0.01, lr:0.003
#################### CREATING NETWORKS #######################
#################### TRAINING #######################
Epoch 1, 27% 	 train_loss: 1.11474e-02
Epoch 1, 54% 	 train_loss: 3.23464e-03
Epoch 1, 81% 	 train_loss: 2.12686e-03
Training loss = 1.79658e-02
Validation loss = 4.43166e-03
Training finished, took 2.09s, MODEL SAVED
Trial 77 finished with value: 0.004431657958775759 and parameters: {'latent_dimension': 30, 'k': 13}. Best is trial 54 with value: 0.0038659090641885996.
#################### CREATING Inner DATASET #######################
Processing...
Taking Data at Re n.:  40 in  train  mode.
Taking Data at Re n.:  50 in  train  mode.
Taking Data at Re n.:  60 in  train  mode.
Taking Data at Re n.:  70 in  train  mode.
Taking Data at Re n.:  80 in  train  mode.
Taking Data at Re n.:  90 in  train  mode.
Taking Data at Re n.:  100 in  train  mode.
Taking Data at Re n.:  120 in  train  mode.
Taking Data at Re n.:  130 in  train  mode.
Taking Data at Re n.:  140 in  train  mode.
Taking Data at Re n.:  150 in  train  mode.
Done!
Processing...
Taking Data at Re n.:  110 in  val  mode.
Done!
#################### DSS NET parameter #######################
Latent space dim :  19
Number of updates :  2
Gamma (loss function) :  0.1
Alpha (reduction correction) : 0.01
LR (Learning rate): 0.003
PARAMETER SET: k:2, laten_dim:19, alpha:0.01, lr:0.003
#################### CREATING NETWORKS #######################
#################### TRAINING #######################
Epoch 1, 27% 	 train_loss: 1.85184e-02
Epoch 1, 54% 	 train_loss: 1.23591e-02
Epoch 1, 81% 	 train_loss: 7.49292e-03
Training loss = 4.14583e-02
Validation loss = 1.29464e-02
Training finished, took 0.32s, MODEL SAVED
Trial 78 finished with value: 0.012946437112987041 and parameters: {'latent_dimension': 19, 'k': 2}. Best is trial 54 with value: 0.0038659090641885996.
#################### CREATING Inner DATASET #######################
Processing...
Taking Data at Re n.:  40 in  train  mode.
Taking Data at Re n.:  50 in  train  mode.
Taking Data at Re n.:  60 in  train  mode.
Taking Data at Re n.:  70 in  train  mode.
Taking Data at Re n.:  80 in  train  mode.
Taking Data at Re n.:  90 in  train  mode.
Taking Data at Re n.:  100 in  train  mode.
Taking Data at Re n.:  120 in  train  mode.
Taking Data at Re n.:  130 in  train  mode.
Taking Data at Re n.:  140 in  train  mode.
Taking Data at Re n.:  150 in  train  mode.
Done!
Processing...
Taking Data at Re n.:  110 in  val  mode.
Done!
#################### DSS NET parameter #######################
Latent space dim :  38
Number of updates :  4
Gamma (loss function) :  0.1
Alpha (reduction correction) : 0.01
LR (Learning rate): 0.003
PARAMETER SET: k:4, laten_dim:38, alpha:0.01, lr:0.003
#################### CREATING NETWORKS #######################
#################### TRAINING #######################
Epoch 1, 27% 	 train_loss: 5.50982e-03
Epoch 1, 54% 	 train_loss: 2.20479e-03
Epoch 1, 81% 	 train_loss: 1.49747e-03
Training loss = 1.02897e-02
Validation loss = 4.50278e-03
Training finished, took 0.77s, MODEL SAVED
