[32m[I 2022-03-16 12:20:10,404][0m Trial 90 finished with value: 0.13406960666179657 and parameters: {'latent_dimension': 45, 'k': 3, 'gamma': 0.401, 'alpha': 3.001}. Best is trial 8 with value: 0.02335861138999462.[0m
/mnt/beegfs/home/quattromini/miniconda3/envs/neural/lib/python3.9/site-packages/optuna/distributions.py:545: UserWarning:

The distribution is specified by [0.001, 1] and q=0.1, but the range is not divisible by `q`. It will be replaced by [0.001, 0.901].

/mnt/beegfs/home/quattromini/miniconda3/envs/neural/lib/python3.9/site-packages/optuna/distributions.py:545: UserWarning:

The distribution is specified by [0.001, 20] and q=0.1, but the range is not divisible by `q`. It will be replaced by [0.001, 19.901].

[33m[W 2022-03-16 12:20:19,060][0m Trial 91 failed, because the value None could not be cast to float.[0m
/mnt/beegfs/home/quattromini/miniconda3/envs/neural/lib/python3.9/site-packages/optuna/distributions.py:545: UserWarning:

The distribution is specified by [0.001, 1] and q=0.1, but the range is not divisible by `q`. It will be replaced by [0.001, 0.901].

/mnt/beegfs/home/quattromini/miniconda3/envs/neural/lib/python3.9/site-packages/optuna/distributions.py:545: UserWarning:

The distribution is specified by [0.001, 20] and q=0.1, but the range is not divisible by `q`. It will be replaced by [0.001, 19.901].

[33m[W 2022-03-16 12:20:24,503][0m Trial 92 failed, because the value None could not be cast to float.[0m
/mnt/beegfs/home/quattromini/miniconda3/envs/neural/lib/python3.9/site-packages/optuna/distributions.py:545: UserWarning:

The distribution is specified by [0.001, 1] and q=0.1, but the range is not divisible by `q`. It will be replaced by [0.001, 0.901].

/mnt/beegfs/home/quattromini/miniconda3/envs/neural/lib/python3.9/site-packages/optuna/distributions.py:545: UserWarning:

The distribution is specified by [0.001, 20] and q=0.1, but the range is not divisible by `q`. It will be replaced by [0.001, 19.901].

[33m[W 2022-03-16 12:20:32,783][0m Trial 93 failed, because the value None could not be cast to float.[0m
/mnt/beegfs/home/quattromini/miniconda3/envs/neural/lib/python3.9/site-packages/optuna/distributions.py:545: UserWarning:

The distribution is specified by [0.001, 1] and q=0.1, but the range is not divisible by `q`. It will be replaced by [0.001, 0.901].

/mnt/beegfs/home/quattromini/miniconda3/envs/neural/lib/python3.9/site-packages/optuna/distributions.py:545: UserWarning:

The distribution is specified by [0.001, 20] and q=0.1, but the range is not divisible by `q`. It will be replaced by [0.001, 19.901].

[32m[I 2022-03-16 12:20:35,517][0m Trial 94 finished with value: 0.004132412374019623 and parameters: {'latent_dimension': 42, 'k': 12, 'gamma': 0.001, 'alpha': 0.001}. Best is trial 94 with value: 0.004132412374019623.[0m
/mnt/beegfs/home/quattromini/miniconda3/envs/neural/lib/python3.9/site-packages/optuna/distributions.py:545: UserWarning:

The distribution is specified by [0.001, 1] and q=0.1, but the range is not divisible by `q`. It will be replaced by [0.001, 0.901].

/mnt/beegfs/home/quattromini/miniconda3/envs/neural/lib/python3.9/site-packages/optuna/distributions.py:545: UserWarning:

The distribution is specified by [0.001, 20] and q=0.1, but the range is not divisible by `q`. It will be replaced by [0.001, 19.901].

[33m[W 2022-03-16 12:20:45,727][0m Trial 95 failed, because the value None could not be cast to float.[0m
/mnt/beegfs/home/quattromini/miniconda3/envs/neural/lib/python3.9/site-packages/optuna/distributions.py:545: UserWarning:

The distribution is specified by [0.001, 1] and q=0.1, but the range is not divisible by `q`. It will be replaced by [0.001, 0.901].

/mnt/beegfs/home/quattromini/miniconda3/envs/neural/lib/python3.9/site-packages/optuna/distributions.py:545: UserWarning:

The distribution is specified by [0.001, 20] and q=0.1, but the range is not divisible by `q`. It will be replaced by [0.001, 19.901].

[32m[I 2022-03-16 12:20:54,015][0m Trial 96 finished with value: 3598.5751953125 and parameters: {'latent_dimension': 35, 'k': 51, 'gamma': 0.7010000000000001, 'alpha': 2.101}. Best is trial 94 with value: 0.004132412374019623.[0m
/mnt/beegfs/home/quattromini/miniconda3/envs/neural/lib/python3.9/site-packages/optuna/distributions.py:545: UserWarning:

The distribution is specified by [0.001, 1] and q=0.1, but the range is not divisible by `q`. It will be replaced by [0.001, 0.901].

/mnt/beegfs/home/quattromini/miniconda3/envs/neural/lib/python3.9/site-packages/optuna/distributions.py:545: UserWarning:

The distribution is specified by [0.001, 20] and q=0.1, but the range is not divisible by `q`. It will be replaced by [0.001, 19.901].

[33m[W 2022-03-16 12:20:59,131][0m Trial 97 failed, because the value None could not be cast to float.[0m
/mnt/beegfs/home/quattromini/miniconda3/envs/neural/lib/python3.9/site-packages/optuna/distributions.py:545: UserWarning:

The distribution is specified by [0.001, 1] and q=0.1, but the range is not divisible by `q`. It will be replaced by [0.001, 0.901].

/mnt/beegfs/home/quattromini/miniconda3/envs/neural/lib/python3.9/site-packages/optuna/distributions.py:545: UserWarning:

The distribution is specified by [0.001, 20] and q=0.1, but the range is not divisible by `q`. It will be replaced by [0.001, 19.901].

[32m[I 2022-03-16 12:21:06,965][0m Trial 98 finished with value: 4089.080078125 and parameters: {'latent_dimension': 49, 'k': 43, 'gamma': 0.6010000000000001, 'alpha': 2.201}. Best is trial 94 with value: 0.004132412374019623.[0m
/mnt/beegfs/home/quattromini/miniconda3/envs/neural/lib/python3.9/site-packages/optuna/distributions.py:545: UserWarning:

The distribution is specified by [0.001, 1] and q=0.1, but the range is not divisible by `q`. It will be replaced by [0.001, 0.901].

/mnt/beegfs/home/quattromini/miniconda3/envs/neural/lib/python3.9/site-packages/optuna/distributions.py:545: UserWarning:

The distribution is specified by [0.001, 20] and q=0.1, but the range is not divisible by `q`. It will be replaced by [0.001, 19.901].

[33m[W 2022-03-16 12:21:17,907][0m Trial 99 failed, because the value None could not be cast to float.[0m
