Trial 47 finished with value: 0.0059148091822862625 and parameters: {'latent_dimension': 32, 'k': 53}. Best is trial 43 with value: 0.0039785741828382015.
#################### CREATING Inner DATASET #######################
Processing...
Taking Data at Re n.:  40 in  train  mode.
Taking Data at Re n.:  50 in  train  mode.
Taking Data at Re n.:  60 in  train  mode.
Taking Data at Re n.:  70 in  train  mode.
Taking Data at Re n.:  80 in  train  mode.
Taking Data at Re n.:  90 in  train  mode.
Taking Data at Re n.:  100 in  train  mode.
Taking Data at Re n.:  120 in  train  mode.
Taking Data at Re n.:  130 in  train  mode.
Taking Data at Re n.:  140 in  train  mode.
Taking Data at Re n.:  150 in  train  mode.
Done!
Processing...
Taking Data at Re n.:  110 in  val  mode.
Done!
#################### DSS NET parameter #######################
Latent space dim :  43
Number of updates :  20
Gamma (loss function) :  0.1
Alpha (reduction correction) : 0.01
LR (Learning rate): 0.003
PARAMETER SET: k:20, laten_dim:43, alpha:0.01, lr:0.003
#################### CREATING NETWORKS #######################
#################### TRAINING #######################
Epoch 1, 27% 	 train_loss: 6.26695e-03
Epoch 1, 54% 	 train_loss: 2.83300e-03
Epoch 1, 81% 	 train_loss: 1.56333e-03
Training loss = 1.19028e-02
Validation loss = 4.33449e-03
Training finished, took 3.16s, MODEL SAVED
Trial 48 finished with value: 0.004334485623985529 and parameters: {'latent_dimension': 43, 'k': 20}. Best is trial 43 with value: 0.0039785741828382015.
#################### CREATING Inner DATASET #######################
Processing...
Taking Data at Re n.:  40 in  train  mode.
Taking Data at Re n.:  50 in  train  mode.
Taking Data at Re n.:  60 in  train  mode.
Taking Data at Re n.:  70 in  train  mode.
Taking Data at Re n.:  80 in  train  mode.
Taking Data at Re n.:  90 in  train  mode.
Taking Data at Re n.:  100 in  train  mode.
Taking Data at Re n.:  120 in  train  mode.
Taking Data at Re n.:  130 in  train  mode.
Taking Data at Re n.:  140 in  train  mode.
Taking Data at Re n.:  150 in  train  mode.
Done!
Processing...
Taking Data at Re n.:  110 in  val  mode.
Done!
#################### DSS NET parameter #######################
Latent space dim :  40
Number of updates :  1
Gamma (loss function) :  0.1
Alpha (reduction correction) : 0.01
LR (Learning rate): 0.003
PARAMETER SET: k:1, laten_dim:40, alpha:0.01, lr:0.003
#################### CREATING NETWORKS #######################
#################### TRAINING #######################
Epoch 1, 27% 	 train_loss: 6.06409e-03
Epoch 1, 54% 	 train_loss: 2.33325e-03
Epoch 1, 81% 	 train_loss: 1.28929e-03
Training loss = 1.09270e-02
Validation loss = 4.50976e-03
Training finished, took 0.20s, MODEL SAVED
Trial 49 finished with value: 0.004509755410254002 and parameters: {'latent_dimension': 40, 'k': 1}. Best is trial 43 with value: 0.0039785741828382015.
#################### CREATING Inner DATASET #######################
Processing...
Taking Data at Re n.:  40 in  train  mode.
Taking Data at Re n.:  50 in  train  mode.
Taking Data at Re n.:  60 in  train  mode.
Taking Data at Re n.:  70 in  train  mode.
Taking Data at Re n.:  80 in  train  mode.
Taking Data at Re n.:  90 in  train  mode.
Taking Data at Re n.:  100 in  train  mode.
Taking Data at Re n.:  120 in  train  mode.
Taking Data at Re n.:  130 in  train  mode.
Taking Data at Re n.:  140 in  train  mode.
Taking Data at Re n.:  150 in  train  mode.
Done!
Processing...
Taking Data at Re n.:  110 in  val  mode.
Done!
#################### DSS NET parameter #######################
Latent space dim :  48
Number of updates :  53
Gamma (loss function) :  0.1
Alpha (reduction correction) : 0.01
LR (Learning rate): 0.003
PARAMETER SET: k:53, laten_dim:48, alpha:0.01, lr:0.003
#################### CREATING NETWORKS #######################
#################### TRAINING #######################
Epoch 1, 27% 	 train_loss: 5.67839e-03
Epoch 1, 54% 	 train_loss: 2.52747e-03
Epoch 1, 81% 	 train_loss: 1.55572e-03
Training loss = 1.10184e-02
Validation loss = 5.83900e-03
Training finished, took 8.77s, MODEL SAVED
Trial 50 finished with value: 0.005838997196406126 and parameters: {'latent_dimension': 48, 'k': 53}. Best is trial 43 with value: 0.0039785741828382015.
#################### CREATING Inner DATASET #######################
Processing...
Taking Data at Re n.:  40 in  train  mode.
Taking Data at Re n.:  50 in  train  mode.
Taking Data at Re n.:  60 in  train  mode.
Taking Data at Re n.:  70 in  train  mode.
Taking Data at Re n.:  80 in  train  mode.
Taking Data at Re n.:  90 in  train  mode.
Taking Data at Re n.:  100 in  train  mode.
Taking Data at Re n.:  120 in  train  mode.
Taking Data at Re n.:  130 in  train  mode.
Taking Data at Re n.:  140 in  train  mode.
Taking Data at Re n.:  150 in  train  mode.
Done!
Processing...
Taking Data at Re n.:  110 in  val  mode.
Done!
#################### DSS NET parameter #######################
Latent space dim :  23
Number of updates :  9
Gamma (loss function) :  0.1
Alpha (reduction correction) : 0.01
LR (Learning rate): 0.003
PARAMETER SET: k:9, laten_dim:23, alpha:0.01, lr:0.003
#################### CREATING NETWORKS #######################
#################### TRAINING #######################
Epoch 1, 27% 	 train_loss: 7.17603e-03
Epoch 1, 54% 	 train_loss: 3.01983e-03
Epoch 1, 81% 	 train_loss: 2.01834e-03
Training loss = 1.33863e-02
Validation loss = 4.98858e-03
Training finished, took 1.48s, MODEL SAVED
Trial 51 finished with value: 0.004988580476492643 and parameters: {'latent_dimension': 23, 'k': 9}. Best is trial 43 with value: 0.0039785741828382015.
#################### CREATING Inner DATASET #######################
Processing...
Taking Data at Re n.:  40 in  train  mode.
Taking Data at Re n.:  50 in  train  mode.
Taking Data at Re n.:  60 in  train  mode.
Taking Data at Re n.:  70 in  train  mode.
Taking Data at Re n.:  80 in  train  mode.
Taking Data at Re n.:  90 in  train  mode.
Taking Data at Re n.:  100 in  train  mode.
Taking Data at Re n.:  120 in  train  mode.
Taking Data at Re n.:  130 in  train  mode.
Taking Data at Re n.:  140 in  train  mode.
Taking Data at Re n.:  150 in  train  mode.
Done!
Processing...
Taking Data at Re n.:  110 in  val  mode.
Done!
#################### DSS NET parameter #######################
Latent space dim :  33
Number of updates :  27
Gamma (loss function) :  0.1
Alpha (reduction correction) : 0.01
LR (Learning rate): 0.003
PARAMETER SET: k:27, laten_dim:33, alpha:0.01, lr:0.003
#################### CREATING NETWORKS #######################
#################### TRAINING #######################
Epoch 1, 27% 	 train_loss: 4.64213e-03
Epoch 1, 54% 	 train_loss: 2.15619e-03
Epoch 1, 81% 	 train_loss: 1.41009e-03
Training loss = 9.28646e-03
Validation loss = 4.41051e-03
Training finished, took 4.61s, MODEL SAVED
Trial 52 finished with value: 0.0044105141423642635 and parameters: {'latent_dimension': 33, 'k': 27}. Best is trial 43 with value: 0.0039785741828382015.
#################### CREATING Inner DATASET #######################
Processing...
Taking Data at Re n.:  40 in  train  mode.
Taking Data at Re n.:  50 in  train  mode.
Taking Data at Re n.:  60 in  train  mode.
Taking Data at Re n.:  70 in  train  mode.
Taking Data at Re n.:  80 in  train  mode.
Taking Data at Re n.:  90 in  train  mode.
Taking Data at Re n.:  100 in  train  mode.
Taking Data at Re n.:  120 in  train  mode.
Taking Data at Re n.:  130 in  train  mode.
Taking Data at Re n.:  140 in  train  mode.
Taking Data at Re n.:  150 in  train  mode.
Done!
Processing...
Taking Data at Re n.:  110 in  val  mode.
Done!
#################### DSS NET parameter #######################
Latent space dim :  38
Number of updates :  5
Gamma (loss function) :  0.1
Alpha (reduction correction) : 0.01
LR (Learning rate): 0.003
PARAMETER SET: k:5, laten_dim:38, alpha:0.01, lr:0.003
#################### CREATING NETWORKS #######################
#################### TRAINING #######################
Epoch 1, 27% 	 train_loss: 7.01014e-03
Epoch 1, 54% 	 train_loss: 2.51540e-03
Epoch 1, 81% 	 train_loss: 1.76752e-03
Training loss = 1.24051e-02
Validation loss = 4.89931e-03
Training finished, took 0.90s, MODEL SAVED
Trial 53 finished with value: 0.004899310413748026 and parameters: {'latent_dimension': 38, 'k': 5}. Best is trial 43 with value: 0.0039785741828382015.
#################### CREATING Inner DATASET #######################
Processing...
Taking Data at Re n.:  40 in  train  mode.
Taking Data at Re n.:  50 in  train  mode.
Taking Data at Re n.:  60 in  train  mode.
Taking Data at Re n.:  70 in  train  mode.
Taking Data at Re n.:  80 in  train  mode.
Taking Data at Re n.:  90 in  train  mode.
Taking Data at Re n.:  100 in  train  mode.
Taking Data at Re n.:  120 in  train  mode.
Taking Data at Re n.:  130 in  train  mode.
Taking Data at Re n.:  140 in  train  mode.
Taking Data at Re n.:  150 in  train  mode.
Done!
Processing...
Taking Data at Re n.:  110 in  val  mode.
Done!
#################### DSS NET parameter #######################
Latent space dim :  32
Number of updates :  1
Gamma (loss function) :  0.1
Alpha (reduction correction) : 0.01
LR (Learning rate): 0.003
PARAMETER SET: k:1, laten_dim:32, alpha:0.01, lr:0.003
#################### CREATING NETWORKS #######################
#################### TRAINING #######################
Epoch 1, 27% 	 train_loss: 4.47890e-03
Epoch 1, 54% 	 train_loss: 1.86785e-03
Epoch 1, 81% 	 train_loss: 1.28614e-03
Training loss = 8.61154e-03
Validation loss = 3.86591e-03
Training finished, took 0.18s, MODEL SAVED
Trial 54 finished with value: 0.0038659090641885996 and parameters: {'latent_dimension': 32, 'k': 1}. Best is trial 54 with value: 0.0038659090641885996.
#################### CREATING Inner DATASET #######################
Processing...
Taking Data at Re n.:  40 in  train  mode.
Taking Data at Re n.:  50 in  train  mode.
Taking Data at Re n.:  60 in  train  mode.
Taking Data at Re n.:  70 in  train  mode.
Taking Data at Re n.:  80 in  train  mode.
Taking Data at Re n.:  90 in  train  mode.
Taking Data at Re n.:  100 in  train  mode.
Taking Data at Re n.:  120 in  train  mode.
Taking Data at Re n.:  130 in  train  mode.
Taking Data at Re n.:  140 in  train  mode.
Taking Data at Re n.:  150 in  train  mode.
Done!
Processing...
Taking Data at Re n.:  110 in  val  mode.
Done!
#################### DSS NET parameter #######################
Latent space dim :  48
Number of updates :  43
Gamma (loss function) :  0.1
Alpha (reduction correction) : 0.01
LR (Learning rate): 0.003
PARAMETER SET: k:43, laten_dim:48, alpha:0.01, lr:0.003
#################### CREATING NETWORKS #######################
#################### TRAINING #######################
Epoch 1, 27% 	 train_loss: 4.68601e-03
Epoch 1, 54% 	 train_loss: 2.25477e-03
Epoch 1, 81% 	 train_loss: 1.56018e-03
Training loss = 9.71560e-03
Validation loss = 4.57000e-03
Training finished, took 7.16s, MODEL SAVED
Trial 55 finished with value: 0.004569999873638153 and parameters: {'latent_dimension': 48, 'k': 43}. Best is trial 54 with value: 0.0038659090641885996.
#################### CREATING Inner DATASET #######################
Processing...
Taking Data at Re n.:  40 in  train  mode.
Taking Data at Re n.:  50 in  train  mode.
Taking Data at Re n.:  60 in  train  mode.
Taking Data at Re n.:  70 in  train  mode.
Taking Data at Re n.:  80 in  train  mode.
Taking Data at Re n.:  90 in  train  mode.
Taking Data at Re n.:  100 in  train  mode.
Taking Data at Re n.:  120 in  train  mode.
Taking Data at Re n.:  130 in  train  mode.
Taking Data at Re n.:  140 in  train  mode.
Taking Data at Re n.:  150 in  train  mode.
Done!
Processing...
Taking Data at Re n.:  110 in  val  mode.
Done!
#################### DSS NET parameter #######################
Latent space dim :  33
Number of updates :  11
Gamma (loss function) :  0.1
Alpha (reduction correction) : 0.01
LR (Learning rate): 0.003
PARAMETER SET: k:11, laten_dim:33, alpha:0.01, lr:0.003
#################### CREATING NETWORKS #######################
#################### TRAINING #######################
Epoch 1, 27% 	 train_loss: 4.76145e-03
Epoch 1, 54% 	 train_loss: 2.29361e-03
Epoch 1, 81% 	 train_loss: 1.33121e-03
Training loss = 9.46016e-03
Validation loss = 4.32338e-03
Training finished, took 1.82s, MODEL SAVED
Trial 56 finished with value: 0.004323380067944527 and parameters: {'latent_dimension': 33, 'k': 11}. Best is trial 54 with value: 0.0038659090641885996.
#################### CREATING Inner DATASET #######################
Processing...
Taking Data at Re n.:  40 in  train  mode.
Taking Data at Re n.:  50 in  train  mode.
Taking Data at Re n.:  60 in  train  mode.
Taking Data at Re n.:  70 in  train  mode.
Taking Data at Re n.:  80 in  train  mode.
Taking Data at Re n.:  90 in  train  mode.
Taking Data at Re n.:  100 in  train  mode.
Taking Data at Re n.:  120 in  train  mode.
Taking Data at Re n.:  130 in  train  mode.
Taking Data at Re n.:  140 in  train  mode.
Taking Data at Re n.:  150 in  train  mode.
Done!
Processing...
Taking Data at Re n.:  110 in  val  mode.
Done!
#################### DSS NET parameter #######################
Latent space dim :  47
Number of updates :  51
Gamma (loss function) :  0.1
Alpha (reduction correction) : 0.01
LR (Learning rate): 0.003
PARAMETER SET: k:51, laten_dim:47, alpha:0.01, lr:0.003
#################### CREATING NETWORKS #######################
#################### TRAINING #######################
Epoch 1, 27% 	 train_loss: 5.13241e-03
Epoch 1, 54% 	 train_loss: 2.61998e-03
Epoch 1, 81% 	 train_loss: 1.57735e-03
Training loss = 1.05934e-02
Validation loss = 5.31866e-03
Training finished, took 8.63s, MODEL SAVED
Trial 57 finished with value: 0.005318662617355585 and parameters: {'latent_dimension': 47, 'k': 51}. Best is trial 54 with value: 0.0038659090641885996.
#################### CREATING Inner DATASET #######################
Processing...
Taking Data at Re n.:  40 in  train  mode.
Taking Data at Re n.:  50 in  train  mode.
Taking Data at Re n.:  60 in  train  mode.
Taking Data at Re n.:  70 in  train  mode.
Taking Data at Re n.:  80 in  train  mode.
Taking Data at Re n.:  90 in  train  mode.
Taking Data at Re n.:  100 in  train  mode.
Taking Data at Re n.:  120 in  train  mode.
Taking Data at Re n.:  130 in  train  mode.
Taking Data at Re n.:  140 in  train  mode.
Taking Data at Re n.:  150 in  train  mode.
Done!
Processing...
Taking Data at Re n.:  110 in  val  mode.
Done!
#################### DSS NET parameter #######################
Latent space dim :  41
Number of updates :  17
Gamma (loss function) :  0.1
Alpha (reduction correction) : 0.01
LR (Learning rate): 0.003
PARAMETER SET: k:17, laten_dim:41, alpha:0.01, lr:0.003
#################### CREATING NETWORKS #######################
#################### TRAINING #######################
Epoch 1, 27% 	 train_loss: 7.28188e-03
Epoch 1, 54% 	 train_loss: 2.59938e-03
Epoch 1, 81% 	 train_loss: 1.68514e-03
Training loss = 1.29127e-02
Validation loss = 4.67959e-03
Training finished, took 2.78s, MODEL SAVED
Trial 58 finished with value: 0.004679592326283455 and parameters: {'latent_dimension': 41, 'k': 17}. Best is trial 54 with value: 0.0038659090641885996.
#################### CREATING Inner DATASET #######################
Processing...
Taking Data at Re n.:  40 in  train  mode.
Taking Data at Re n.:  50 in  train  mode.
Taking Data at Re n.:  60 in  train  mode.
Taking Data at Re n.:  70 in  train  mode.
Taking Data at Re n.:  80 in  train  mode.
Taking Data at Re n.:  90 in  train  mode.
Taking Data at Re n.:  100 in  train  mode.
Taking Data at Re n.:  120 in  train  mode.
Taking Data at Re n.:  130 in  train  mode.
Taking Data at Re n.:  140 in  train  mode.
Taking Data at Re n.:  150 in  train  mode.
Done!
Processing...
Taking Data at Re n.:  110 in  val  mode.
Done!
#################### DSS NET parameter #######################
Latent space dim :  46
Number of updates :  1
Gamma (loss function) :  0.1
Alpha (reduction correction) : 0.01
LR (Learning rate): 0.003
PARAMETER SET: k:1, laten_dim:46, alpha:0.01, lr:0.003
#################### CREATING NETWORKS #######################
#################### TRAINING #######################
Epoch 1, 27% 	 train_loss: 6.77445e-03
Epoch 1, 54% 	 train_loss: 3.28554e-03
Epoch 1, 81% 	 train_loss: 1.64176e-03
Training loss = 1.27418e-02
Validation loss = 3.90184e-03
Training finished, took 0.24s, MODEL SAVED
Trial 59 finished with value: 0.003901843912899494 and parameters: {'latent_dimension': 46, 'k': 1}. Best is trial 54 with value: 0.0038659090641885996.
#################### CREATING Inner DATASET #######################
Processing...
Taking Data at Re n.:  40 in  train  mode.
Taking Data at Re n.:  50 in  train  mode.
Taking Data at Re n.:  60 in  train  mode.
Taking Data at Re n.:  70 in  train  mode.
Taking Data at Re n.:  80 in  train  mode.
Taking Data at Re n.:  90 in  train  mode.
Taking Data at Re n.:  100 in  train  mode.
Taking Data at Re n.:  120 in  train  mode.
Taking Data at Re n.:  130 in  train  mode.
Taking Data at Re n.:  140 in  train  mode.
Taking Data at Re n.:  150 in  train  mode.
Done!
Processing...
Taking Data at Re n.:  110 in  val  mode.
Done!
#################### DSS NET parameter #######################
Latent space dim :  50
Number of updates :  50
Gamma (loss function) :  0.1
Alpha (reduction correction) : 0.01
LR (Learning rate): 0.003
PARAMETER SET: k:50, laten_dim:50, alpha:0.01, lr:0.003
#################### CREATING NETWORKS #######################
#################### TRAINING #######################
Epoch 1, 27% 	 train_loss: 5.06230e-03
Epoch 1, 54% 	 train_loss: 2.42135e-03
Epoch 1, 81% 	 train_loss: 1.54622e-03
Training loss = 1.01706e-02
Validation loss = 5.18739e-03
Training finished, took 9.06s, MODEL SAVED
Trial 60 finished with value: 0.0051873913034796715 and parameters: {'latent_dimension': 50, 'k': 50}. Best is trial 54 with value: 0.0038659090641885996.
#################### CREATING Inner DATASET #######################
Processing...
Taking Data at Re n.:  40 in  train  mode.
Taking Data at Re n.:  50 in  train  mode.
Taking Data at Re n.:  60 in  train  mode.
Taking Data at Re n.:  70 in  train  mode.
Taking Data at Re n.:  80 in  train  mode.
Taking Data at Re n.:  90 in  train  mode.
Taking Data at Re n.:  100 in  train  mode.
Taking Data at Re n.:  120 in  train  mode.
Taking Data at Re n.:  130 in  train  mode.
Taking Data at Re n.:  140 in  train  mode.
Taking Data at Re n.:  150 in  train  mode.
Done!
Processing...
Taking Data at Re n.:  110 in  val  mode.
Done!
#################### DSS NET parameter #######################
Latent space dim :  7
Number of updates :  1
Gamma (loss function) :  0.1
Alpha (reduction correction) : 0.01
LR (Learning rate): 0.003
PARAMETER SET: k:1, laten_dim:7, alpha:0.01, lr:0.003
#################### CREATING NETWORKS #######################
#################### TRAINING #######################
Epoch 1, 27% 	 train_loss: 5.73596e-03
Epoch 1, 54% 	 train_loss: 2.74512e-03
Epoch 1, 81% 	 train_loss: 1.43104e-03
Training loss = 1.09112e-02
Validation loss = 3.92966e-03
Training finished, took 0.15s, MODEL SAVED
Trial 61 finished with value: 0.0039296625182032585 and parameters: {'latent_dimension': 7, 'k': 1}. Best is trial 54 with value: 0.0038659090641885996.
#################### CREATING Inner DATASET #######################
Processing...
Taking Data at Re n.:  40 in  train  mode.
Taking Data at Re n.:  50 in  train  mode.
Taking Data at Re n.:  60 in  train  mode.
Taking Data at Re n.:  70 in  train  mode.
Taking Data at Re n.:  80 in  train  mode.
Taking Data at Re n.:  90 in  train  mode.
Taking Data at Re n.:  100 in  train  mode.
Taking Data at Re n.:  120 in  train  mode.
Taking Data at Re n.:  130 in  train  mode.
Taking Data at Re n.:  140 in  train  mode.
Taking Data at Re n.:  150 in  train  mode.
Done!
Processing...
Taking Data at Re n.:  110 in  val  mode.
Done!
#################### DSS NET parameter #######################
Latent space dim :  45
Number of updates :  6
Gamma (loss function) :  0.1
Alpha (reduction correction) : 0.01
LR (Learning rate): 0.003
PARAMETER SET: k:6, laten_dim:45, alpha:0.01, lr:0.003
#################### CREATING NETWORKS #######################
#################### TRAINING #######################
Epoch 1, 27% 	 train_loss: 8.44796e-03
Epoch 1, 54% 	 train_loss: 2.56307e-03
Epoch 1, 81% 	 train_loss: 1.94271e-03
Training loss = 1.41085e-02
Validation loss = 5.40417e-03
Training finished, took 1.08s, MODEL SAVED
Trial 62 finished with value: 0.005404174793511629 and parameters: {'latent_dimension': 45, 'k': 6}. Best is trial 54 with value: 0.0038659090641885996.
#################### CREATING Inner DATASET #######################
Processing...
Taking Data at Re n.:  40 in  train  mode.
Taking Data at Re n.:  50 in  train  mode.
Taking Data at Re n.:  60 in  train  mode.
Taking Data at Re n.:  70 in  train  mode.
Taking Data at Re n.:  80 in  train  mode.
Taking Data at Re n.:  90 in  train  mode.
Taking Data at Re n.:  100 in  train  mode.
Taking Data at Re n.:  120 in  train  mode.
Taking Data at Re n.:  130 in  train  mode.
Taking Data at Re n.:  140 in  train  mode.
Taking Data at Re n.:  150 in  train  mode.
Done!
Processing...
Taking Data at Re n.:  110 in  val  mode.
Done!
#################### DSS NET parameter #######################
Latent space dim :  45
Number of updates :  44
Gamma (loss function) :  0.1
Alpha (reduction correction) : 0.01
LR (Learning rate): 0.003
PARAMETER SET: k:44, laten_dim:45, alpha:0.01, lr:0.003
#################### CREATING NETWORKS #######################
#################### TRAINING #######################
Epoch 1, 27% 	 train_loss: 5.80859e-03
Epoch 1, 54% 	 train_loss: 2.48105e-03
Epoch 1, 81% 	 train_loss: 1.39951e-03
Training loss = 1.08209e-02
Validation loss = 4.72805e-03
Training finished, took 7.74s, MODEL SAVED
