#################### DATA ADAPTING FOR GNN #######################
Running on :  cuda
A new study created in RDB with name: third_optuna
#################### CREATING Inner DATASET #######################
Processing...
Taking Data at Re n.:  40 in  train  mode.
Taking Data at Re n.:  50 in  train  mode.
Taking Data at Re n.:  60 in  train  mode.
Taking Data at Re n.:  70 in  train  mode.
Taking Data at Re n.:  80 in  train  mode.
Taking Data at Re n.:  90 in  train  mode.
Taking Data at Re n.:  100 in  train  mode.
Taking Data at Re n.:  120 in  train  mode.
Taking Data at Re n.:  130 in  train  mode.
Taking Data at Re n.:  140 in  train  mode.
Taking Data at Re n.:  150 in  train  mode.
Done!
Processing...
Taking Data at Re n.:  110 in  val  mode.
Done!
#################### DSS NET parameter #######################
Latent space dim :  49
Number of updates :  42
Gamma (loss function) :  0.1
Alpha (reduction correction) : 0.01
LR (Learning rate): 0.003
PARAMETER SET: k:42, laten_dim:49, alpha:0.01, lr:0.003
#################### CREATING NETWORKS #######################
#################### TRAINING #######################
Epoch 1, 27% 	 train_loss: 6.18696e-03
Epoch 1, 54% 	 train_loss: 2.32167e-03
Epoch 1, 81% 	 train_loss: 1.62562e-03
Training loss = 1.18329e-02
Validation loss = 5.47831e-03
Training finished, took 7.51s, MODEL SAVED
Trial 0 finished with value: 0.005478310398757458 and parameters: {'latent_dimension': 49, 'k': 42}. Best is trial 0 with value: 0.005478310398757458.
#################### CREATING Inner DATASET #######################
Processing...
Taking Data at Re n.:  40 in  train  mode.
Taking Data at Re n.:  50 in  train  mode.
Taking Data at Re n.:  60 in  train  mode.
Taking Data at Re n.:  70 in  train  mode.
Taking Data at Re n.:  80 in  train  mode.
Taking Data at Re n.:  90 in  train  mode.
Taking Data at Re n.:  100 in  train  mode.
Taking Data at Re n.:  120 in  train  mode.
Taking Data at Re n.:  130 in  train  mode.
Taking Data at Re n.:  140 in  train  mode.
Taking Data at Re n.:  150 in  train  mode.
Done!
Processing...
Taking Data at Re n.:  110 in  val  mode.
Done!
#################### DSS NET parameter #######################
Latent space dim :  41
Number of updates :  41
Gamma (loss function) :  0.1
Alpha (reduction correction) : 0.01
LR (Learning rate): 0.003
PARAMETER SET: k:41, laten_dim:41, alpha:0.01, lr:0.003
#################### CREATING NETWORKS #######################
#################### TRAINING #######################
Epoch 1, 27% 	 train_loss: 6.18732e-03
Epoch 1, 54% 	 train_loss: 2.22335e-03
Epoch 1, 81% 	 train_loss: 1.47762e-03
Training loss = 1.09488e-02
Validation loss = 4.42026e-03
Training finished, took 6.41s, MODEL SAVED
Trial 1 finished with value: 0.004420261364430189 and parameters: {'latent_dimension': 41, 'k': 41}. Best is trial 1 with value: 0.004420261364430189.
#################### CREATING Inner DATASET #######################
Processing...
Taking Data at Re n.:  40 in  train  mode.
Taking Data at Re n.:  50 in  train  mode.
Taking Data at Re n.:  60 in  train  mode.
Taking Data at Re n.:  70 in  train  mode.
Taking Data at Re n.:  80 in  train  mode.
Taking Data at Re n.:  90 in  train  mode.
Taking Data at Re n.:  100 in  train  mode.
Taking Data at Re n.:  120 in  train  mode.
Taking Data at Re n.:  130 in  train  mode.
Taking Data at Re n.:  140 in  train  mode.
Taking Data at Re n.:  150 in  train  mode.
Done!
Processing...
Taking Data at Re n.:  110 in  val  mode.
Done!
#################### DSS NET parameter #######################
Latent space dim :  30
Number of updates :  10
Gamma (loss function) :  0.1
Alpha (reduction correction) : 0.01
LR (Learning rate): 0.003
PARAMETER SET: k:10, laten_dim:30, alpha:0.01, lr:0.003
#################### CREATING NETWORKS #######################
#################### TRAINING #######################
Epoch 1, 27% 	 train_loss: 5.41630e-03
Epoch 1, 54% 	 train_loss: 2.53296e-03
Epoch 1, 81% 	 train_loss: 1.42894e-03
Training loss = 1.04869e-02
Validation loss = 4.54836e-03
Training finished, took 1.48s, MODEL SAVED
Trial 2 finished with value: 0.004548358730971813 and parameters: {'latent_dimension': 30, 'k': 10}. Best is trial 1 with value: 0.004420261364430189.
#################### CREATING Inner DATASET #######################
Processing...
Taking Data at Re n.:  40 in  train  mode.
Taking Data at Re n.:  50 in  train  mode.
Taking Data at Re n.:  60 in  train  mode.
Taking Data at Re n.:  70 in  train  mode.
Taking Data at Re n.:  80 in  train  mode.
Taking Data at Re n.:  90 in  train  mode.
Taking Data at Re n.:  100 in  train  mode.
Taking Data at Re n.:  120 in  train  mode.
Taking Data at Re n.:  130 in  train  mode.
Taking Data at Re n.:  140 in  train  mode.
Taking Data at Re n.:  150 in  train  mode.
Done!
Processing...
Taking Data at Re n.:  110 in  val  mode.
Done!
#################### DSS NET parameter #######################
Latent space dim :  31
Number of updates :  28
Gamma (loss function) :  0.1
Alpha (reduction correction) : 0.01
LR (Learning rate): 0.003
PARAMETER SET: k:28, laten_dim:31, alpha:0.01, lr:0.003
#################### CREATING NETWORKS #######################
#################### TRAINING #######################
Epoch 1, 27% 	 train_loss: 7.29850e-03
Epoch 1, 54% 	 train_loss: 2.59930e-03
Epoch 1, 81% 	 train_loss: 1.77954e-03
Training loss = 1.30341e-02
Validation loss = 6.92012e-03
Training finished, took 4.08s, MODEL SAVED
Trial 3 finished with value: 0.006920121144503355 and parameters: {'latent_dimension': 31, 'k': 28}. Best is trial 1 with value: 0.004420261364430189.
#################### CREATING Inner DATASET #######################
Processing...
Taking Data at Re n.:  40 in  train  mode.
Taking Data at Re n.:  50 in  train  mode.
Taking Data at Re n.:  60 in  train  mode.
Taking Data at Re n.:  70 in  train  mode.
Taking Data at Re n.:  80 in  train  mode.
Taking Data at Re n.:  90 in  train  mode.
Taking Data at Re n.:  100 in  train  mode.
Taking Data at Re n.:  120 in  train  mode.
Taking Data at Re n.:  130 in  train  mode.
Taking Data at Re n.:  140 in  train  mode.
Taking Data at Re n.:  150 in  train  mode.
Done!
Processing...
Taking Data at Re n.:  110 in  val  mode.
Done!
#################### DSS NET parameter #######################
Latent space dim :  12
Number of updates :  52
Gamma (loss function) :  0.1
Alpha (reduction correction) : 0.01
LR (Learning rate): 0.003
PARAMETER SET: k:52, laten_dim:12, alpha:0.01, lr:0.003
#################### CREATING NETWORKS #######################
#################### TRAINING #######################
Epoch 1, 27% 	 train_loss: 1.03623e-02
Epoch 1, 54% 	 train_loss: 3.14207e-03
Epoch 1, 81% 	 train_loss: 1.89034e-03
Training loss = 1.69546e-02
Validation loss = 4.54305e-03
Training finished, took 6.27s, MODEL SAVED
Trial 4 finished with value: 0.004543045535683632 and parameters: {'latent_dimension': 12, 'k': 52}. Best is trial 1 with value: 0.004420261364430189.
#################### CREATING Inner DATASET #######################
Processing...
Taking Data at Re n.:  40 in  train  mode.
Taking Data at Re n.:  50 in  train  mode.
Taking Data at Re n.:  60 in  train  mode.
Taking Data at Re n.:  70 in  train  mode.
Taking Data at Re n.:  80 in  train  mode.
Taking Data at Re n.:  90 in  train  mode.
Taking Data at Re n.:  100 in  train  mode.
Taking Data at Re n.:  120 in  train  mode.
Taking Data at Re n.:  130 in  train  mode.
Taking Data at Re n.:  140 in  train  mode.
Taking Data at Re n.:  150 in  train  mode.
Done!
Processing...
Taking Data at Re n.:  110 in  val  mode.
Done!
#################### DSS NET parameter #######################
Latent space dim :  17
Number of updates :  21
Gamma (loss function) :  0.1
Alpha (reduction correction) : 0.01
LR (Learning rate): 0.003
PARAMETER SET: k:21, laten_dim:17, alpha:0.01, lr:0.003
#################### CREATING NETWORKS #######################
#################### TRAINING #######################
Epoch 1, 27% 	 train_loss: 1.11416e-02
Epoch 1, 54% 	 train_loss: 4.04542e-03
Epoch 1, 81% 	 train_loss: 1.95954e-03
Training loss = 1.92668e-02
Validation loss = 5.22520e-03
Training finished, took 2.76s, MODEL SAVED
Trial 5 finished with value: 0.005225200206041336 and parameters: {'latent_dimension': 17, 'k': 21}. Best is trial 1 with value: 0.004420261364430189.
#################### CREATING Inner DATASET #######################
Processing...
Taking Data at Re n.:  40 in  train  mode.
Taking Data at Re n.:  50 in  train  mode.
Taking Data at Re n.:  60 in  train  mode.
Taking Data at Re n.:  70 in  train  mode.
Taking Data at Re n.:  80 in  train  mode.
Taking Data at Re n.:  90 in  train  mode.
Taking Data at Re n.:  100 in  train  mode.
Taking Data at Re n.:  120 in  train  mode.
Taking Data at Re n.:  130 in  train  mode.
Taking Data at Re n.:  140 in  train  mode.
Taking Data at Re n.:  150 in  train  mode.
Done!
Processing...
Taking Data at Re n.:  110 in  val  mode.
Done!
#################### DSS NET parameter #######################
Latent space dim :  12
Number of updates :  21
Gamma (loss function) :  0.1
Alpha (reduction correction) : 0.01
LR (Learning rate): 0.003
PARAMETER SET: k:21, laten_dim:12, alpha:0.01, lr:0.003
#################### CREATING NETWORKS #######################
#################### TRAINING #######################
Epoch 1, 27% 	 train_loss: 8.64589e-03
Epoch 1, 54% 	 train_loss: 3.84743e-03
Epoch 1, 81% 	 train_loss: 3.13788e-03
Training loss = 1.74738e-02
Validation loss = 8.48785e-03
Training finished, took 2.59s, MODEL SAVED
Trial 6 finished with value: 0.008487846702337265 and parameters: {'latent_dimension': 12, 'k': 21}. Best is trial 1 with value: 0.004420261364430189.
#################### CREATING Inner DATASET #######################
Processing...
Taking Data at Re n.:  40 in  train  mode.
Taking Data at Re n.:  50 in  train  mode.
Taking Data at Re n.:  60 in  train  mode.
Taking Data at Re n.:  70 in  train  mode.
Taking Data at Re n.:  80 in  train  mode.
Taking Data at Re n.:  90 in  train  mode.
Taking Data at Re n.:  100 in  train  mode.
Taking Data at Re n.:  120 in  train  mode.
Taking Data at Re n.:  130 in  train  mode.
Taking Data at Re n.:  140 in  train  mode.
Taking Data at Re n.:  150 in  train  mode.
Done!
Processing...
Taking Data at Re n.:  110 in  val  mode.
Done!
#################### DSS NET parameter #######################
Latent space dim :  30
Number of updates :  12
Gamma (loss function) :  0.1
Alpha (reduction correction) : 0.01
LR (Learning rate): 0.003
PARAMETER SET: k:12, laten_dim:30, alpha:0.01, lr:0.003
#################### CREATING NETWORKS #######################
#################### TRAINING #######################
Epoch 1, 27% 	 train_loss: 7.12900e-03
Epoch 1, 54% 	 train_loss: 2.62743e-03
Epoch 1, 81% 	 train_loss: 1.87100e-03
Training loss = 1.28046e-02
Validation loss = 5.40938e-03
Training finished, took 1.67s, MODEL SAVED
Trial 7 finished with value: 0.005409380421042442 and parameters: {'latent_dimension': 30, 'k': 12}. Best is trial 1 with value: 0.004420261364430189.
#################### CREATING Inner DATASET #######################
Processing...
Taking Data at Re n.:  40 in  train  mode.
Taking Data at Re n.:  50 in  train  mode.
Taking Data at Re n.:  60 in  train  mode.
Taking Data at Re n.:  70 in  train  mode.
Taking Data at Re n.:  80 in  train  mode.
Taking Data at Re n.:  90 in  train  mode.
Taking Data at Re n.:  100 in  train  mode.
Taking Data at Re n.:  120 in  train  mode.
Taking Data at Re n.:  130 in  train  mode.
Taking Data at Re n.:  140 in  train  mode.
Taking Data at Re n.:  150 in  train  mode.
Done!
Processing...
Taking Data at Re n.:  110 in  val  mode.
Done!
#################### DSS NET parameter #######################
Latent space dim :  48
Number of updates :  42
Gamma (loss function) :  0.1
Alpha (reduction correction) : 0.01
LR (Learning rate): 0.003
PARAMETER SET: k:42, laten_dim:48, alpha:0.01, lr:0.003
#################### CREATING NETWORKS #######################
#################### TRAINING #######################
Epoch 1, 27% 	 train_loss: 4.83254e-03
Epoch 1, 54% 	 train_loss: 2.13318e-03
Epoch 1, 81% 	 train_loss: 1.36888e-03
Training loss = 9.51930e-03
Validation loss = 4.75493e-03
Training finished, took 6.60s, MODEL SAVED
Trial 8 finished with value: 0.004754931665956974 and parameters: {'latent_dimension': 48, 'k': 42}. Best is trial 1 with value: 0.004420261364430189.
#################### CREATING Inner DATASET #######################
Processing...
Taking Data at Re n.:  40 in  train  mode.
Taking Data at Re n.:  50 in  train  mode.
Taking Data at Re n.:  60 in  train  mode.
Taking Data at Re n.:  70 in  train  mode.
Taking Data at Re n.:  80 in  train  mode.
Taking Data at Re n.:  90 in  train  mode.
Taking Data at Re n.:  100 in  train  mode.
Taking Data at Re n.:  120 in  train  mode.
Taking Data at Re n.:  130 in  train  mode.
Taking Data at Re n.:  140 in  train  mode.
Taking Data at Re n.:  150 in  train  mode.
Done!
Processing...
Taking Data at Re n.:  110 in  val  mode.
Done!
#################### DSS NET parameter #######################
Latent space dim :  8
Number of updates :  65
Gamma (loss function) :  0.1
Alpha (reduction correction) : 0.01
LR (Learning rate): 0.003
PARAMETER SET: k:65, laten_dim:8, alpha:0.01, lr:0.003
#################### CREATING NETWORKS #######################
#################### TRAINING #######################
Epoch 1, 27% 	 train_loss: 1.32791e-02
Epoch 1, 54% 	 train_loss: 4.06659e-03
Epoch 1, 81% 	 train_loss: 2.15612e-03
Training loss = 2.08327e-02
Validation loss = 5.19552e-03
Training finished, took 8.05s, MODEL SAVED
Trial 9 finished with value: 0.00519551569595933 and parameters: {'latent_dimension': 8, 'k': 65}. Best is trial 1 with value: 0.004420261364430189.
#################### CREATING Inner DATASET #######################
Processing...
Taking Data at Re n.:  40 in  train  mode.
Taking Data at Re n.:  50 in  train  mode.
Taking Data at Re n.:  60 in  train  mode.
Taking Data at Re n.:  70 in  train  mode.
Taking Data at Re n.:  80 in  train  mode.
Taking Data at Re n.:  90 in  train  mode.
Taking Data at Re n.:  100 in  train  mode.
Taking Data at Re n.:  120 in  train  mode.
Taking Data at Re n.:  130 in  train  mode.
Taking Data at Re n.:  140 in  train  mode.
Taking Data at Re n.:  150 in  train  mode.
Done!
Processing...
Taking Data at Re n.:  110 in  val  mode.
Done!
#################### DSS NET parameter #######################
Latent space dim :  28
Number of updates :  39
Gamma (loss function) :  0.1
Alpha (reduction correction) : 0.01
LR (Learning rate): 0.003
PARAMETER SET: k:39, laten_dim:28, alpha:0.01, lr:0.003
#################### CREATING NETWORKS #######################
#################### TRAINING #######################
Epoch 1, 27% 	 train_loss: 6.65390e-03
Epoch 1, 54% 	 train_loss: 2.50998e-03
Epoch 1, 81% 	 train_loss: 1.35137e-03
Training loss = 1.15959e-02
Validation loss = 5.04178e-03
Training finished, took 5.74s, MODEL SAVED
Trial 10 finished with value: 0.005041775293648243 and parameters: {'latent_dimension': 28, 'k': 39}. Best is trial 1 with value: 0.004420261364430189.
#################### CREATING Inner DATASET #######################
Processing...
Taking Data at Re n.:  40 in  train  mode.
Taking Data at Re n.:  50 in  train  mode.
Taking Data at Re n.:  60 in  train  mode.
Taking Data at Re n.:  70 in  train  mode.
Taking Data at Re n.:  80 in  train  mode.
Taking Data at Re n.:  90 in  train  mode.
Taking Data at Re n.:  100 in  train  mode.
Taking Data at Re n.:  120 in  train  mode.
Taking Data at Re n.:  130 in  train  mode.
Taking Data at Re n.:  140 in  train  mode.
Taking Data at Re n.:  150 in  train  mode.
Done!
Processing...
Taking Data at Re n.:  110 in  val  mode.
Done!
#################### DSS NET parameter #######################
Latent space dim :  39
Number of updates :  67
Gamma (loss function) :  0.1
Alpha (reduction correction) : 0.01
LR (Learning rate): 0.003
PARAMETER SET: k:67, laten_dim:39, alpha:0.01, lr:0.003
#################### CREATING NETWORKS #######################
#################### TRAINING #######################
Epoch 1, 27% 	 train_loss: 6.17961e-03
Epoch 1, 54% 	 train_loss: 2.55003e-03
Epoch 1, 81% 	 train_loss: 1.84005e-03
Training loss = 1.24704e-02
Validation loss = 5.77251e-03
Training finished, took 10.27s, MODEL SAVED
Trial 11 finished with value: 0.00577250961214304 and parameters: {'latent_dimension': 39, 'k': 67}. Best is trial 1 with value: 0.004420261364430189.
#################### CREATING Inner DATASET #######################
Processing...
Taking Data at Re n.:  40 in  train  mode.
Taking Data at Re n.:  50 in  train  mode.
Taking Data at Re n.:  60 in  train  mode.
Taking Data at Re n.:  70 in  train  mode.
Taking Data at Re n.:  80 in  train  mode.
Taking Data at Re n.:  90 in  train  mode.
Taking Data at Re n.:  100 in  train  mode.
Taking Data at Re n.:  120 in  train  mode.
Taking Data at Re n.:  130 in  train  mode.
Taking Data at Re n.:  140 in  train  mode.
Taking Data at Re n.:  150 in  train  mode.
Done!
Processing...
Taking Data at Re n.:  110 in  val  mode.
Done!
#################### DSS NET parameter #######################
Latent space dim :  41
Number of updates :  19
Gamma (loss function) :  0.1
Alpha (reduction correction) : 0.01
LR (Learning rate): 0.003
PARAMETER SET: k:19, laten_dim:41, alpha:0.01, lr:0.003
#################### CREATING NETWORKS #######################
#################### TRAINING #######################
Epoch 1, 27% 	 train_loss: 8.73673e-03
Epoch 1, 54% 	 train_loss: 2.45806e-03
Epoch 1, 81% 	 train_loss: 1.39068e-03
Training loss = 1.37042e-02
Validation loss = 5.41171e-03
Training finished, took 2.92s, MODEL SAVED
Trial 12 finished with value: 0.0054117063991725445 and parameters: {'latent_dimension': 41, 'k': 19}. Best is trial 1 with value: 0.004420261364430189.
#################### CREATING Inner DATASET #######################
Processing...
Taking Data at Re n.:  40 in  train  mode.
Taking Data at Re n.:  50 in  train  mode.
Taking Data at Re n.:  60 in  train  mode.
Taking Data at Re n.:  70 in  train  mode.
Taking Data at Re n.:  80 in  train  mode.
Taking Data at Re n.:  90 in  train  mode.
Taking Data at Re n.:  100 in  train  mode.
Taking Data at Re n.:  120 in  train  mode.
Taking Data at Re n.:  130 in  train  mode.
Taking Data at Re n.:  140 in  train  mode.
Taking Data at Re n.:  150 in  train  mode.
Done!
Processing...
Taking Data at Re n.:  110 in  val  mode.
Done!
#################### DSS NET parameter #######################
Latent space dim :  19
Number of updates :  47
Gamma (loss function) :  0.1
Alpha (reduction correction) : 0.01
LR (Learning rate): 0.003
PARAMETER SET: k:47, laten_dim:19, alpha:0.01, lr:0.003
#################### CREATING NETWORKS #######################
#################### TRAINING #######################
Epoch 1, 27% 	 train_loss: 8.79038e-03
Epoch 1, 54% 	 train_loss: 4.24793e-03
Epoch 1, 81% 	 train_loss: 6.70004e-03
Training loss = 2.23314e-02
Validation loss = 6.10939e-03
Training finished, took 6.31s, MODEL SAVED
Trial 13 finished with value: 0.006109387613832951 and parameters: {'latent_dimension': 19, 'k': 47}. Best is trial 1 with value: 0.004420261364430189.
#################### CREATING Inner DATASET #######################
Processing...
Taking Data at Re n.:  40 in  train  mode.
Taking Data at Re n.:  50 in  train  mode.
Taking Data at Re n.:  60 in  train  mode.
Taking Data at Re n.:  70 in  train  mode.
Taking Data at Re n.:  80 in  train  mode.
Taking Data at Re n.:  90 in  train  mode.
Taking Data at Re n.:  100 in  train  mode.
Taking Data at Re n.:  120 in  train  mode.
Taking Data at Re n.:  130 in  train  mode.
Taking Data at Re n.:  140 in  train  mode.
Taking Data at Re n.:  150 in  train  mode.
Done!
Processing...
Taking Data at Re n.:  110 in  val  mode.
Done!
#################### DSS NET parameter #######################
Latent space dim :  17
Number of updates :  12
Gamma (loss function) :  0.1
Alpha (reduction correction) : 0.01
LR (Learning rate): 0.003
PARAMETER SET: k:12, laten_dim:17, alpha:0.01, lr:0.003
#################### CREATING NETWORKS #######################
#################### TRAINING #######################
Epoch 1, 27% 	 train_loss: 5.51591e-03
Epoch 1, 54% 	 train_loss: 2.55407e-03
Epoch 1, 81% 	 train_loss: 1.60673e-03
Training loss = 1.08384e-02
Validation loss = 4.55214e-03
Training finished, took 1.66s, MODEL SAVED
Trial 14 finished with value: 0.004552136175334454 and parameters: {'latent_dimension': 17, 'k': 12}. Best is trial 1 with value: 0.004420261364430189.
#################### CREATING Inner DATASET #######################
Processing...
Taking Data at Re n.:  40 in  train  mode.
Taking Data at Re n.:  50 in  train  mode.
Taking Data at Re n.:  60 in  train  mode.
Taking Data at Re n.:  70 in  train  mode.
Taking Data at Re n.:  80 in  train  mode.
Taking Data at Re n.:  90 in  train  mode.
Taking Data at Re n.:  100 in  train  mode.
Taking Data at Re n.:  120 in  train  mode.
Taking Data at Re n.:  130 in  train  mode.
Taking Data at Re n.:  140 in  train  mode.
Taking Data at Re n.:  150 in  train  mode.
Done!
Processing...
Taking Data at Re n.:  110 in  val  mode.
Done!
#################### DSS NET parameter #######################
Latent space dim :  5
Number of updates :  62
Gamma (loss function) :  0.1
Alpha (reduction correction) : 0.01
LR (Learning rate): 0.003
PARAMETER SET: k:62, laten_dim:5, alpha:0.01, lr:0.003
#################### CREATING NETWORKS #######################
#################### TRAINING #######################
Epoch 1, 27% 	 train_loss: 1.57089e-02
Epoch 1, 54% 	 train_loss: 9.84224e-03
Epoch 1, 81% 	 train_loss: 7.90080e-03
Training loss = 3.87901e-02
Validation loss = 2.52894e-02
Training finished, took 6.67s, MODEL SAVED
