/mnt/beegfs/home/quattromini/miniconda3/envs/neural/lib/python3.9/site-packages/optuna/samplers/_tpe/sampler.py:282: ExperimentalWarning: ``constant_liar`` option is an experimental feature. The interface can change in the future.
  warnings.warn(
[32m[I 2022-03-16 12:10:25,049][0m A new study created in RDB with name: third_optuna[0m
/mnt/beegfs/home/quattromini/miniconda3/envs/neural/lib/python3.9/site-packages/optuna/distributions.py:545: UserWarning: The distribution is specified by [0.001, 1] and q=0.1, but the range is not divisible by `q`. It will be replaced by [0.001, 0.901].
  warnings.warn(
/mnt/beegfs/home/quattromini/miniconda3/envs/neural/lib/python3.9/site-packages/optuna/distributions.py:545: UserWarning: The distribution is specified by [0.001, 20] and q=0.1, but the range is not divisible by `q`. It will be replaced by [0.001, 19.901].
  warnings.warn(
[33m[W 2022-03-16 12:10:37,561][0m Trial 0 failed, because the value None could not be cast to float.[0m
/mnt/beegfs/home/quattromini/miniconda3/envs/neural/lib/python3.9/site-packages/optuna/distributions.py:545: UserWarning: The distribution is specified by [0.001, 1] and q=0.1, but the range is not divisible by `q`. It will be replaced by [0.001, 0.901].
  warnings.warn(
/mnt/beegfs/home/quattromini/miniconda3/envs/neural/lib/python3.9/site-packages/optuna/distributions.py:545: UserWarning: The distribution is specified by [0.001, 20] and q=0.1, but the range is not divisible by `q`. It will be replaced by [0.001, 19.901].
  warnings.warn(
[33m[W 2022-03-16 12:10:42,121][0m Trial 1 failed, because the value None could not be cast to float.[0m
/mnt/beegfs/home/quattromini/miniconda3/envs/neural/lib/python3.9/site-packages/optuna/distributions.py:545: UserWarning: The distribution is specified by [0.001, 1] and q=0.1, but the range is not divisible by `q`. It will be replaced by [0.001, 0.901].
  warnings.warn(
/mnt/beegfs/home/quattromini/miniconda3/envs/neural/lib/python3.9/site-packages/optuna/distributions.py:545: UserWarning: The distribution is specified by [0.001, 20] and q=0.1, but the range is not divisible by `q`. It will be replaced by [0.001, 19.901].
  warnings.warn(
[33m[W 2022-03-16 12:10:50,956][0m Trial 2 failed, because the value None could not be cast to float.[0m
/mnt/beegfs/home/quattromini/miniconda3/envs/neural/lib/python3.9/site-packages/optuna/distributions.py:545: UserWarning: The distribution is specified by [0.001, 1] and q=0.1, but the range is not divisible by `q`. It will be replaced by [0.001, 0.901].
  warnings.warn(
/mnt/beegfs/home/quattromini/miniconda3/envs/neural/lib/python3.9/site-packages/optuna/distributions.py:545: UserWarning: The distribution is specified by [0.001, 20] and q=0.1, but the range is not divisible by `q`. It will be replaced by [0.001, 19.901].
  warnings.warn(
[33m[W 2022-03-16 12:10:55,926][0m Trial 3 failed, because the value None could not be cast to float.[0m
/mnt/beegfs/home/quattromini/miniconda3/envs/neural/lib/python3.9/site-packages/optuna/distributions.py:545: UserWarning: The distribution is specified by [0.001, 1] and q=0.1, but the range is not divisible by `q`. It will be replaced by [0.001, 0.901].
  warnings.warn(
/mnt/beegfs/home/quattromini/miniconda3/envs/neural/lib/python3.9/site-packages/optuna/distributions.py:545: UserWarning: The distribution is specified by [0.001, 20] and q=0.1, but the range is not divisible by `q`. It will be replaced by [0.001, 19.901].
  warnings.warn(
[33m[W 2022-03-16 12:11:02,266][0m Trial 4 failed, because the value None could not be cast to float.[0m
/mnt/beegfs/home/quattromini/miniconda3/envs/neural/lib/python3.9/site-packages/optuna/distributions.py:545: UserWarning: The distribution is specified by [0.001, 1] and q=0.1, but the range is not divisible by `q`. It will be replaced by [0.001, 0.901].
  warnings.warn(
/mnt/beegfs/home/quattromini/miniconda3/envs/neural/lib/python3.9/site-packages/optuna/distributions.py:545: UserWarning: The distribution is specified by [0.001, 20] and q=0.1, but the range is not divisible by `q`. It will be replaced by [0.001, 19.901].
  warnings.warn(
[33m[W 2022-03-16 12:11:08,105][0m Trial 5 failed, because the value None could not be cast to float.[0m
/mnt/beegfs/home/quattromini/miniconda3/envs/neural/lib/python3.9/site-packages/optuna/distributions.py:545: UserWarning: The distribution is specified by [0.001, 1] and q=0.1, but the range is not divisible by `q`. It will be replaced by [0.001, 0.901].
  warnings.warn(
/mnt/beegfs/home/quattromini/miniconda3/envs/neural/lib/python3.9/site-packages/optuna/distributions.py:545: UserWarning: The distribution is specified by [0.001, 20] and q=0.1, but the range is not divisible by `q`. It will be replaced by [0.001, 19.901].
  warnings.warn(
[32m[I 2022-03-16 12:11:09,835][0m Trial 6 finished with value: 246.23301696777344 and parameters: {'latent_dimension': 33, 'k': 8, 'gamma': 0.801, 'alpha': 8.201}. Best is trial 6 with value: 246.23301696777344.[0m
/mnt/beegfs/home/quattromini/miniconda3/envs/neural/lib/python3.9/site-packages/optuna/distributions.py:545: UserWarning: The distribution is specified by [0.001, 1] and q=0.1, but the range is not divisible by `q`. It will be replaced by [0.001, 0.901].
  warnings.warn(
/mnt/beegfs/home/quattromini/miniconda3/envs/neural/lib/python3.9/site-packages/optuna/distributions.py:545: UserWarning: The distribution is specified by [0.001, 20] and q=0.1, but the range is not divisible by `q`. It will be replaced by [0.001, 19.901].
  warnings.warn(
[33m[W 2022-03-16 12:11:17,998][0m Trial 7 failed, because the value None could not be cast to float.[0m
/mnt/beegfs/home/quattromini/miniconda3/envs/neural/lib/python3.9/site-packages/optuna/distributions.py:545: UserWarning: The distribution is specified by [0.001, 1] and q=0.1, but the range is not divisible by `q`. It will be replaced by [0.001, 0.901].
  warnings.warn(
/mnt/beegfs/home/quattromini/miniconda3/envs/neural/lib/python3.9/site-packages/optuna/distributions.py:545: UserWarning: The distribution is specified by [0.001, 20] and q=0.1, but the range is not divisible by `q`. It will be replaced by [0.001, 19.901].
  warnings.warn(
[32m[I 2022-03-16 12:11:20,886][0m Trial 8 finished with value: 0.02335861138999462 and parameters: {'latent_dimension': 35, 'k': 12, 'gamma': 0.001, 'alpha': 0.501}. Best is trial 8 with value: 0.02335861138999462.[0m
/mnt/beegfs/home/quattromini/miniconda3/envs/neural/lib/python3.9/site-packages/optuna/distributions.py:545: UserWarning: The distribution is specified by [0.001, 1] and q=0.1, but the range is not divisible by `q`. It will be replaced by [0.001, 0.901].
  warnings.warn(
/mnt/beegfs/home/quattromini/miniconda3/envs/neural/lib/python3.9/site-packages/optuna/distributions.py:545: UserWarning: The distribution is specified by [0.001, 20] and q=0.1, but the range is not divisible by `q`. It will be replaced by [0.001, 19.901].
  warnings.warn(
[33m[W 2022-03-16 12:11:27,624][0m Trial 9 failed, because the value None could not be cast to float.[0m
/mnt/beegfs/home/quattromini/miniconda3/envs/neural/lib/python3.9/site-packages/optuna/distributions.py:545: UserWarning: The distribution is specified by [0.001, 1] and q=0.1, but the range is not divisible by `q`. It will be replaced by [0.001, 0.901].
  warnings.warn(
/mnt/beegfs/home/quattromini/miniconda3/envs/neural/lib/python3.9/site-packages/optuna/distributions.py:545: UserWarning: The distribution is specified by [0.001, 20] and q=0.1, but the range is not divisible by `q`. It will be replaced by [0.001, 19.901].
  warnings.warn(
[33m[W 2022-03-16 12:11:35,521][0m Trial 10 failed, because the value None could not be cast to float.[0m
/mnt/beegfs/home/quattromini/miniconda3/envs/neural/lib/python3.9/site-packages/optuna/distributions.py:545: UserWarning: The distribution is specified by [0.001, 1] and q=0.1, but the range is not divisible by `q`. It will be replaced by [0.001, 0.901].
  warnings.warn(
/mnt/beegfs/home/quattromini/miniconda3/envs/neural/lib/python3.9/site-packages/optuna/distributions.py:545: UserWarning: The distribution is specified by [0.001, 20] and q=0.1, but the range is not divisible by `q`. It will be replaced by [0.001, 19.901].
  warnings.warn(
[33m[W 2022-03-16 12:11:40,382][0m Trial 11 failed, because the value None could not be cast to float.[0m
/mnt/beegfs/home/quattromini/miniconda3/envs/neural/lib/python3.9/site-packages/optuna/distributions.py:545: UserWarning: The distribution is specified by [0.001, 1] and q=0.1, but the range is not divisible by `q`. It will be replaced by [0.001, 0.901].
  warnings.warn(
/mnt/beegfs/home/quattromini/miniconda3/envs/neural/lib/python3.9/site-packages/optuna/distributions.py:545: UserWarning: The distribution is specified by [0.001, 20] and q=0.1, but the range is not divisible by `q`. It will be replaced by [0.001, 19.901].
  warnings.warn(
[32m[I 2022-03-16 12:11:41,070][0m Trial 12 finished with value: 0.7403116226196289 and parameters: {'latent_dimension': 21, 'k': 2, 'gamma': 0.6010000000000001, 'alpha': 8.901}. Best is trial 8 with value: 0.02335861138999462.[0m
/mnt/beegfs/home/quattromini/miniconda3/envs/neural/lib/python3.9/site-packages/optuna/distributions.py:545: UserWarning: The distribution is specified by [0.001, 1] and q=0.1, but the range is not divisible by `q`. It will be replaced by [0.001, 0.901].
  warnings.warn(
/mnt/beegfs/home/quattromini/miniconda3/envs/neural/lib/python3.9/site-packages/optuna/distributions.py:545: UserWarning: The distribution is specified by [0.001, 20] and q=0.1, but the range is not divisible by `q`. It will be replaced by [0.001, 19.901].
  warnings.warn(
[32m[I 2022-03-16 12:11:44,525][0m Trial 13 finished with value: 7.469322204589844 and parameters: {'latent_dimension': 48, 'k': 16, 'gamma': 0.201, 'alpha': 1.601}. Best is trial 8 with value: 0.02335861138999462.[0m
/mnt/beegfs/home/quattromini/miniconda3/envs/neural/lib/python3.9/site-packages/optuna/distributions.py:545: UserWarning: The distribution is specified by [0.001, 1] and q=0.1, but the range is not divisible by `q`. It will be replaced by [0.001, 0.901].
  warnings.warn(
/mnt/beegfs/home/quattromini/miniconda3/envs/neural/lib/python3.9/site-packages/optuna/distributions.py:545: UserWarning: The distribution is specified by [0.001, 20] and q=0.1, but the range is not divisible by `q`. It will be replaced by [0.001, 19.901].
  warnings.warn(
[33m[W 2022-03-16 12:11:52,066][0m Trial 14 failed, because the value None could not be cast to float.[0m
/mnt/beegfs/home/quattromini/miniconda3/envs/neural/lib/python3.9/site-packages/optuna/distributions.py:545: UserWarning: The distribution is specified by [0.001, 1] and q=0.1, but the range is not divisible by `q`. It will be replaced by [0.001, 0.901].
  warnings.warn(
/mnt/beegfs/home/quattromini/miniconda3/envs/neural/lib/python3.9/site-packages/optuna/distributions.py:545: UserWarning: The distribution is specified by [0.001, 20] and q=0.1, but the range is not divisible by `q`. It will be replaced by [0.001, 19.901].
  warnings.warn(
[32m[I 2022-03-16 12:11:54,348][0m Trial 15 finished with value: 827.3741455078125 and parameters: {'latent_dimension': 46, 'k': 9, 'gamma': 0.801, 'alpha': 6.901000000000001}. Best is trial 8 with value: 0.02335861138999462.[0m
/mnt/beegfs/home/quattromini/miniconda3/envs/neural/lib/python3.9/site-packages/optuna/distributions.py:545: UserWarning: The distribution is specified by [0.001, 1] and q=0.1, but the range is not divisible by `q`. It will be replaced by [0.001, 0.901].
  warnings.warn(
/mnt/beegfs/home/quattromini/miniconda3/envs/neural/lib/python3.9/site-packages/optuna/distributions.py:545: UserWarning: The distribution is specified by [0.001, 20] and q=0.1, but the range is not divisible by `q`. It will be replaced by [0.001, 19.901].
  warnings.warn(
[33m[W 2022-03-16 12:12:02,826][0m Trial 16 failed, because the value None could not be cast to float.[0m
/mnt/beegfs/home/quattromini/miniconda3/envs/neural/lib/python3.9/site-packages/optuna/distributions.py:545: UserWarning: The distribution is specified by [0.001, 1] and q=0.1, but the range is not divisible by `q`. It will be replaced by [0.001, 0.901].
  warnings.warn(
/mnt/beegfs/home/quattromini/miniconda3/envs/neural/lib/python3.9/site-packages/optuna/distributions.py:545: UserWarning: The distribution is specified by [0.001, 20] and q=0.1, but the range is not divisible by `q`. It will be replaced by [0.001, 19.901].
  warnings.warn(
[33m[W 2022-03-16 12:12:12,388][0m Trial 17 failed, because the value None could not be cast to float.[0m
/mnt/beegfs/home/quattromini/miniconda3/envs/neural/lib/python3.9/site-packages/optuna/distributions.py:545: UserWarning: The distribution is specified by [0.001, 1] and q=0.1, but the range is not divisible by `q`. It will be replaced by [0.001, 0.901].
  warnings.warn(
/mnt/beegfs/home/quattromini/miniconda3/envs/neural/lib/python3.9/site-packages/optuna/distributions.py:545: UserWarning: The distribution is specified by [0.001, 20] and q=0.1, but the range is not divisible by `q`. It will be replaced by [0.001, 19.901].
  warnings.warn(
[33m[W 2022-03-16 12:12:21,352][0m Trial 18 failed, because the value None could not be cast to float.[0m
/mnt/beegfs/home/quattromini/miniconda3/envs/neural/lib/python3.9/site-packages/optuna/distributions.py:545: UserWarning:

The distribution is specified by [0.001, 1] and q=0.1, but the range is not divisible by `q`. It will be replaced by [0.001, 0.901].

/mnt/beegfs/home/quattromini/miniconda3/envs/neural/lib/python3.9/site-packages/optuna/distributions.py:545: UserWarning:

The distribution is specified by [0.001, 20] and q=0.1, but the range is not divisible by `q`. It will be replaced by [0.001, 19.901].

[33m[W 2022-03-16 12:12:33,451][0m Trial 19 failed, because the value None could not be cast to float.[0m
/mnt/beegfs/home/quattromini/miniconda3/envs/neural/lib/python3.9/site-packages/optuna/distributions.py:545: UserWarning:

The distribution is specified by [0.001, 1] and q=0.1, but the range is not divisible by `q`. It will be replaced by [0.001, 0.901].

/mnt/beegfs/home/quattromini/miniconda3/envs/neural/lib/python3.9/site-packages/optuna/distributions.py:545: UserWarning:

The distribution is specified by [0.001, 20] and q=0.1, but the range is not divisible by `q`. It will be replaced by [0.001, 19.901].

[32m[I 2022-03-16 12:12:37,283][0m Trial 20 finished with value: 9483.966796875 and parameters: {'latent_dimension': 21, 'k': 23, 'gamma': 0.401, 'alpha': 4.601000000000001}. Best is trial 8 with value: 0.02335861138999462.[0m
/mnt/beegfs/home/quattromini/miniconda3/envs/neural/lib/python3.9/site-packages/optuna/distributions.py:545: UserWarning:

The distribution is specified by [0.001, 1] and q=0.1, but the range is not divisible by `q`. It will be replaced by [0.001, 0.901].

/mnt/beegfs/home/quattromini/miniconda3/envs/neural/lib/python3.9/site-packages/optuna/distributions.py:545: UserWarning:

The distribution is specified by [0.001, 20] and q=0.1, but the range is not divisible by `q`. It will be replaced by [0.001, 19.901].

[32m[I 2022-03-16 12:12:45,527][0m Trial 21 finished with value: 1081.4080810546875 and parameters: {'latent_dimension': 17, 'k': 59, 'gamma': 0.6010000000000001, 'alpha': 2.201}. Best is trial 8 with value: 0.02335861138999462.[0m
/mnt/beegfs/home/quattromini/miniconda3/envs/neural/lib/python3.9/site-packages/optuna/distributions.py:545: UserWarning:

The distribution is specified by [0.001, 1] and q=0.1, but the range is not divisible by `q`. It will be replaced by [0.001, 0.901].

/mnt/beegfs/home/quattromini/miniconda3/envs/neural/lib/python3.9/site-packages/optuna/distributions.py:545: UserWarning:

The distribution is specified by [0.001, 20] and q=0.1, but the range is not divisible by `q`. It will be replaced by [0.001, 19.901].

[33m[W 2022-03-16 12:12:52,435][0m Trial 22 failed, because the value None could not be cast to float.[0m
/mnt/beegfs/home/quattromini/miniconda3/envs/neural/lib/python3.9/site-packages/optuna/distributions.py:545: UserWarning:

The distribution is specified by [0.001, 1] and q=0.1, but the range is not divisible by `q`. It will be replaced by [0.001, 0.901].

/mnt/beegfs/home/quattromini/miniconda3/envs/neural/lib/python3.9/site-packages/optuna/distributions.py:545: UserWarning:

The distribution is specified by [0.001, 20] and q=0.1, but the range is not divisible by `q`. It will be replaced by [0.001, 19.901].

[33m[W 2022-03-16 12:13:01,335][0m Trial 23 failed, because the value None could not be cast to float.[0m
/mnt/beegfs/home/quattromini/miniconda3/envs/neural/lib/python3.9/site-packages/optuna/distributions.py:545: UserWarning:

The distribution is specified by [0.001, 1] and q=0.1, but the range is not divisible by `q`. It will be replaced by [0.001, 0.901].

/mnt/beegfs/home/quattromini/miniconda3/envs/neural/lib/python3.9/site-packages/optuna/distributions.py:545: UserWarning:

The distribution is specified by [0.001, 20] and q=0.1, but the range is not divisible by `q`. It will be replaced by [0.001, 19.901].

[33m[W 2022-03-16 12:13:07,340][0m Trial 24 failed, because the value None could not be cast to float.[0m
/mnt/beegfs/home/quattromini/miniconda3/envs/neural/lib/python3.9/site-packages/optuna/distributions.py:545: UserWarning:

The distribution is specified by [0.001, 1] and q=0.1, but the range is not divisible by `q`. It will be replaced by [0.001, 0.901].

/mnt/beegfs/home/quattromini/miniconda3/envs/neural/lib/python3.9/site-packages/optuna/distributions.py:545: UserWarning:

The distribution is specified by [0.001, 20] and q=0.1, but the range is not divisible by `q`. It will be replaced by [0.001, 19.901].

[33m[W 2022-03-16 12:13:11,500][0m Trial 25 failed, because the value None could not be cast to float.[0m
/mnt/beegfs/home/quattromini/miniconda3/envs/neural/lib/python3.9/site-packages/optuna/distributions.py:545: UserWarning:

The distribution is specified by [0.001, 1] and q=0.1, but the range is not divisible by `q`. It will be replaced by [0.001, 0.901].

/mnt/beegfs/home/quattromini/miniconda3/envs/neural/lib/python3.9/site-packages/optuna/distributions.py:545: UserWarning:

The distribution is specified by [0.001, 20] and q=0.1, but the range is not divisible by `q`. It will be replaced by [0.001, 19.901].

[33m[W 2022-03-16 12:13:19,987][0m Trial 26 failed, because the value None could not be cast to float.[0m
/mnt/beegfs/home/quattromini/miniconda3/envs/neural/lib/python3.9/site-packages/optuna/distributions.py:545: UserWarning:

The distribution is specified by [0.001, 1] and q=0.1, but the range is not divisible by `q`. It will be replaced by [0.001, 0.901].

/mnt/beegfs/home/quattromini/miniconda3/envs/neural/lib/python3.9/site-packages/optuna/distributions.py:545: UserWarning:

The distribution is specified by [0.001, 20] and q=0.1, but the range is not divisible by `q`. It will be replaced by [0.001, 19.901].

[33m[W 2022-03-16 12:13:27,319][0m Trial 27 failed, because the value None could not be cast to float.[0m
/mnt/beegfs/home/quattromini/miniconda3/envs/neural/lib/python3.9/site-packages/optuna/distributions.py:545: UserWarning:

The distribution is specified by [0.001, 1] and q=0.1, but the range is not divisible by `q`. It will be replaced by [0.001, 0.901].

/mnt/beegfs/home/quattromini/miniconda3/envs/neural/lib/python3.9/site-packages/optuna/distributions.py:545: UserWarning:

The distribution is specified by [0.001, 20] and q=0.1, but the range is not divisible by `q`. It will be replaced by [0.001, 19.901].

[32m[I 2022-03-16 12:13:30,866][0m Trial 28 finished with value: 1092.184814453125 and parameters: {'latent_dimension': 10, 'k': 22, 'gamma': 0.201, 'alpha': 7.101000000000001}. Best is trial 8 with value: 0.02335861138999462.[0m
/mnt/beegfs/home/quattromini/miniconda3/envs/neural/lib/python3.9/site-packages/optuna/distributions.py:545: UserWarning:

The distribution is specified by [0.001, 1] and q=0.1, but the range is not divisible by `q`. It will be replaced by [0.001, 0.901].

/mnt/beegfs/home/quattromini/miniconda3/envs/neural/lib/python3.9/site-packages/optuna/distributions.py:545: UserWarning:

The distribution is specified by [0.001, 20] and q=0.1, but the range is not divisible by `q`. It will be replaced by [0.001, 19.901].

[33m[W 2022-03-16 12:13:36,278][0m Trial 29 failed, because the value None could not be cast to float.[0m
/mnt/beegfs/home/quattromini/miniconda3/envs/neural/lib/python3.9/site-packages/optuna/distributions.py:545: UserWarning:

The distribution is specified by [0.001, 1] and q=0.1, but the range is not divisible by `q`. It will be replaced by [0.001, 0.901].

/mnt/beegfs/home/quattromini/miniconda3/envs/neural/lib/python3.9/site-packages/optuna/distributions.py:545: UserWarning:

The distribution is specified by [0.001, 20] and q=0.1, but the range is not divisible by `q`. It will be replaced by [0.001, 19.901].

[33m[W 2022-03-16 12:13:44,498][0m Trial 30 failed, because the value None could not be cast to float.[0m
/mnt/beegfs/home/quattromini/miniconda3/envs/neural/lib/python3.9/site-packages/optuna/distributions.py:545: UserWarning:

The distribution is specified by [0.001, 1] and q=0.1, but the range is not divisible by `q`. It will be replaced by [0.001, 0.901].

/mnt/beegfs/home/quattromini/miniconda3/envs/neural/lib/python3.9/site-packages/optuna/distributions.py:545: UserWarning:

The distribution is specified by [0.001, 20] and q=0.1, but the range is not divisible by `q`. It will be replaced by [0.001, 19.901].

