Trial 15 finished with value: 0.025289364159107208 and parameters: {'latent_dimension': 5, 'k': 62}. Best is trial 1 with value: 0.004420261364430189.
#################### CREATING Inner DATASET #######################
Processing...
Taking Data at Re n.:  40 in  train  mode.
Taking Data at Re n.:  50 in  train  mode.
Taking Data at Re n.:  60 in  train  mode.
Taking Data at Re n.:  70 in  train  mode.
Taking Data at Re n.:  80 in  train  mode.
Taking Data at Re n.:  90 in  train  mode.
Taking Data at Re n.:  100 in  train  mode.
Taking Data at Re n.:  120 in  train  mode.
Taking Data at Re n.:  130 in  train  mode.
Taking Data at Re n.:  140 in  train  mode.
Taking Data at Re n.:  150 in  train  mode.
Done!
Processing...
Taking Data at Re n.:  110 in  val  mode.
Done!
#################### DSS NET parameter #######################
Latent space dim :  10
Number of updates :  34
Gamma (loss function) :  0.1
Alpha (reduction correction) : 0.01
LR (Learning rate): 0.003
PARAMETER SET: k:34, laten_dim:10, alpha:0.01, lr:0.003
#################### CREATING NETWORKS #######################
#################### TRAINING #######################
Epoch 1, 27% 	 train_loss: 1.94713e-02
Epoch 1, 54% 	 train_loss: 8.43249e-03
Epoch 1, 81% 	 train_loss: 5.23896e-03
Training loss = 3.79632e-02
Validation loss = 8.15111e-03
Training finished, took 4.20s, MODEL SAVED
Trial 16 finished with value: 0.00815111119300127 and parameters: {'latent_dimension': 10, 'k': 34}. Best is trial 1 with value: 0.004420261364430189.
#################### CREATING Inner DATASET #######################
Processing...
Taking Data at Re n.:  40 in  train  mode.
Taking Data at Re n.:  50 in  train  mode.
Taking Data at Re n.:  60 in  train  mode.
Taking Data at Re n.:  70 in  train  mode.
Taking Data at Re n.:  80 in  train  mode.
Taking Data at Re n.:  90 in  train  mode.
Taking Data at Re n.:  100 in  train  mode.
Taking Data at Re n.:  120 in  train  mode.
Taking Data at Re n.:  130 in  train  mode.
Taking Data at Re n.:  140 in  train  mode.
Taking Data at Re n.:  150 in  train  mode.
Done!
Processing...
Taking Data at Re n.:  110 in  val  mode.
Done!
#################### DSS NET parameter #######################
Latent space dim :  3
Number of updates :  10
Gamma (loss function) :  0.1
Alpha (reduction correction) : 0.01
LR (Learning rate): 0.003
PARAMETER SET: k:10, laten_dim:3, alpha:0.01, lr:0.003
#################### CREATING NETWORKS #######################
#################### TRAINING #######################
Epoch 1, 27% 	 train_loss: 1.27736e-02
Epoch 1, 54% 	 train_loss: 9.09810e-03
Epoch 1, 81% 	 train_loss: 6.54937e-03
Training loss = 3.19198e-02
Validation loss = 1.52482e-02
Training finished, took 0.96s, MODEL SAVED
Trial 17 finished with value: 0.015248248353600502 and parameters: {'latent_dimension': 3, 'k': 10}. Best is trial 1 with value: 0.004420261364430189.
#################### CREATING Inner DATASET #######################
Processing...
Taking Data at Re n.:  40 in  train  mode.
Taking Data at Re n.:  50 in  train  mode.
Taking Data at Re n.:  60 in  train  mode.
Taking Data at Re n.:  70 in  train  mode.
Taking Data at Re n.:  80 in  train  mode.
Taking Data at Re n.:  90 in  train  mode.
Taking Data at Re n.:  100 in  train  mode.
Taking Data at Re n.:  120 in  train  mode.
Taking Data at Re n.:  130 in  train  mode.
Taking Data at Re n.:  140 in  train  mode.
Taking Data at Re n.:  150 in  train  mode.
Done!
Processing...
Taking Data at Re n.:  110 in  val  mode.
Done!
#################### DSS NET parameter #######################
Latent space dim :  31
Number of updates :  47
Gamma (loss function) :  0.1
Alpha (reduction correction) : 0.01
LR (Learning rate): 0.003
PARAMETER SET: k:47, laten_dim:31, alpha:0.01, lr:0.003
#################### CREATING NETWORKS #######################
#################### TRAINING #######################
Epoch 1, 27% 	 train_loss: 5.94932e-03
Epoch 1, 54% 	 train_loss: 2.46556e-03
Epoch 1, 81% 	 train_loss: 1.72738e-03
Training loss = 1.14360e-02
Validation loss = 6.00834e-03
Training finished, took 7.63s, MODEL SAVED
Trial 18 finished with value: 0.006008339114487171 and parameters: {'latent_dimension': 31, 'k': 47}. Best is trial 1 with value: 0.004420261364430189.
#################### CREATING Inner DATASET #######################
Processing...
Taking Data at Re n.:  40 in  train  mode.
Taking Data at Re n.:  50 in  train  mode.
Taking Data at Re n.:  60 in  train  mode.
Taking Data at Re n.:  70 in  train  mode.
Taking Data at Re n.:  80 in  train  mode.
Taking Data at Re n.:  90 in  train  mode.
Taking Data at Re n.:  100 in  train  mode.
Taking Data at Re n.:  120 in  train  mode.
Taking Data at Re n.:  130 in  train  mode.
Taking Data at Re n.:  140 in  train  mode.
Taking Data at Re n.:  150 in  train  mode.
Done!
Processing...
Taking Data at Re n.:  110 in  val  mode.
Done!
#################### DSS NET parameter #######################
Latent space dim :  37
Number of updates :  62
Gamma (loss function) :  0.1
Alpha (reduction correction) : 0.01
LR (Learning rate): 0.003
PARAMETER SET: k:62, laten_dim:37, alpha:0.01, lr:0.003
#################### CREATING NETWORKS #######################
#################### TRAINING #######################
Epoch 1, 27% 	 train_loss: 5.87875e-03
Epoch 1, 54% 	 train_loss: 2.45678e-03
Epoch 1, 81% 	 train_loss: 1.54498e-03
Training loss = 1.11153e-02
Validation loss = 5.21173e-03
Training finished, took 10.00s, MODEL SAVED
Trial 19 finished with value: 0.005211726762354374 and parameters: {'latent_dimension': 37, 'k': 62}. Best is trial 1 with value: 0.004420261364430189.
#################### CREATING Inner DATASET #######################
Processing...
Taking Data at Re n.:  40 in  train  mode.
Taking Data at Re n.:  50 in  train  mode.
Taking Data at Re n.:  60 in  train  mode.
Taking Data at Re n.:  70 in  train  mode.
Taking Data at Re n.:  80 in  train  mode.
Taking Data at Re n.:  90 in  train  mode.
Taking Data at Re n.:  100 in  train  mode.
Taking Data at Re n.:  120 in  train  mode.
Taking Data at Re n.:  130 in  train  mode.
Taking Data at Re n.:  140 in  train  mode.
Taking Data at Re n.:  150 in  train  mode.
Done!
Processing...
Taking Data at Re n.:  110 in  val  mode.
Done!
#################### DSS NET parameter #######################
Latent space dim :  49
Number of updates :  16
Gamma (loss function) :  0.1
Alpha (reduction correction) : 0.01
LR (Learning rate): 0.003
PARAMETER SET: k:16, laten_dim:49, alpha:0.01, lr:0.003
#################### CREATING NETWORKS #######################
#################### TRAINING #######################
Epoch 1, 27% 	 train_loss: 8.40548e-03
Epoch 1, 54% 	 train_loss: 2.48506e-03
Epoch 1, 81% 	 train_loss: 2.18036e-03
Training loss = 1.42388e-02
Validation loss = 7.30575e-03
Training finished, took 2.83s, MODEL SAVED
Trial 20 finished with value: 0.007305745035409927 and parameters: {'latent_dimension': 49, 'k': 16}. Best is trial 1 with value: 0.004420261364430189.
#################### CREATING Inner DATASET #######################
Processing...
Taking Data at Re n.:  40 in  train  mode.
Taking Data at Re n.:  50 in  train  mode.
Taking Data at Re n.:  60 in  train  mode.
Taking Data at Re n.:  70 in  train  mode.
Taking Data at Re n.:  80 in  train  mode.
Taking Data at Re n.:  90 in  train  mode.
Taking Data at Re n.:  100 in  train  mode.
Taking Data at Re n.:  120 in  train  mode.
Taking Data at Re n.:  130 in  train  mode.
Taking Data at Re n.:  140 in  train  mode.
Taking Data at Re n.:  150 in  train  mode.
Done!
Processing...
Taking Data at Re n.:  110 in  val  mode.
Done!
#################### DSS NET parameter #######################
Latent space dim :  31
Number of updates :  24
Gamma (loss function) :  0.1
Alpha (reduction correction) : 0.01
LR (Learning rate): 0.003
PARAMETER SET: k:24, laten_dim:31, alpha:0.01, lr:0.003
#################### CREATING NETWORKS #######################
#################### TRAINING #######################
Epoch 1, 27% 	 train_loss: 1.11504e-02
Epoch 1, 54% 	 train_loss: 3.63723e-03
Epoch 1, 81% 	 train_loss: 2.11172e-03
Training loss = 1.92815e-02
Validation loss = 5.85998e-03
Training finished, took 4.01s, MODEL SAVED
Trial 21 finished with value: 0.005859980825334787 and parameters: {'latent_dimension': 31, 'k': 24}. Best is trial 1 with value: 0.004420261364430189.
#################### CREATING Inner DATASET #######################
Processing...
Taking Data at Re n.:  40 in  train  mode.
Taking Data at Re n.:  50 in  train  mode.
Taking Data at Re n.:  60 in  train  mode.
Taking Data at Re n.:  70 in  train  mode.
Taking Data at Re n.:  80 in  train  mode.
Taking Data at Re n.:  90 in  train  mode.
Taking Data at Re n.:  100 in  train  mode.
Taking Data at Re n.:  120 in  train  mode.
Taking Data at Re n.:  130 in  train  mode.
Taking Data at Re n.:  140 in  train  mode.
Taking Data at Re n.:  150 in  train  mode.
Done!
Processing...
Taking Data at Re n.:  110 in  val  mode.
Done!
#################### DSS NET parameter #######################
Latent space dim :  29
Number of updates :  3
Gamma (loss function) :  0.1
Alpha (reduction correction) : 0.01
LR (Learning rate): 0.003
PARAMETER SET: k:3, laten_dim:29, alpha:0.01, lr:0.003
#################### CREATING NETWORKS #######################
#################### TRAINING #######################
Epoch 1, 27% 	 train_loss: 6.38612e-03
Epoch 1, 54% 	 train_loss: 2.40768e-03
Epoch 1, 81% 	 train_loss: 1.48461e-03
Training loss = 1.15551e-02
Validation loss = 4.52270e-03
Training finished, took 0.54s, MODEL SAVED
Trial 22 finished with value: 0.0045227003283798695 and parameters: {'latent_dimension': 29, 'k': 3}. Best is trial 1 with value: 0.004420261364430189.
#################### CREATING Inner DATASET #######################
Processing...
Taking Data at Re n.:  40 in  train  mode.
Taking Data at Re n.:  50 in  train  mode.
Taking Data at Re n.:  60 in  train  mode.
Taking Data at Re n.:  70 in  train  mode.
Taking Data at Re n.:  80 in  train  mode.
Taking Data at Re n.:  90 in  train  mode.
Taking Data at Re n.:  100 in  train  mode.
Taking Data at Re n.:  120 in  train  mode.
Taking Data at Re n.:  130 in  train  mode.
Taking Data at Re n.:  140 in  train  mode.
Taking Data at Re n.:  150 in  train  mode.
Done!
Processing...
Taking Data at Re n.:  110 in  val  mode.
Done!
#################### DSS NET parameter #######################
Latent space dim :  26
Number of updates :  57
Gamma (loss function) :  0.1
Alpha (reduction correction) : 0.01
LR (Learning rate): 0.003
PARAMETER SET: k:57, laten_dim:26, alpha:0.01, lr:0.003
#################### CREATING NETWORKS #######################
#################### TRAINING #######################
Epoch 1, 27% 	 train_loss: 5.51939e-03
Epoch 1, 54% 	 train_loss: 2.42408e-03
Epoch 1, 81% 	 train_loss: 1.54426e-03
Training loss = 1.06058e-02
Validation loss = 5.20994e-03
Training finished, took 9.13s, MODEL SAVED
Trial 23 finished with value: 0.005209938623011112 and parameters: {'latent_dimension': 26, 'k': 57}. Best is trial 1 with value: 0.004420261364430189.
#################### CREATING Inner DATASET #######################
Processing...
Taking Data at Re n.:  40 in  train  mode.
Taking Data at Re n.:  50 in  train  mode.
Taking Data at Re n.:  60 in  train  mode.
Taking Data at Re n.:  70 in  train  mode.
Taking Data at Re n.:  80 in  train  mode.
Taking Data at Re n.:  90 in  train  mode.
Taking Data at Re n.:  100 in  train  mode.
Taking Data at Re n.:  120 in  train  mode.
Taking Data at Re n.:  130 in  train  mode.
Taking Data at Re n.:  140 in  train  mode.
Taking Data at Re n.:  150 in  train  mode.
Done!
Processing...
Taking Data at Re n.:  110 in  val  mode.
Done!
#################### DSS NET parameter #######################
Latent space dim :  15
Number of updates :  32
Gamma (loss function) :  0.1
Alpha (reduction correction) : 0.01
LR (Learning rate): 0.003
PARAMETER SET: k:32, laten_dim:15, alpha:0.01, lr:0.003
#################### CREATING NETWORKS #######################
#################### TRAINING #######################
Epoch 1, 27% 	 train_loss: 1.27093e-02
Epoch 1, 54% 	 train_loss: 4.21861e-03
Epoch 1, 81% 	 train_loss: 1.61314e-03
Training loss = 1.97390e-02
Validation loss = 5.72382e-03
Training finished, took 4.52s, MODEL SAVED
Trial 24 finished with value: 0.005723815876990557 and parameters: {'latent_dimension': 15, 'k': 32}. Best is trial 1 with value: 0.004420261364430189.
#################### CREATING Inner DATASET #######################
Processing...
Taking Data at Re n.:  40 in  train  mode.
Taking Data at Re n.:  50 in  train  mode.
Taking Data at Re n.:  60 in  train  mode.
Taking Data at Re n.:  70 in  train  mode.
Taking Data at Re n.:  80 in  train  mode.
Taking Data at Re n.:  90 in  train  mode.
Taking Data at Re n.:  100 in  train  mode.
Taking Data at Re n.:  120 in  train  mode.
Taking Data at Re n.:  130 in  train  mode.
Taking Data at Re n.:  140 in  train  mode.
Taking Data at Re n.:  150 in  train  mode.
Done!
Processing...
Taking Data at Re n.:  110 in  val  mode.
Done!
#################### DSS NET parameter #######################
Latent space dim :  18
Number of updates :  9
Gamma (loss function) :  0.1
Alpha (reduction correction) : 0.01
LR (Learning rate): 0.003
PARAMETER SET: k:9, laten_dim:18, alpha:0.01, lr:0.003
#################### CREATING NETWORKS #######################
#################### TRAINING #######################
Epoch 1, 27% 	 train_loss: 9.41460e-03
Epoch 1, 54% 	 train_loss: 4.50104e-03
Epoch 1, 81% 	 train_loss: 1.73815e-03
Training loss = 1.69825e-02
Validation loss = 4.84830e-03
Training finished, took 1.35s, MODEL SAVED
Trial 25 finished with value: 0.004848303738981485 and parameters: {'latent_dimension': 18, 'k': 9}. Best is trial 1 with value: 0.004420261364430189.
#################### CREATING Inner DATASET #######################
Processing...
Taking Data at Re n.:  40 in  train  mode.
Taking Data at Re n.:  50 in  train  mode.
Taking Data at Re n.:  60 in  train  mode.
Taking Data at Re n.:  70 in  train  mode.
Taking Data at Re n.:  80 in  train  mode.
Taking Data at Re n.:  90 in  train  mode.
Taking Data at Re n.:  100 in  train  mode.
Taking Data at Re n.:  120 in  train  mode.
Taking Data at Re n.:  130 in  train  mode.
Taking Data at Re n.:  140 in  train  mode.
Taking Data at Re n.:  150 in  train  mode.
Done!
Processing...
Taking Data at Re n.:  110 in  val  mode.
Done!
#################### DSS NET parameter #######################
Latent space dim :  50
Number of updates :  13
Gamma (loss function) :  0.1
Alpha (reduction correction) : 0.01
LR (Learning rate): 0.003
PARAMETER SET: k:13, laten_dim:50, alpha:0.01, lr:0.003
#################### CREATING NETWORKS #######################
#################### TRAINING #######################
Epoch 1, 27% 	 train_loss: 5.43794e-03
Epoch 1, 54% 	 train_loss: 2.48330e-03
Epoch 1, 81% 	 train_loss: 1.40648e-03
Training loss = 1.04219e-02
Validation loss = 4.47098e-03
Training finished, took 2.33s, MODEL SAVED
Trial 26 finished with value: 0.004470983985811472 and parameters: {'latent_dimension': 50, 'k': 13}. Best is trial 1 with value: 0.004420261364430189.
#################### CREATING Inner DATASET #######################
Processing...
Taking Data at Re n.:  40 in  train  mode.
Taking Data at Re n.:  50 in  train  mode.
Taking Data at Re n.:  60 in  train  mode.
Taking Data at Re n.:  70 in  train  mode.
Taking Data at Re n.:  80 in  train  mode.
Taking Data at Re n.:  90 in  train  mode.
Taking Data at Re n.:  100 in  train  mode.
Taking Data at Re n.:  120 in  train  mode.
Taking Data at Re n.:  130 in  train  mode.
Taking Data at Re n.:  140 in  train  mode.
Taking Data at Re n.:  150 in  train  mode.
Done!
Processing...
Taking Data at Re n.:  110 in  val  mode.
Done!
#################### DSS NET parameter #######################
Latent space dim :  10
Number of updates :  20
Gamma (loss function) :  0.1
Alpha (reduction correction) : 0.01
LR (Learning rate): 0.003
PARAMETER SET: k:20, laten_dim:10, alpha:0.01, lr:0.003
#################### CREATING NETWORKS #######################
#################### TRAINING #######################
Epoch 1, 27% 	 train_loss: 1.43623e-02
Epoch 1, 54% 	 train_loss: 5.62164e-03
Epoch 1, 81% 	 train_loss: 3.79459e-03
Training loss = 2.63493e-02
Validation loss = 6.51915e-03
Training finished, took 2.38s, MODEL SAVED
Trial 27 finished with value: 0.006519148591905832 and parameters: {'latent_dimension': 10, 'k': 20}. Best is trial 1 with value: 0.004420261364430189.
#################### CREATING Inner DATASET #######################
Processing...
Taking Data at Re n.:  40 in  train  mode.
Taking Data at Re n.:  50 in  train  mode.
Taking Data at Re n.:  60 in  train  mode.
Taking Data at Re n.:  70 in  train  mode.
Taking Data at Re n.:  80 in  train  mode.
Taking Data at Re n.:  90 in  train  mode.
Taking Data at Re n.:  100 in  train  mode.
Taking Data at Re n.:  120 in  train  mode.
Taking Data at Re n.:  130 in  train  mode.
Taking Data at Re n.:  140 in  train  mode.
Taking Data at Re n.:  150 in  train  mode.
Done!
Processing...
Taking Data at Re n.:  110 in  val  mode.
Done!
#################### DSS NET parameter #######################
Latent space dim :  25
Number of updates :  58
Gamma (loss function) :  0.1
Alpha (reduction correction) : 0.01
LR (Learning rate): 0.003
PARAMETER SET: k:58, laten_dim:25, alpha:0.01, lr:0.003
#################### CREATING NETWORKS #######################
#################### TRAINING #######################
Epoch 1, 27% 	 train_loss: 5.70354e-03
Epoch 1, 54% 	 train_loss: 2.38118e-03
Epoch 1, 81% 	 train_loss: 1.70386e-03
Training loss = 1.09103e-02
Validation loss = 5.22591e-03
Training finished, took 8.55s, MODEL SAVED
Trial 28 finished with value: 0.005225907079875469 and parameters: {'latent_dimension': 25, 'k': 58}. Best is trial 1 with value: 0.004420261364430189.
#################### CREATING Inner DATASET #######################
Processing...
Taking Data at Re n.:  40 in  train  mode.
Taking Data at Re n.:  50 in  train  mode.
Taking Data at Re n.:  60 in  train  mode.
Taking Data at Re n.:  70 in  train  mode.
Taking Data at Re n.:  80 in  train  mode.
Taking Data at Re n.:  90 in  train  mode.
Taking Data at Re n.:  100 in  train  mode.
Taking Data at Re n.:  120 in  train  mode.
Taking Data at Re n.:  130 in  train  mode.
Taking Data at Re n.:  140 in  train  mode.
Taking Data at Re n.:  150 in  train  mode.
Done!
Processing...
Taking Data at Re n.:  110 in  val  mode.
Done!
#################### DSS NET parameter #######################
Latent space dim :  33
Number of updates :  58
Gamma (loss function) :  0.1
Alpha (reduction correction) : 0.01
LR (Learning rate): 0.003
PARAMETER SET: k:58, laten_dim:33, alpha:0.01, lr:0.003
#################### CREATING NETWORKS #######################
#################### TRAINING #######################
Epoch 1, 27% 	 train_loss: 6.31026e-03
Epoch 1, 54% 	 train_loss: 2.79907e-03
Epoch 1, 81% 	 train_loss: 1.65593e-03
Training loss = 1.18942e-02
Validation loss = 4.67631e-03
Training finished, took 8.82s, MODEL SAVED
Trial 29 finished with value: 0.004676308948546648 and parameters: {'latent_dimension': 33, 'k': 58}. Best is trial 1 with value: 0.004420261364430189.
#################### CREATING Inner DATASET #######################
Processing...
Taking Data at Re n.:  40 in  train  mode.
Taking Data at Re n.:  50 in  train  mode.
Taking Data at Re n.:  60 in  train  mode.
Taking Data at Re n.:  70 in  train  mode.
Taking Data at Re n.:  80 in  train  mode.
Taking Data at Re n.:  90 in  train  mode.
Taking Data at Re n.:  100 in  train  mode.
Taking Data at Re n.:  120 in  train  mode.
Taking Data at Re n.:  130 in  train  mode.
Taking Data at Re n.:  140 in  train  mode.
Taking Data at Re n.:  150 in  train  mode.
Done!
Processing...
Taking Data at Re n.:  110 in  val  mode.
Done!
#################### DSS NET parameter #######################
Latent space dim :  43
Number of updates :  15
Gamma (loss function) :  0.1
Alpha (reduction correction) : 0.01
LR (Learning rate): 0.003
PARAMETER SET: k:15, laten_dim:43, alpha:0.01, lr:0.003
#################### CREATING NETWORKS #######################
#################### TRAINING #######################
Epoch 1, 27% 	 train_loss: 7.48167e-03
Epoch 1, 54% 	 train_loss: 2.46082e-03
Epoch 1, 81% 	 train_loss: 1.62662e-03
Training loss = 1.27651e-02
Validation loss = 4.79788e-03
Training finished, took 2.48s, MODEL SAVED
Trial 30 finished with value: 0.00479788426309824 and parameters: {'latent_dimension': 43, 'k': 15}. Best is trial 1 with value: 0.004420261364430189.
#################### CREATING Inner DATASET #######################
Processing...
Taking Data at Re n.:  40 in  train  mode.
Taking Data at Re n.:  50 in  train  mode.
Taking Data at Re n.:  60 in  train  mode.
Taking Data at Re n.:  70 in  train  mode.
Taking Data at Re n.:  80 in  train  mode.
Taking Data at Re n.:  90 in  train  mode.
Taking Data at Re n.:  100 in  train  mode.
Taking Data at Re n.:  120 in  train  mode.
Taking Data at Re n.:  130 in  train  mode.
Taking Data at Re n.:  140 in  train  mode.
Taking Data at Re n.:  150 in  train  mode.
Done!
Processing...
Taking Data at Re n.:  110 in  val  mode.
Done!
#################### DSS NET parameter #######################
Latent space dim :  48
Number of updates :  23
Gamma (loss function) :  0.1
Alpha (reduction correction) : 0.01
LR (Learning rate): 0.003
PARAMETER SET: k:23, laten_dim:48, alpha:0.01, lr:0.003
#################### CREATING NETWORKS #######################
#################### TRAINING #######################
Epoch 1, 27% 	 train_loss: 5.96793e-03
Epoch 1, 54% 	 train_loss: 2.24942e-03
Epoch 1, 81% 	 train_loss: 1.41395e-03
Training loss = 1.07354e-02
Validation loss = 4.95091e-03
Training finished, took 3.96s, MODEL SAVED
