[32m[I 2022-03-16 12:16:43,873][0m Trial 59 finished with value: 38161.17578125 and parameters: {'latent_dimension': 32, 'k': 11, 'gamma': 0.101, 'alpha': 8.600999999999999}. Best is trial 8 with value: 0.02335861138999462.[0m
/mnt/beegfs/home/quattromini/miniconda3/envs/neural/lib/python3.9/site-packages/optuna/distributions.py:545: UserWarning:

The distribution is specified by [0.001, 1] and q=0.1, but the range is not divisible by `q`. It will be replaced by [0.001, 0.901].

/mnt/beegfs/home/quattromini/miniconda3/envs/neural/lib/python3.9/site-packages/optuna/distributions.py:545: UserWarning:

The distribution is specified by [0.001, 20] and q=0.1, but the range is not divisible by `q`. It will be replaced by [0.001, 19.901].

[33m[W 2022-03-16 12:16:50,617][0m Trial 60 failed, because the value None could not be cast to float.[0m
/mnt/beegfs/home/quattromini/miniconda3/envs/neural/lib/python3.9/site-packages/optuna/distributions.py:545: UserWarning:

The distribution is specified by [0.001, 1] and q=0.1, but the range is not divisible by `q`. It will be replaced by [0.001, 0.901].

/mnt/beegfs/home/quattromini/miniconda3/envs/neural/lib/python3.9/site-packages/optuna/distributions.py:545: UserWarning:

The distribution is specified by [0.001, 20] and q=0.1, but the range is not divisible by `q`. It will be replaced by [0.001, 19.901].

[33m[W 2022-03-16 12:16:57,109][0m Trial 61 failed, because the value None could not be cast to float.[0m
/mnt/beegfs/home/quattromini/miniconda3/envs/neural/lib/python3.9/site-packages/optuna/distributions.py:545: UserWarning:

The distribution is specified by [0.001, 1] and q=0.1, but the range is not divisible by `q`. It will be replaced by [0.001, 0.901].

/mnt/beegfs/home/quattromini/miniconda3/envs/neural/lib/python3.9/site-packages/optuna/distributions.py:545: UserWarning:

The distribution is specified by [0.001, 20] and q=0.1, but the range is not divisible by `q`. It will be replaced by [0.001, 19.901].

[33m[W 2022-03-16 12:17:02,875][0m Trial 62 failed, because the value None could not be cast to float.[0m
/mnt/beegfs/home/quattromini/miniconda3/envs/neural/lib/python3.9/site-packages/optuna/distributions.py:545: UserWarning:

The distribution is specified by [0.001, 1] and q=0.1, but the range is not divisible by `q`. It will be replaced by [0.001, 0.901].

/mnt/beegfs/home/quattromini/miniconda3/envs/neural/lib/python3.9/site-packages/optuna/distributions.py:545: UserWarning:

The distribution is specified by [0.001, 20] and q=0.1, but the range is not divisible by `q`. It will be replaced by [0.001, 19.901].

[33m[W 2022-03-16 12:17:12,641][0m Trial 63 failed, because the value None could not be cast to float.[0m
/mnt/beegfs/home/quattromini/miniconda3/envs/neural/lib/python3.9/site-packages/optuna/distributions.py:545: UserWarning:

The distribution is specified by [0.001, 1] and q=0.1, but the range is not divisible by `q`. It will be replaced by [0.001, 0.901].

/mnt/beegfs/home/quattromini/miniconda3/envs/neural/lib/python3.9/site-packages/optuna/distributions.py:545: UserWarning:

The distribution is specified by [0.001, 20] and q=0.1, but the range is not divisible by `q`. It will be replaced by [0.001, 19.901].

[33m[W 2022-03-16 12:17:24,254][0m Trial 64 failed, because the value None could not be cast to float.[0m
/mnt/beegfs/home/quattromini/miniconda3/envs/neural/lib/python3.9/site-packages/optuna/distributions.py:545: UserWarning:

The distribution is specified by [0.001, 1] and q=0.1, but the range is not divisible by `q`. It will be replaced by [0.001, 0.901].

/mnt/beegfs/home/quattromini/miniconda3/envs/neural/lib/python3.9/site-packages/optuna/distributions.py:545: UserWarning:

The distribution is specified by [0.001, 20] and q=0.1, but the range is not divisible by `q`. It will be replaced by [0.001, 19.901].

[32m[I 2022-03-16 12:17:28,095][0m Trial 65 finished with value: 17.80099105834961 and parameters: {'latent_dimension': 40, 'k': 18, 'gamma': 0.201, 'alpha': 2.9010000000000002}. Best is trial 8 with value: 0.02335861138999462.[0m
/mnt/beegfs/home/quattromini/miniconda3/envs/neural/lib/python3.9/site-packages/optuna/distributions.py:545: UserWarning:

The distribution is specified by [0.001, 1] and q=0.1, but the range is not divisible by `q`. It will be replaced by [0.001, 0.901].

/mnt/beegfs/home/quattromini/miniconda3/envs/neural/lib/python3.9/site-packages/optuna/distributions.py:545: UserWarning:

The distribution is specified by [0.001, 20] and q=0.1, but the range is not divisible by `q`. It will be replaced by [0.001, 19.901].

[32m[I 2022-03-16 12:17:30,031][0m Trial 66 finished with value: 3102.4052734375 and parameters: {'latent_dimension': 1, 'k': 9, 'gamma': 0.7010000000000001, 'alpha': 12.001}. Best is trial 8 with value: 0.02335861138999462.[0m
/mnt/beegfs/home/quattromini/miniconda3/envs/neural/lib/python3.9/site-packages/optuna/distributions.py:545: UserWarning:

The distribution is specified by [0.001, 1] and q=0.1, but the range is not divisible by `q`. It will be replaced by [0.001, 0.901].

/mnt/beegfs/home/quattromini/miniconda3/envs/neural/lib/python3.9/site-packages/optuna/distributions.py:545: UserWarning:

The distribution is specified by [0.001, 20] and q=0.1, but the range is not divisible by `q`. It will be replaced by [0.001, 19.901].

[33m[W 2022-03-16 12:17:40,406][0m Trial 67 failed, because the value None could not be cast to float.[0m
/mnt/beegfs/home/quattromini/miniconda3/envs/neural/lib/python3.9/site-packages/optuna/distributions.py:545: UserWarning:

The distribution is specified by [0.001, 1] and q=0.1, but the range is not divisible by `q`. It will be replaced by [0.001, 0.901].

/mnt/beegfs/home/quattromini/miniconda3/envs/neural/lib/python3.9/site-packages/optuna/distributions.py:545: UserWarning:

The distribution is specified by [0.001, 20] and q=0.1, but the range is not divisible by `q`. It will be replaced by [0.001, 19.901].

[33m[W 2022-03-16 12:17:48,243][0m Trial 68 failed, because the value None could not be cast to float.[0m
/mnt/beegfs/home/quattromini/miniconda3/envs/neural/lib/python3.9/site-packages/optuna/distributions.py:545: UserWarning:

The distribution is specified by [0.001, 1] and q=0.1, but the range is not divisible by `q`. It will be replaced by [0.001, 0.901].

/mnt/beegfs/home/quattromini/miniconda3/envs/neural/lib/python3.9/site-packages/optuna/distributions.py:545: UserWarning:

The distribution is specified by [0.001, 20] and q=0.1, but the range is not divisible by `q`. It will be replaced by [0.001, 19.901].

[32m[I 2022-03-16 12:17:56,954][0m Trial 69 finished with value: 52.750709533691406 and parameters: {'latent_dimension': 41, 'k': 52, 'gamma': 0.901, 'alpha': 1.301}. Best is trial 8 with value: 0.02335861138999462.[0m
/mnt/beegfs/home/quattromini/miniconda3/envs/neural/lib/python3.9/site-packages/optuna/distributions.py:545: UserWarning:

The distribution is specified by [0.001, 1] and q=0.1, but the range is not divisible by `q`. It will be replaced by [0.001, 0.901].

/mnt/beegfs/home/quattromini/miniconda3/envs/neural/lib/python3.9/site-packages/optuna/distributions.py:545: UserWarning:

The distribution is specified by [0.001, 20] and q=0.1, but the range is not divisible by `q`. It will be replaced by [0.001, 19.901].

[33m[W 2022-03-16 12:18:08,127][0m Trial 70 failed, because the value None could not be cast to float.[0m
/mnt/beegfs/home/quattromini/miniconda3/envs/neural/lib/python3.9/site-packages/optuna/distributions.py:545: UserWarning:

The distribution is specified by [0.001, 1] and q=0.1, but the range is not divisible by `q`. It will be replaced by [0.001, 0.901].

/mnt/beegfs/home/quattromini/miniconda3/envs/neural/lib/python3.9/site-packages/optuna/distributions.py:545: UserWarning:

The distribution is specified by [0.001, 20] and q=0.1, but the range is not divisible by `q`. It will be replaced by [0.001, 19.901].

[32m[I 2022-03-16 12:18:19,392][0m Trial 71 finished with value: 46.85309600830078 and parameters: {'latent_dimension': 50, 'k': 64, 'gamma': 0.401, 'alpha': 1.001}. Best is trial 8 with value: 0.02335861138999462.[0m
/mnt/beegfs/home/quattromini/miniconda3/envs/neural/lib/python3.9/site-packages/optuna/distributions.py:545: UserWarning:

The distribution is specified by [0.001, 1] and q=0.1, but the range is not divisible by `q`. It will be replaced by [0.001, 0.901].

/mnt/beegfs/home/quattromini/miniconda3/envs/neural/lib/python3.9/site-packages/optuna/distributions.py:545: UserWarning:

The distribution is specified by [0.001, 20] and q=0.1, but the range is not divisible by `q`. It will be replaced by [0.001, 19.901].

[33m[W 2022-03-16 12:18:22,923][0m Trial 72 failed, because the value None could not be cast to float.[0m
/mnt/beegfs/home/quattromini/miniconda3/envs/neural/lib/python3.9/site-packages/optuna/distributions.py:545: UserWarning:

The distribution is specified by [0.001, 1] and q=0.1, but the range is not divisible by `q`. It will be replaced by [0.001, 0.901].

/mnt/beegfs/home/quattromini/miniconda3/envs/neural/lib/python3.9/site-packages/optuna/distributions.py:545: UserWarning:

The distribution is specified by [0.001, 20] and q=0.1, but the range is not divisible by `q`. It will be replaced by [0.001, 19.901].

[33m[W 2022-03-16 12:18:34,208][0m Trial 73 failed, because the value None could not be cast to float.[0m
/mnt/beegfs/home/quattromini/miniconda3/envs/neural/lib/python3.9/site-packages/optuna/distributions.py:545: UserWarning:

The distribution is specified by [0.001, 1] and q=0.1, but the range is not divisible by `q`. It will be replaced by [0.001, 0.901].

/mnt/beegfs/home/quattromini/miniconda3/envs/neural/lib/python3.9/site-packages/optuna/distributions.py:545: UserWarning:

The distribution is specified by [0.001, 20] and q=0.1, but the range is not divisible by `q`. It will be replaced by [0.001, 19.901].

[33m[W 2022-03-16 12:18:41,649][0m Trial 74 failed, because the value None could not be cast to float.[0m
/mnt/beegfs/home/quattromini/miniconda3/envs/neural/lib/python3.9/site-packages/optuna/distributions.py:545: UserWarning:

The distribution is specified by [0.001, 1] and q=0.1, but the range is not divisible by `q`. It will be replaced by [0.001, 0.901].

/mnt/beegfs/home/quattromini/miniconda3/envs/neural/lib/python3.9/site-packages/optuna/distributions.py:545: UserWarning:

The distribution is specified by [0.001, 20] and q=0.1, but the range is not divisible by `q`. It will be replaced by [0.001, 19.901].

[33m[W 2022-03-16 12:18:48,101][0m Trial 75 failed, because the value None could not be cast to float.[0m
/mnt/beegfs/home/quattromini/miniconda3/envs/neural/lib/python3.9/site-packages/optuna/distributions.py:545: UserWarning:

The distribution is specified by [0.001, 1] and q=0.1, but the range is not divisible by `q`. It will be replaced by [0.001, 0.901].

/mnt/beegfs/home/quattromini/miniconda3/envs/neural/lib/python3.9/site-packages/optuna/distributions.py:545: UserWarning:

The distribution is specified by [0.001, 20] and q=0.1, but the range is not divisible by `q`. It will be replaced by [0.001, 19.901].

[32m[I 2022-03-16 12:18:52,213][0m Trial 76 finished with value: 7654.91162109375 and parameters: {'latent_dimension': 35, 'k': 21, 'gamma': 0.7010000000000001, 'alpha': 4.2010000000000005}. Best is trial 8 with value: 0.02335861138999462.[0m
/mnt/beegfs/home/quattromini/miniconda3/envs/neural/lib/python3.9/site-packages/optuna/distributions.py:545: UserWarning:

The distribution is specified by [0.001, 1] and q=0.1, but the range is not divisible by `q`. It will be replaced by [0.001, 0.901].

/mnt/beegfs/home/quattromini/miniconda3/envs/neural/lib/python3.9/site-packages/optuna/distributions.py:545: UserWarning:

The distribution is specified by [0.001, 20] and q=0.1, but the range is not divisible by `q`. It will be replaced by [0.001, 19.901].

[33m[W 2022-03-16 12:19:03,245][0m Trial 77 failed, because the value None could not be cast to float.[0m
/mnt/beegfs/home/quattromini/miniconda3/envs/neural/lib/python3.9/site-packages/optuna/distributions.py:545: UserWarning:

The distribution is specified by [0.001, 1] and q=0.1, but the range is not divisible by `q`. It will be replaced by [0.001, 0.901].

/mnt/beegfs/home/quattromini/miniconda3/envs/neural/lib/python3.9/site-packages/optuna/distributions.py:545: UserWarning:

The distribution is specified by [0.001, 20] and q=0.1, but the range is not divisible by `q`. It will be replaced by [0.001, 19.901].

[33m[W 2022-03-16 12:19:10,639][0m Trial 78 failed, because the value None could not be cast to float.[0m
/mnt/beegfs/home/quattromini/miniconda3/envs/neural/lib/python3.9/site-packages/optuna/distributions.py:545: UserWarning:

The distribution is specified by [0.001, 1] and q=0.1, but the range is not divisible by `q`. It will be replaced by [0.001, 0.901].

/mnt/beegfs/home/quattromini/miniconda3/envs/neural/lib/python3.9/site-packages/optuna/distributions.py:545: UserWarning:

The distribution is specified by [0.001, 20] and q=0.1, but the range is not divisible by `q`. It will be replaced by [0.001, 19.901].

[33m[W 2022-03-16 12:19:17,511][0m Trial 79 failed, because the value None could not be cast to float.[0m
/mnt/beegfs/home/quattromini/miniconda3/envs/neural/lib/python3.9/site-packages/optuna/distributions.py:545: UserWarning:

The distribution is specified by [0.001, 1] and q=0.1, but the range is not divisible by `q`. It will be replaced by [0.001, 0.901].

/mnt/beegfs/home/quattromini/miniconda3/envs/neural/lib/python3.9/site-packages/optuna/distributions.py:545: UserWarning:

The distribution is specified by [0.001, 20] and q=0.1, but the range is not divisible by `q`. It will be replaced by [0.001, 19.901].

[33m[W 2022-03-16 12:19:21,473][0m Trial 80 failed, because the value None could not be cast to float.[0m
/mnt/beegfs/home/quattromini/miniconda3/envs/neural/lib/python3.9/site-packages/optuna/distributions.py:545: UserWarning:

The distribution is specified by [0.001, 1] and q=0.1, but the range is not divisible by `q`. It will be replaced by [0.001, 0.901].

/mnt/beegfs/home/quattromini/miniconda3/envs/neural/lib/python3.9/site-packages/optuna/distributions.py:545: UserWarning:

The distribution is specified by [0.001, 20] and q=0.1, but the range is not divisible by `q`. It will be replaced by [0.001, 19.901].

[33m[W 2022-03-16 12:19:26,577][0m Trial 81 failed, because the value None could not be cast to float.[0m
/mnt/beegfs/home/quattromini/miniconda3/envs/neural/lib/python3.9/site-packages/optuna/distributions.py:545: UserWarning:

The distribution is specified by [0.001, 1] and q=0.1, but the range is not divisible by `q`. It will be replaced by [0.001, 0.901].

/mnt/beegfs/home/quattromini/miniconda3/envs/neural/lib/python3.9/site-packages/optuna/distributions.py:545: UserWarning:

The distribution is specified by [0.001, 20] and q=0.1, but the range is not divisible by `q`. It will be replaced by [0.001, 19.901].

[33m[W 2022-03-16 12:19:36,567][0m Trial 82 failed, because the value None could not be cast to float.[0m
/mnt/beegfs/home/quattromini/miniconda3/envs/neural/lib/python3.9/site-packages/optuna/distributions.py:545: UserWarning:

The distribution is specified by [0.001, 1] and q=0.1, but the range is not divisible by `q`. It will be replaced by [0.001, 0.901].

/mnt/beegfs/home/quattromini/miniconda3/envs/neural/lib/python3.9/site-packages/optuna/distributions.py:545: UserWarning:

The distribution is specified by [0.001, 20] and q=0.1, but the range is not divisible by `q`. It will be replaced by [0.001, 19.901].

[33m[W 2022-03-16 12:19:42,429][0m Trial 83 failed, because the value None could not be cast to float.[0m
/mnt/beegfs/home/quattromini/miniconda3/envs/neural/lib/python3.9/site-packages/optuna/distributions.py:545: UserWarning:

The distribution is specified by [0.001, 1] and q=0.1, but the range is not divisible by `q`. It will be replaced by [0.001, 0.901].

/mnt/beegfs/home/quattromini/miniconda3/envs/neural/lib/python3.9/site-packages/optuna/distributions.py:545: UserWarning:

The distribution is specified by [0.001, 20] and q=0.1, but the range is not divisible by `q`. It will be replaced by [0.001, 19.901].

[33m[W 2022-03-16 12:19:50,254][0m Trial 84 failed, because the value None could not be cast to float.[0m
/mnt/beegfs/home/quattromini/miniconda3/envs/neural/lib/python3.9/site-packages/optuna/distributions.py:545: UserWarning:

The distribution is specified by [0.001, 1] and q=0.1, but the range is not divisible by `q`. It will be replaced by [0.001, 0.901].

/mnt/beegfs/home/quattromini/miniconda3/envs/neural/lib/python3.9/site-packages/optuna/distributions.py:545: UserWarning:

The distribution is specified by [0.001, 20] and q=0.1, but the range is not divisible by `q`. It will be replaced by [0.001, 19.901].

[33m[W 2022-03-16 12:19:58,072][0m Trial 85 failed, because the value None could not be cast to float.[0m
/mnt/beegfs/home/quattromini/miniconda3/envs/neural/lib/python3.9/site-packages/optuna/distributions.py:545: UserWarning:

The distribution is specified by [0.001, 1] and q=0.1, but the range is not divisible by `q`. It will be replaced by [0.001, 0.901].

/mnt/beegfs/home/quattromini/miniconda3/envs/neural/lib/python3.9/site-packages/optuna/distributions.py:545: UserWarning:

The distribution is specified by [0.001, 20] and q=0.1, but the range is not divisible by `q`. It will be replaced by [0.001, 19.901].

[33m[W 2022-03-16 12:20:03,733][0m Trial 86 failed, because the value None could not be cast to float.[0m
/mnt/beegfs/home/quattromini/miniconda3/envs/neural/lib/python3.9/site-packages/optuna/distributions.py:545: UserWarning:

The distribution is specified by [0.001, 1] and q=0.1, but the range is not divisible by `q`. It will be replaced by [0.001, 0.901].

/mnt/beegfs/home/quattromini/miniconda3/envs/neural/lib/python3.9/site-packages/optuna/distributions.py:545: UserWarning:

The distribution is specified by [0.001, 20] and q=0.1, but the range is not divisible by `q`. It will be replaced by [0.001, 19.901].

[33m[W 2022-03-16 12:20:07,454][0m Trial 87 failed, because the value None could not be cast to float.[0m
/mnt/beegfs/home/quattromini/miniconda3/envs/neural/lib/python3.9/site-packages/optuna/distributions.py:545: UserWarning:

The distribution is specified by [0.001, 1] and q=0.1, but the range is not divisible by `q`. It will be replaced by [0.001, 0.901].

/mnt/beegfs/home/quattromini/miniconda3/envs/neural/lib/python3.9/site-packages/optuna/distributions.py:545: UserWarning:

The distribution is specified by [0.001, 20] and q=0.1, but the range is not divisible by `q`. It will be replaced by [0.001, 19.901].

[32m[I 2022-03-16 12:20:08,213][0m Trial 88 finished with value: 0.2847553491592407 and parameters: {'latent_dimension': 2, 'k': 4, 'gamma': 0.001, 'alpha': 2.001}. Best is trial 8 with value: 0.02335861138999462.[0m
/mnt/beegfs/home/quattromini/miniconda3/envs/neural/lib/python3.9/site-packages/optuna/distributions.py:545: UserWarning:

The distribution is specified by [0.001, 1] and q=0.1, but the range is not divisible by `q`. It will be replaced by [0.001, 0.901].

/mnt/beegfs/home/quattromini/miniconda3/envs/neural/lib/python3.9/site-packages/optuna/distributions.py:545: UserWarning:

The distribution is specified by [0.001, 20] and q=0.1, but the range is not divisible by `q`. It will be replaced by [0.001, 19.901].

[32m[I 2022-03-16 12:20:09,554][0m Trial 89 finished with value: 520.4949340820312 and parameters: {'latent_dimension': 48, 'k': 6, 'gamma': 0.501, 'alpha': 11.001}. Best is trial 8 with value: 0.02335861138999462.[0m
/mnt/beegfs/home/quattromini/miniconda3/envs/neural/lib/python3.9/site-packages/optuna/distributions.py:545: UserWarning:

The distribution is specified by [0.001, 1] and q=0.1, but the range is not divisible by `q`. It will be replaced by [0.001, 0.901].

/mnt/beegfs/home/quattromini/miniconda3/envs/neural/lib/python3.9/site-packages/optuna/distributions.py:545: UserWarning:

The distribution is specified by [0.001, 20] and q=0.1, but the range is not divisible by `q`. It will be replaced by [0.001, 19.901].

