[32m[I 2022-03-16 12:13:51,456][0m Trial 31 finished with value: 3.0890917778015137 and parameters: {'latent_dimension': 25, 'k': 42, 'gamma': 0.501, 'alpha': 1.001}. Best is trial 8 with value: 0.02335861138999462.[0m
/mnt/beegfs/home/quattromini/miniconda3/envs/neural/lib/python3.9/site-packages/optuna/distributions.py:545: UserWarning:

The distribution is specified by [0.001, 1] and q=0.1, but the range is not divisible by `q`. It will be replaced by [0.001, 0.901].

/mnt/beegfs/home/quattromini/miniconda3/envs/neural/lib/python3.9/site-packages/optuna/distributions.py:545: UserWarning:

The distribution is specified by [0.001, 20] and q=0.1, but the range is not divisible by `q`. It will be replaced by [0.001, 19.901].

[33m[W 2022-03-16 12:14:02,460][0m Trial 32 failed, because the value None could not be cast to float.[0m
/mnt/beegfs/home/quattromini/miniconda3/envs/neural/lib/python3.9/site-packages/optuna/distributions.py:545: UserWarning:

The distribution is specified by [0.001, 1] and q=0.1, but the range is not divisible by `q`. It will be replaced by [0.001, 0.901].

/mnt/beegfs/home/quattromini/miniconda3/envs/neural/lib/python3.9/site-packages/optuna/distributions.py:545: UserWarning:

The distribution is specified by [0.001, 20] and q=0.1, but the range is not divisible by `q`. It will be replaced by [0.001, 19.901].

[33m[W 2022-03-16 12:14:08,082][0m Trial 33 failed, because the value None could not be cast to float.[0m
/mnt/beegfs/home/quattromini/miniconda3/envs/neural/lib/python3.9/site-packages/optuna/distributions.py:545: UserWarning:

The distribution is specified by [0.001, 1] and q=0.1, but the range is not divisible by `q`. It will be replaced by [0.001, 0.901].

/mnt/beegfs/home/quattromini/miniconda3/envs/neural/lib/python3.9/site-packages/optuna/distributions.py:545: UserWarning:

The distribution is specified by [0.001, 20] and q=0.1, but the range is not divisible by `q`. It will be replaced by [0.001, 19.901].

[33m[W 2022-03-16 12:14:10,990][0m Trial 34 failed, because the value None could not be cast to float.[0m
/mnt/beegfs/home/quattromini/miniconda3/envs/neural/lib/python3.9/site-packages/optuna/distributions.py:545: UserWarning:

The distribution is specified by [0.001, 1] and q=0.1, but the range is not divisible by `q`. It will be replaced by [0.001, 0.901].

/mnt/beegfs/home/quattromini/miniconda3/envs/neural/lib/python3.9/site-packages/optuna/distributions.py:545: UserWarning:

The distribution is specified by [0.001, 20] and q=0.1, but the range is not divisible by `q`. It will be replaced by [0.001, 19.901].

[32m[I 2022-03-16 12:14:11,991][0m Trial 35 finished with value: 2.322187662124634 and parameters: {'latent_dimension': 25, 'k': 4, 'gamma': 0.801, 'alpha': 6.901000000000001}. Best is trial 8 with value: 0.02335861138999462.[0m
/mnt/beegfs/home/quattromini/miniconda3/envs/neural/lib/python3.9/site-packages/optuna/distributions.py:545: UserWarning:

The distribution is specified by [0.001, 1] and q=0.1, but the range is not divisible by `q`. It will be replaced by [0.001, 0.901].

/mnt/beegfs/home/quattromini/miniconda3/envs/neural/lib/python3.9/site-packages/optuna/distributions.py:545: UserWarning:

The distribution is specified by [0.001, 20] and q=0.1, but the range is not divisible by `q`. It will be replaced by [0.001, 19.901].

[32m[I 2022-03-16 12:14:22,347][0m Trial 36 finished with value: 213.57225036621094 and parameters: {'latent_dimension': 35, 'k': 66, 'gamma': 0.7010000000000001, 'alpha': 1.101}. Best is trial 8 with value: 0.02335861138999462.[0m
/mnt/beegfs/home/quattromini/miniconda3/envs/neural/lib/python3.9/site-packages/optuna/distributions.py:545: UserWarning:

The distribution is specified by [0.001, 1] and q=0.1, but the range is not divisible by `q`. It will be replaced by [0.001, 0.901].

/mnt/beegfs/home/quattromini/miniconda3/envs/neural/lib/python3.9/site-packages/optuna/distributions.py:545: UserWarning:

The distribution is specified by [0.001, 20] and q=0.1, but the range is not divisible by `q`. It will be replaced by [0.001, 19.901].

[33m[W 2022-03-16 12:14:30,862][0m Trial 37 failed, because the value None could not be cast to float.[0m
/mnt/beegfs/home/quattromini/miniconda3/envs/neural/lib/python3.9/site-packages/optuna/distributions.py:545: UserWarning:

The distribution is specified by [0.001, 1] and q=0.1, but the range is not divisible by `q`. It will be replaced by [0.001, 0.901].

/mnt/beegfs/home/quattromini/miniconda3/envs/neural/lib/python3.9/site-packages/optuna/distributions.py:545: UserWarning:

The distribution is specified by [0.001, 20] and q=0.1, but the range is not divisible by `q`. It will be replaced by [0.001, 19.901].

[32m[I 2022-03-16 12:14:33,369][0m Trial 38 finished with value: 892.434814453125 and parameters: {'latent_dimension': 20, 'k': 11, 'gamma': 0.201, 'alpha': 8.801}. Best is trial 8 with value: 0.02335861138999462.[0m
/mnt/beegfs/home/quattromini/miniconda3/envs/neural/lib/python3.9/site-packages/optuna/distributions.py:545: UserWarning:

The distribution is specified by [0.001, 1] and q=0.1, but the range is not divisible by `q`. It will be replaced by [0.001, 0.901].

/mnt/beegfs/home/quattromini/miniconda3/envs/neural/lib/python3.9/site-packages/optuna/distributions.py:545: UserWarning:

The distribution is specified by [0.001, 20] and q=0.1, but the range is not divisible by `q`. It will be replaced by [0.001, 19.901].

[33m[W 2022-03-16 12:14:38,575][0m Trial 39 failed, because the value None could not be cast to float.[0m
/mnt/beegfs/home/quattromini/miniconda3/envs/neural/lib/python3.9/site-packages/optuna/distributions.py:545: UserWarning:

The distribution is specified by [0.001, 1] and q=0.1, but the range is not divisible by `q`. It will be replaced by [0.001, 0.901].

/mnt/beegfs/home/quattromini/miniconda3/envs/neural/lib/python3.9/site-packages/optuna/distributions.py:545: UserWarning:

The distribution is specified by [0.001, 20] and q=0.1, but the range is not divisible by `q`. It will be replaced by [0.001, 19.901].

[33m[W 2022-03-16 12:14:46,064][0m Trial 40 failed, because the value None could not be cast to float.[0m
/mnt/beegfs/home/quattromini/miniconda3/envs/neural/lib/python3.9/site-packages/optuna/distributions.py:545: UserWarning:

The distribution is specified by [0.001, 1] and q=0.1, but the range is not divisible by `q`. It will be replaced by [0.001, 0.901].

/mnt/beegfs/home/quattromini/miniconda3/envs/neural/lib/python3.9/site-packages/optuna/distributions.py:545: UserWarning:

The distribution is specified by [0.001, 20] and q=0.1, but the range is not divisible by `q`. It will be replaced by [0.001, 19.901].

[33m[W 2022-03-16 12:14:58,169][0m Trial 41 failed, because the value None could not be cast to float.[0m
/mnt/beegfs/home/quattromini/miniconda3/envs/neural/lib/python3.9/site-packages/optuna/distributions.py:545: UserWarning:

The distribution is specified by [0.001, 1] and q=0.1, but the range is not divisible by `q`. It will be replaced by [0.001, 0.901].

/mnt/beegfs/home/quattromini/miniconda3/envs/neural/lib/python3.9/site-packages/optuna/distributions.py:545: UserWarning:

The distribution is specified by [0.001, 20] and q=0.1, but the range is not divisible by `q`. It will be replaced by [0.001, 19.901].

[32m[I 2022-03-16 12:15:08,597][0m Trial 42 finished with value: 2736.72998046875 and parameters: {'latent_dimension': 38, 'k': 64, 'gamma': 0.801, 'alpha': 1.901}. Best is trial 8 with value: 0.02335861138999462.[0m
/mnt/beegfs/home/quattromini/miniconda3/envs/neural/lib/python3.9/site-packages/optuna/distributions.py:545: UserWarning:

The distribution is specified by [0.001, 1] and q=0.1, but the range is not divisible by `q`. It will be replaced by [0.001, 0.901].

/mnt/beegfs/home/quattromini/miniconda3/envs/neural/lib/python3.9/site-packages/optuna/distributions.py:545: UserWarning:

The distribution is specified by [0.001, 20] and q=0.1, but the range is not divisible by `q`. It will be replaced by [0.001, 19.901].

[32m[I 2022-03-16 12:15:09,987][0m Trial 43 finished with value: 13.031235694885254 and parameters: {'latent_dimension': 42, 'k': 6, 'gamma': 0.501, 'alpha': 6.401000000000001}. Best is trial 8 with value: 0.02335861138999462.[0m
/mnt/beegfs/home/quattromini/miniconda3/envs/neural/lib/python3.9/site-packages/optuna/distributions.py:545: UserWarning:

The distribution is specified by [0.001, 1] and q=0.1, but the range is not divisible by `q`. It will be replaced by [0.001, 0.901].

/mnt/beegfs/home/quattromini/miniconda3/envs/neural/lib/python3.9/site-packages/optuna/distributions.py:545: UserWarning:

The distribution is specified by [0.001, 20] and q=0.1, but the range is not divisible by `q`. It will be replaced by [0.001, 19.901].

[33m[W 2022-03-16 12:15:20,064][0m Trial 44 failed, because the value None could not be cast to float.[0m
/mnt/beegfs/home/quattromini/miniconda3/envs/neural/lib/python3.9/site-packages/optuna/distributions.py:545: UserWarning:

The distribution is specified by [0.001, 1] and q=0.1, but the range is not divisible by `q`. It will be replaced by [0.001, 0.901].

/mnt/beegfs/home/quattromini/miniconda3/envs/neural/lib/python3.9/site-packages/optuna/distributions.py:545: UserWarning:

The distribution is specified by [0.001, 20] and q=0.1, but the range is not divisible by `q`. It will be replaced by [0.001, 19.901].

[33m[W 2022-03-16 12:15:24,332][0m Trial 45 failed, because the value None could not be cast to float.[0m
/mnt/beegfs/home/quattromini/miniconda3/envs/neural/lib/python3.9/site-packages/optuna/distributions.py:545: UserWarning:

The distribution is specified by [0.001, 1] and q=0.1, but the range is not divisible by `q`. It will be replaced by [0.001, 0.901].

/mnt/beegfs/home/quattromini/miniconda3/envs/neural/lib/python3.9/site-packages/optuna/distributions.py:545: UserWarning:

The distribution is specified by [0.001, 20] and q=0.1, but the range is not divisible by `q`. It will be replaced by [0.001, 19.901].

[33m[W 2022-03-16 12:15:34,159][0m Trial 46 failed, because the value None could not be cast to float.[0m
/mnt/beegfs/home/quattromini/miniconda3/envs/neural/lib/python3.9/site-packages/optuna/distributions.py:545: UserWarning:

The distribution is specified by [0.001, 1] and q=0.1, but the range is not divisible by `q`. It will be replaced by [0.001, 0.901].

/mnt/beegfs/home/quattromini/miniconda3/envs/neural/lib/python3.9/site-packages/optuna/distributions.py:545: UserWarning:

The distribution is specified by [0.001, 20] and q=0.1, but the range is not divisible by `q`. It will be replaced by [0.001, 19.901].

[32m[I 2022-03-16 12:15:44,274][0m Trial 47 finished with value: 371.30712890625 and parameters: {'latent_dimension': 25, 'k': 65, 'gamma': 0.401, 'alpha': 1.901}. Best is trial 8 with value: 0.02335861138999462.[0m
/mnt/beegfs/home/quattromini/miniconda3/envs/neural/lib/python3.9/site-packages/optuna/distributions.py:545: UserWarning:

The distribution is specified by [0.001, 1] and q=0.1, but the range is not divisible by `q`. It will be replaced by [0.001, 0.901].

/mnt/beegfs/home/quattromini/miniconda3/envs/neural/lib/python3.9/site-packages/optuna/distributions.py:545: UserWarning:

The distribution is specified by [0.001, 20] and q=0.1, but the range is not divisible by `q`. It will be replaced by [0.001, 19.901].

[33m[W 2022-03-16 12:15:52,278][0m Trial 48 failed, because the value None could not be cast to float.[0m
/mnt/beegfs/home/quattromini/miniconda3/envs/neural/lib/python3.9/site-packages/optuna/distributions.py:545: UserWarning:

The distribution is specified by [0.001, 1] and q=0.1, but the range is not divisible by `q`. It will be replaced by [0.001, 0.901].

/mnt/beegfs/home/quattromini/miniconda3/envs/neural/lib/python3.9/site-packages/optuna/distributions.py:545: UserWarning:

The distribution is specified by [0.001, 20] and q=0.1, but the range is not divisible by `q`. It will be replaced by [0.001, 19.901].

[32m[I 2022-03-16 12:16:02,305][0m Trial 49 finished with value: 112.13957214355469 and parameters: {'latent_dimension': 39, 'k': 61, 'gamma': 0.7010000000000001, 'alpha': 1.001}. Best is trial 8 with value: 0.02335861138999462.[0m
/mnt/beegfs/home/quattromini/miniconda3/envs/neural/lib/python3.9/site-packages/optuna/distributions.py:545: UserWarning:

The distribution is specified by [0.001, 1] and q=0.1, but the range is not divisible by `q`. It will be replaced by [0.001, 0.901].

/mnt/beegfs/home/quattromini/miniconda3/envs/neural/lib/python3.9/site-packages/optuna/distributions.py:545: UserWarning:

The distribution is specified by [0.001, 20] and q=0.1, but the range is not divisible by `q`. It will be replaced by [0.001, 19.901].

[33m[W 2022-03-16 12:16:07,877][0m Trial 50 failed, because the value None could not be cast to float.[0m
/mnt/beegfs/home/quattromini/miniconda3/envs/neural/lib/python3.9/site-packages/optuna/distributions.py:545: UserWarning:

The distribution is specified by [0.001, 1] and q=0.1, but the range is not divisible by `q`. It will be replaced by [0.001, 0.901].

/mnt/beegfs/home/quattromini/miniconda3/envs/neural/lib/python3.9/site-packages/optuna/distributions.py:545: UserWarning:

The distribution is specified by [0.001, 20] and q=0.1, but the range is not divisible by `q`. It will be replaced by [0.001, 19.901].

[32m[I 2022-03-16 12:16:08,790][0m Trial 51 finished with value: 2.6781108379364014 and parameters: {'latent_dimension': 12, 'k': 3, 'gamma': 0.201, 'alpha': 13.201}. Best is trial 8 with value: 0.02335861138999462.[0m
/mnt/beegfs/home/quattromini/miniconda3/envs/neural/lib/python3.9/site-packages/optuna/distributions.py:545: UserWarning:

The distribution is specified by [0.001, 1] and q=0.1, but the range is not divisible by `q`. It will be replaced by [0.001, 0.901].

/mnt/beegfs/home/quattromini/miniconda3/envs/neural/lib/python3.9/site-packages/optuna/distributions.py:545: UserWarning:

The distribution is specified by [0.001, 20] and q=0.1, but the range is not divisible by `q`. It will be replaced by [0.001, 19.901].

[32m[I 2022-03-16 12:16:10,335][0m Trial 52 finished with value: 0.16027416288852692 and parameters: {'latent_dimension': 35, 'k': 7, 'gamma': 0.6010000000000001, 'alpha': 1.101}. Best is trial 8 with value: 0.02335861138999462.[0m
/mnt/beegfs/home/quattromini/miniconda3/envs/neural/lib/python3.9/site-packages/optuna/distributions.py:545: UserWarning:

The distribution is specified by [0.001, 1] and q=0.1, but the range is not divisible by `q`. It will be replaced by [0.001, 0.901].

/mnt/beegfs/home/quattromini/miniconda3/envs/neural/lib/python3.9/site-packages/optuna/distributions.py:545: UserWarning:

The distribution is specified by [0.001, 20] and q=0.1, but the range is not divisible by `q`. It will be replaced by [0.001, 19.901].

[32m[I 2022-03-16 12:16:11,197][0m Trial 53 finished with value: 0.2642042934894562 and parameters: {'latent_dimension': 33, 'k': 3, 'gamma': 0.201, 'alpha': 2.9010000000000002}. Best is trial 8 with value: 0.02335861138999462.[0m
/mnt/beegfs/home/quattromini/miniconda3/envs/neural/lib/python3.9/site-packages/optuna/distributions.py:545: UserWarning:

The distribution is specified by [0.001, 1] and q=0.1, but the range is not divisible by `q`. It will be replaced by [0.001, 0.901].

/mnt/beegfs/home/quattromini/miniconda3/envs/neural/lib/python3.9/site-packages/optuna/distributions.py:545: UserWarning:

The distribution is specified by [0.001, 20] and q=0.1, but the range is not divisible by `q`. It will be replaced by [0.001, 19.901].

[32m[I 2022-03-16 12:16:21,598][0m Trial 54 finished with value: 74280.53125 and parameters: {'latent_dimension': 25, 'k': 66, 'gamma': 0.7010000000000001, 'alpha': 2.101}. Best is trial 8 with value: 0.02335861138999462.[0m
/mnt/beegfs/home/quattromini/miniconda3/envs/neural/lib/python3.9/site-packages/optuna/distributions.py:545: UserWarning:

The distribution is specified by [0.001, 1] and q=0.1, but the range is not divisible by `q`. It will be replaced by [0.001, 0.901].

/mnt/beegfs/home/quattromini/miniconda3/envs/neural/lib/python3.9/site-packages/optuna/distributions.py:545: UserWarning:

The distribution is specified by [0.001, 20] and q=0.1, but the range is not divisible by `q`. It will be replaced by [0.001, 19.901].

[32m[I 2022-03-16 12:16:25,471][0m Trial 55 finished with value: 18216.30859375 and parameters: {'latent_dimension': 1, 'k': 41, 'gamma': 0.7010000000000001, 'alpha': 14.201}. Best is trial 8 with value: 0.02335861138999462.[0m
/mnt/beegfs/home/quattromini/miniconda3/envs/neural/lib/python3.9/site-packages/optuna/distributions.py:545: UserWarning:

The distribution is specified by [0.001, 1] and q=0.1, but the range is not divisible by `q`. It will be replaced by [0.001, 0.901].

/mnt/beegfs/home/quattromini/miniconda3/envs/neural/lib/python3.9/site-packages/optuna/distributions.py:545: UserWarning:

The distribution is specified by [0.001, 20] and q=0.1, but the range is not divisible by `q`. It will be replaced by [0.001, 19.901].

[32m[I 2022-03-16 12:16:26,128][0m Trial 56 finished with value: 0.47918957471847534 and parameters: {'latent_dimension': 6, 'k': 3, 'gamma': 0.6010000000000001, 'alpha': 3.001}. Best is trial 8 with value: 0.02335861138999462.[0m
/mnt/beegfs/home/quattromini/miniconda3/envs/neural/lib/python3.9/site-packages/optuna/distributions.py:545: UserWarning:

The distribution is specified by [0.001, 1] and q=0.1, but the range is not divisible by `q`. It will be replaced by [0.001, 0.901].

/mnt/beegfs/home/quattromini/miniconda3/envs/neural/lib/python3.9/site-packages/optuna/distributions.py:545: UserWarning:

The distribution is specified by [0.001, 20] and q=0.1, but the range is not divisible by `q`. It will be replaced by [0.001, 19.901].

[33m[W 2022-03-16 12:16:31,667][0m Trial 57 failed, because the value None could not be cast to float.[0m
/mnt/beegfs/home/quattromini/miniconda3/envs/neural/lib/python3.9/site-packages/optuna/distributions.py:545: UserWarning:

The distribution is specified by [0.001, 1] and q=0.1, but the range is not divisible by `q`. It will be replaced by [0.001, 0.901].

/mnt/beegfs/home/quattromini/miniconda3/envs/neural/lib/python3.9/site-packages/optuna/distributions.py:545: UserWarning:

The distribution is specified by [0.001, 20] and q=0.1, but the range is not divisible by `q`. It will be replaced by [0.001, 19.901].

[33m[W 2022-03-16 12:16:40,090][0m Trial 58 failed, because the value None could not be cast to float.[0m
/mnt/beegfs/home/quattromini/miniconda3/envs/neural/lib/python3.9/site-packages/optuna/distributions.py:545: UserWarning:

The distribution is specified by [0.001, 1] and q=0.1, but the range is not divisible by `q`. It will be replaced by [0.001, 0.901].

/mnt/beegfs/home/quattromini/miniconda3/envs/neural/lib/python3.9/site-packages/optuna/distributions.py:545: UserWarning:

The distribution is specified by [0.001, 20] and q=0.1, but the range is not divisible by `q`. It will be replaced by [0.001, 19.901].

